
BPR DEVELOPMENT TEAM
Project : GeoFacets-Project A
Version : v1.0.7
**************************************************


File Name: G:\Shaikha\TABLE\BATCH 38\PDF\22-3-2021\102118181561MS\102118181561MS\Table\main_102118181561MS_tbl.xml


Uncited Reference

Table: 

<linkTarget id="link-16" type="bib">
  <bib id="BIB1">
    <author>
      <first-name>O.</first-name>
      <last-name>Abdelghany</last-name>
    </author>, <pubDate>2002</pubDate>, <article-title>Biostratigraphy (Turborotalia cunialensis/Cribrohantkenina inflata Concurrent-Range Zone, P16) of the Late Eocene Dammam Formation, west of the Northern Oman Mountains </article-title>. <i><journal-title>Micropaleontology </journal-title></i><i> </i><volume>48</volume>, <pages><first-page>209</first-page><last-page>221</last-page></pages>.</bib>
</linkTarget>

<linkTarget id="link-17" type="bib">
  <bib id="BIB2">
    <author>
      <first-name>O.</first-name>
      <last-name>Abdullaltif</last-name>
    </author>, <pubDate>2010</pubDate>, <article-title>Geomechanical properties and rock mass quality of the carbonate Rus Formation, Dammam Dome, Saudi Arabia, <i>Arabian J. Sci. and Eng.</i> </article-title>, <journal-title>35 , 2A </journal-title>, <pages><first-page>173</first-page><last-page>197</last-page></pages>.</bib>
</linkTarget>

<linkTarget id="link-18" type="bib">
  <bib id="BIB3">
    <author>
      <first-name>H. H.</first-name>
      <last-name>Al-Attar</last-name>
    </author>, <pubDate>2010</pubDate>, <article-title>Experimental study of spontaneous capillary imbibition in selected carbonates </article-title>, <i><journal-title>J. Petrol. Science and Engineering </journal-title></i>, <volume>70</volume>, <pages><first-page>320</first-page><last-page>326</last-page></pages>.</bib>
</linkTarget>

<linkTarget id="link-19" type="bib">
  <bib id="BIB4">
    <author>
      <first-name>C.</first-name>
      <last-name>Straley</last-name>
    </author>, <author><first-name>D.</first-name><last-name>Rossini</last-name></author>, <author><first-name>H.</first-name><last-name>Vinegar</last-name></author>, <author><first-name>P.</first-name><last-name>Tutunjian</last-name></author> and <author><first-name>C.</first-name><last-name>Moriss</last-name></author>, <pubDate>1994</pubDate>, <article-title>Core analyis by low field NMR </article-title>, <journal-title>SCA-9404 </journal-title>, <pages><first-page>43</first-page><last-page>56</last-page></pages>.</bib>
</linkTarget>



**************************************************
