
BPR DEVELOPMENT TEAM
Project : GeoFacets-Project A
Version : v1.0.7
**************************************************


File Name: E:\Bavi\XML Table\Batch_38\26-03-2021\102118189556MS\102118189556MS\Table\main_102118189556MS_tbl.xml


Uncited Reference

Table: 

<linkTarget id="link-23" type="bib">
  <bib id="BIB1">
    <author>
      <first-name>N.</first-name>
      <last-name>Stronach</last-name>, </author> <pubDate>2016</pubDate>. <article-title>Growth and Future Prospects of Central Atlantic African Exploration. Gaffney Cline and Associates</article-title>. http://gaffney-cline-focus.com/atlantic-african-exploration [accessed 14 November 2017].</bib>
</linkTarget>

<linkTarget id="link-24" type="bib">
  <bib id="BIB2">
    <author>
      <first-name>A.</first-name>
      <last-name>Al-Khalifah</last-name>, </author> <pubDate>2011</pubDate>. <article-title>Sand Problem in Oil Wells</article-title>. https://www.slideshare.net/the_duke7/sand-problem-in-oil-wells [accessed 16 October 2017]</bib>
</linkTarget>

<linkTarget id="link-25" type="bib">
  <bib id="BIB3">
    <author>
      <first-name>M.</first-name>
      <last-name>Sanchez</last-name>, </author>, and <author><first-name>R.</first-name><last-name>Tibbles</last-name>, </author> <pubDate>2007</pubDate>. <article-title>Frac Packing: Fracturing for Sand Control. Schlumberger. Middle East and Asia Reservoir Review</article-title>.</bib>
</linkTarget>



**************************************************
