
BPR DEVELOPMENT TEAM
Project : GeoFacets-Project A
Version : v1.0.7
**************************************************


File Name: G:\Shaikha\TABLE\BATCH 38\PDF\24-3-2021\25-3-2021\102118186968MS\102118186968MS\Table\main_102118186968MS_tbl.xml


Uncited Reference

Table: 

<linkTarget id="link-13" type="bib">
  <bib id="BIB1">
    <author>
      <first-name>C. H.</first-name>
      <last-name>Reminton</last-name>
    </author>, <author><first-name>U.</first-name><last-name>AND Pranyoto</last-name></author>, <pubDate>1985</pubDate>. <article-title>A hydrocarbon generation analysis in Northwest Java Basin using lopatin's method </article-title>,<journal-title>Proceedings of the Indonesian Petroleum Association 14th Annual Convention</journal-title>.</bib>
</linkTarget>

<linkTarget id="link-14" type="bib">
  <bib id="BIB2">
    <author>
      <first-name>R.</first-name>
      <last-name>Ryacudu</last-name>
    </author>, <author><first-name>A.</first-name><last-name>AND Bachtiar</last-name></author>, <pubDate>2000</pubDate>. <article-title>The status of the OO-Brebes fault system, ad its implication to hydrocarbon exploration in the Eastern part of North West Java Basin </article-title>, <journal-title>Proceedings of the Indonesian Petroleum Association 27th Annual Convention</journal-title>.</bib>
</linkTarget>

<linkTarget id="link-15" type="bib">
  <bib id="BIB3">
    <author>
      <first-name>R.</first-name>
      <last-name>Sagita</last-name>
    </author>, <pubDate>dkk, 2008</pubDate>. <article-title>Reservoir Characterization of Complex Basement-Dayung </article-title>, <journal-title>Proceedings of the Indonesian Petroleum Association 32th Annual Convention. Indonesia : Jakarta</journal-title>.</bib>
</linkTarget>



**************************************************
