
BPR DEVELOPMENT TEAM
Project : GeoFacets-Project A
Version : v1.0.7
**************************************************


File Name: G:\SATHYA\xml-table\BATCH-38\31.3.2021\102118191862MS\102118191862MS\Table\main_102118191862MS_tbl.xml


Uncited Reference

Table: 

<linkTarget id="link-22" type="bib">
  <bib id="BIB1">
    <author>
      <first-name>P. K.</first-name>
      <last-name>Ghahfarokhi</last-name>
    </author>, <author><first-name>T.</first-name><last-name>Carr</last-name></author>, <author><first-name>L.</first-name><last-name>Song</last-name></author> et al. <pubDate>2018</pubDate>. <article-title>Seismic Attributes Application for the Distributed Acoustic Sensing Data for the Marcellus Shale: New Insights to Cross-Stage Flow Communication. Presented at the SPE Hydraulic Fracturing Technology Conference and Exhibition, The Woodlands, Texas, USA </article-title>,  23-25 January. https://doi.org/10.2118/189888-MS</bib>
</linkTarget>

<linkTarget id="link-23" type="bib">
  <bib id="BIB2">
    <author>
      <first-name>P.</first-name>
      <last-name>Pankaj</last-name>
    </author>, <author><first-name>K.</first-name><last-name>Gakhar</last-name></author>, and <author><first-name>G.</first-name><last-name>Lindsay</last-name></author> <pubDate>2016</pubDate>. <article-title>When to Refrac? Combination of Reservoir Geomechanics with Fracture Modeling and Reservoir Simulation Holds the Answer. Presented at the SPE Asia Pacific Oil $piamp$$ Gas Conference and Exhibition, Perth, Australia </article-title>, 25-27 October. https://doi.org/10.2118/182161-MS</bib>
</linkTarget>



**************************************************
