
BPR DEVELOPMENT TEAM
Project : GeoFacets-Project A
Version : v1.0.7
**************************************************


File Name: E:\Dinesh08\XML_Table\Table\Batch-38\27-3-2021\102118185724MS\102118185724MS\Table\main_102118185724MS_tbl.xml


Uncited Reference

Table: 

<linkTarget id="link-9" type="bib">
  <bib id="BIB1">
    <author>
      <first-name>A. B.</first-name>
      <last-name>Alkouh</last-name>
    </author>, <author><first-name>S. F.</first-name><last-name>Mcketta</last-name></author>, and <author><first-name>R. A.</first-name><last-name>Wattenbarger</last-name></author> <pubDate>2013</pubDate>. <article-title>Estimation of Fracture Volume Using Water Flowback and Production Data for Shale Gas Wells. Paper SPE 166279 presented at the SPE Annual Technical Conference and Exhibition held in the New Orleans, Louisiana, USA, 30 September $piamp$$#x2013;2 October </article-title>. SPE-166279-MS. http://dx.doi.org/10.2118/166279-MS.</bib>
</linkTarget>

<linkTarget id="link-11" type="bib">
  <bib id="BIB3">
    <author>
      <first-name>C. R.</first-name>
      <last-name>Clarkson</last-name>
    </author> and <author><first-name>F.</first-name><last-name>Qanbari</last-name></author>, and Williams-Kovacs, J.D. <pubDate>2016b</pubDate>. <article-title>Semi-Analytical Model for Matching Flowback and Early-Time Production of Multi-Fractured Horizontal Tight Oil Wells </article-title>. <i><journal-title>J. Unc. Oil Gas Res. </journal-title></i><i> </i><b><volume>15</volume></b>: <pages><first-page>134</first-page><last-page>145</last-page></pages>. http://dx.doi.org/10.1016/j.juogr.2016.07.002.</bib>
</linkTarget>



**************************************************
