
BPR DEVELOPMENT TEAM
Project : GeoFacets-Project A
Version : v1.0.7
**************************************************


File Name: G:\Shaikha\TABLE\BATCH 38\PDF\18-3-2021\102118179536MS\102118179536MS\Image\main_102118179536MS_img.xml


Uncited Reference

Image: 

<linkTarget id="link-14" type="bib">
<bib id="BIB1">
<last-name>Baker</last-name>
<author>
<first-name>R.</first-name>
<last-name>Baker</last-name>
</author>, <last-name>Gregor</last-name>, <author><first-name>V.</first-name><last-name>Gregor</last-name></author>; &amp;#x201C;<article-title>Fracture Characterization of the Wainwright Pool&amp;#x201D;, PETSOC 88-39-45, Cal </article-title>gary, June <pubDate>1988.</pubDate></bib>
</linkTarget>

<linkTarget id="link-15" type="bib">
<bib id="BIB2">
<last-name>Wright</last-name>
<author>
<first-name>C. A.</first-name>
<last-name>Wright</last-name>
</author>, <article-title>&amp;#x201C;Understanding Hydraulic Fracture Growth: Tricky but not Hopefess&amp;#x201D; </article-title>, 1999 SPE <volume>56724</volume>, Houston, October <pubDate>1999</pubDate>.</bib>
</linkTarget>



**************************************************
