
BPR DEVELOPMENT TEAM
Project : GeoFacets-Project A
Version : v1.0.7
**************************************************


File Name: E:\Bavi\XML Table\Batch_38\27-03-2021\102118188837MS\102118188837MS\Image\main_102118188837MS_img.xml


Uncited Reference

Image: 

<linkTarget id="link-14" type="bib">
<bib id="BIB2">
<author>
<first-name>S.</first-name>
<last-name>Pous</last-name>
</author>, <author><first-name>X.</first-name><last-name>Carton</last-name></author>, and <author><first-name>P.</first-name><last-name>Lazure</last-name></author> <pubDate>2012</pubDate>. <article-title>A Process Study of the Tidal Circulation in the Persian Gulf</article-title>. <journal-title><i>Open Journal of Marine Science</i></journal-title>, <volume>2</volume>: <pages><first-page>131</first-page><last-page>140</last-page></pages>. http://dx.doi.org/10.4236/ojms.2012.24016.</bib>
</linkTarget>

<linkTarget id="link-15" type="bib">
<bib id="BIB3">
<author>
<first-name>S.</first-name>
<last-name>Pous</last-name>
</author>, <author><first-name>X.</first-name><last-name>Carton</last-name></author>, and <author><first-name>P.</first-name><last-name>Lazure</last-name></author> <pubDate>2012</pubDate>. <article-title>A Process Study of the Tidal Circulation in the Persian Gulf</article-title>. <journal-title><i>Open Journal of Marine Science</i></journal-title>, <volume>2</volume>: <pages><first-page>131</first-page><last-page>140</last-page></pages>. http://dx.doi.org/10.4236/ojms.2012.24016.</bib>
</linkTarget>



**************************************************
