
BPR DEVELOPMENT TEAM
Project : GeoFacets-Project A
Version : v1.0.7
**************************************************


File Name: E:\Dinesh08\XML_Table\Table\Batch-38\30-3-2021\Process\102118191793MS\102118191793MS\Table\main_102118191793MS_tbl.xml


Uncited Reference

Table: 

<linkTarget id="link-16" type="bib">
  <bib id="BIB1">
    <author>
      <first-name>T.</first-name>
      <last-name>Smith</last-name>, </author> <pubDate>2012</pubDate>.  <article-title>From Trickle to Gusher: The Bakken Oil Story </article-title><i />. p&gt;https://www.geoexpro.com/articles/2012/05/from-trickle-to-gusher-the-bakken-oil-story (accessed 26 <pubDate>June 2018</pubDate>).</bib>
</linkTarget>

<linkTarget id="link-17" type="bib">
  <bib id="BIB2">
    <author>
      <first-name>S.</first-name>
      <last-name>Kumar</last-name>
    </author>, <author><first-name>T.</first-name><last-name>Hoffman</last-name></author>, and <author><first-name>M.</first-name><last-name>Prasad</last-name></author> <pubDate>2013</pubDate>. <article-title>Upper and Lower Bakken Shale Production Contribution to the Middle Bakken Reservoir. Presented at the Unconventional Resources Technology Conference, Denver, Colorado, USA, 12$piamp$$#x2013;14 August </article-title>. URTEC-1581459-MS.</bib>
</linkTarget>

<linkTarget id="link-18" type="bib">
  <bib id="BIB3">
    <author>
      <first-name>S.</first-name>
      <last-name>Kumar</last-name>
    </author>, <author><first-name>T.</first-name><last-name>Hoffman</last-name></author>, and <author><first-name>M.</first-name><last-name>Prasad</last-name></author> <pubDate>2013</pubDate>. <article-title>Upper and Lower Bakken Shale Production Contribution to the Middle Bakken Reservoir. Presented at the Unconventional Resources Technology Conference, Denver, Colorado, USA, 12$piamp$$#x2013;14 August </article-title>. URTEC-1581459-MS.</bib>
</linkTarget>

<linkTarget id="link-19" type="bib">
  <bib id="BIB4">
    <author>
      <first-name>S.</first-name>
      <last-name>Sonnenberg</last-name>
    </author> <pubDate>2015</pubDate>. <article-title>Keys to Production, Three Forks Formation, Williston Basin. Presented at the Unconventional Resources Technology Conference, San Antonio, Texas, USA, 20$piamp$$#x2013;22 July </article-title>. SPE-178510-MS. https://doi.org/10.2118/178510-MS.</bib>
</linkTarget>

<linkTarget id="link-20" type="bib">
  <bib id="BIB5">
    <author>
      <first-name>S.</first-name>
      <last-name>Sonnenberg</last-name>
    </author> <pubDate>2015</pubDate>. <article-title>Keys to Production, Three Forks Formation, Williston Basin. Presented at the Unconventional Resources Technology Conference, San Antonio, Texas, USA, 20$piamp$$#x2013;22 July </article-title>. SPE-178510-MS. https://doi.org/10.2118/178510-MS.</bib>
</linkTarget>

<linkTarget id="link-21" type="bib">
  <bib id="BIB6">
    <author>
      <first-name>H.</first-name>
      <last-name>Lu</last-name>
    </author>, <author><first-name>O.</first-name><last-name>Anifowosh</last-name></author>, and <author><first-name>L.</first-name><last-name>Xu</last-name></author> <pubDate>2018a</pubDate>. <article-title>Understanding the Impact of Production Slugging Behavior on Near-Wellbore Hydraulic Fracture and Formation Integrity. Presented at the SPE International Conference and Exhibition on Formation Damage Control, Lafayette, Lousiana, USA, 7$piamp$$#x2013;9 February </article-title>. SPE-189488-MS. https://doi.org/10.2118/189488-MS</bib>
</linkTarget>



**************************************************
