
BPR DEVELOPMENT TEAM
Project : GeoFacets-Project A
Version : v1.0.7
**************************************************


File Name: G:\Shaikha\TABLE\BATCH 38\PDF\24-3-2021\25-3-2021\102118186433MS\102118186433MS\Table\main_102118186433MS_tbl.xml


Uncited Reference

Table: 

<linkTarget id="link-16" type="bib">
  <bib id="BIB1">
    <author>
      <first-name>C.</first-name>
      <last-name>Baleanu</last-name>
    </author> <pubDate>2012</pubDate>. <article-title>Mereenie Stress. Australia: Santos Ltd</article-title>.</bib>
</linkTarget>

<linkTarget id="link-17" type="bib">
  <bib id="BIB2">
    <author>
      <last-name>Mahalib</last-name>
    </author>, and <author><first-name> G</first-name><last-name>Schumacher</last-name>,</author>. <pubDate>2013</pubDate>.<article-title>Mereenie Assets Management. Australia: Santos Ltd</article-title>.</bib>
</linkTarget>

<linkTarget id="link-18" type="bib">
  <bib id="BIB3">
    <author>
      <first-name>B. C.</first-name>
      <last-name>Craft</last-name>
    </author>, and <author><first-name>M.</first-name><last-name>Hawkins</last-name></author> <pubDate>1991</pubDate>.<article-title> Applied Petroleum Reservoir Engineering, The United States of America, Prentice-Hall, Inc</article-title>.</bib>
</linkTarget>



**************************************************
