
BPR DEVELOPMENT TEAM
Project : GeoFacets-Project A
Version : v1.0.7
**************************************************


File Name: E:\maha\table\23-3-21\102118184486STU\102118184486STU\Table\main_102118184486STU_tbl.xml


Uncited Reference

Table: 

<linkTarget id="link-26" type="bib">
  <bib id="BIB1">
    <last-name>Sorensen</last-name>
    <author>
      <first-name>J. A.</first-name>
      <last-name>Sorensen</last-name>
    </author>, <last-name>Schmidt</last-name>, <author><first-name>D.</first-name><last-name>Schmidt</last-name>, </author>, <last-name>Smith</last-name>, <author><first-name>S. A.</first-name><last-name>Smith</last-name>, </author>, <last-name>Bailey</last-name>, <author><first-name>T. P.</first-name><last-name>Bailey</last-name>, </author>, <last-name>Mibeck</last-name>, <author><first-name>B. A. A.</first-name><last-name>Mibeck</last-name>, </author>, <last-name>Harju</last-name>, <author><first-name>J. A.</first-name><last-name>Harju</last-name>, </author> <pubDate>2010</pubDate>. <article-title>Energy and Environmental Research Center Subtask 1.2-Evaluation of Key Factors Affecting Successful Oil Production in the Bakken Formation, North Dakota. DOE Award No: DE-FC26-08NT43291 </article-title>, <journal-title>May </journal-title> <pages><first-page>2010</first-page></pages>.</bib>
</linkTarget>

<linkTarget id="link-27" type="bib">
  <bib id="BIB2">
    <last-name>Theloy</last-name>
    <author>
      <first-name>C.</first-name>
      <last-name>Theloy</last-name>
    </author> <pubDate>2014</pubDate>. <article-title>Integration of Geological and Technological Factors Influencing Production in the Bakken Play </article-title>. Ph.D. Dissertation, Colorado School of Mines.</bib>
</linkTarget>

<linkTarget id="link-28" type="bib">
  <bib id="BIB3">
    <last-name>Poellitzer</last-name>
    <author>
      <first-name>S.</first-name>
      <last-name>Poellitzer</last-name>
    </author>, <last-name>Florian</last-name>, <author><first-name>T.</first-name><last-name>Florian</last-name>, </author>, $piamp$$ <last-name>Clemens</last-name>, <author><first-name>T.</first-name><last-name>Clemens</last-name>, </author> <pubDate>2009</pubDate>. <article-title>Revitalising a Medium Viscous Oil Field by Polymer Injection, Pirawarth Field, Austria. Presented at EUROPEC/EAGE Conference and Exhibition, 8-11 June, Amsterdam, The Netherlands. SPE-120991-MS </article-title>. doi: 10.2118/120991-MS.</bib>
</linkTarget>



**************************************************
