
BPR DEVELOPMENT TEAM
Project : GeoFacets-Project A
Version : v1.0.7
**************************************************


File Name: E:\maha\table\23-3-21\27-3-21\102118185030MS\102118185030MS\Table\main_102118185030MS_tbl.xml


Uncited Reference

Table: 

<linkTarget id="link-15" type="bib">
  <bib id="BIB1">
    <author>
      <first-name>S.</first-name>
      <last-name>Angulo</last-name>
    </author>, $piamp$$ <author><first-name>L. A.</first-name><last-name>Buatois</last-name></author>, <pubDate>(2012)</pubDate>. <article-title>Integrating Depositional Models, Ichnology, And Sequence Stratigraphy in Reservoir Characterization: The Middle Member of the Devonian $piamp$$#x2013; Carboniferous Bakken Formation of Subsurface Southeastern Saskatchewan Revisited </article-title>.  <i><journal-title>AAPG Bulletin </journal-title></i><i> </i><b><volume>96</volume></b><b> </b><issue>(6)</issue>: <pages><first-page>1017</first-page><last-page>1043</last-page></pages>.</bib>
</linkTarget>

<linkTarget id="link-16" type="bib">
  <bib id="BIB2">
    <author>
      <first-name>G. R.</first-name>
      <last-name>Davies</last-name>
    </author>, <pubDate>(1997)</pubDate>. <article-title>The Triassic of the Western Canada Sedimentary Basin: Tectonic and Stratigraphic Framework, Paleogeography, Paleoclimate and Biota </article-title>. <journal-title>Bull. Can. Petrol. Geol </journal-title>. <b><volume>45</volume></b>: <pages><first-page>434</first-page><last-page>460</last-page></pages>.</bib>
</linkTarget>

<linkTarget id="link-17" type="bib">
  <bib id="BIB3">
    <author>
      <first-name>M. G.</first-name>
      <last-name>Smith</last-name>
    </author>, $piamp$$ <author><first-name>R. M.</first-name><last-name>Bustin</last-name></author>, <pubDate>(2000)</pubDate>. <article-title>Late Devonian And Early Mississippian Bakken And Exshaw Black Shale Source Rocks, Western Canada Sedimentary Basin: A Sequence Stratigraphic Interpretation </article-title>. <i><journal-title>AAPG Bulletin </journal-title></i><i> </i><b><volume>84</volume></b><issue>(7)</issue>: <pages><first-page>940</first-page><last-page>60</last-page></pages>.</bib>
</linkTarget>



**************************************************
