
BPR DEVELOPMENT TEAM
Project : GeoFacets-Project A
Version : v1.0.7
**************************************************


File Name: E:\Dinesh08\XML_Table\Table\Batch-38\22-3-2021\102118185557MS\102118185557MS\Table\main_102118185557MS_tbl.xml


Uncited Reference

Table: 

<linkTarget id="link-22" type="bib">
  <bib id="BIB1">
    <author>
      <first-name>G. L.</first-name>
      <last-name>Bowers</last-name>
    </author> <pubDate>(2002)</pubDate>. <article-title>Detecting High Overpressure </article-title>. <i><journal-title>The Leading Edge </journal-title></i>, v. <b><volume>21</volume></b>, no. <issue>2</issue>, p. <pages><first-page>174</first-page><last-page>177</last-page></pages>.</bib>
</linkTarget>

<linkTarget id="link-23" type="bib">
  <bib id="BIB2">
    <author>
      <first-name>R. E.</first-name>
      <last-name>Swarbrick</last-name>
    </author>, <author><first-name>M. J.</first-name><last-name>Osborne</last-name></author>, and <author><first-name>G. S.</first-name><last-name>Yardley</last-name></author> <pubDate>(2002)</pubDate>. <article-title>Comparisons of overpressure magnitude resulting from the main generating mechanisms, chapter 1 </article-title>. In Huffman, A., and Bowers, G., editors, Pressure regimes in sedimentary basins and their prediction; AAPG Memoir No. <volume>76</volume>, p. <pages><first-page>1</first-page><last-page>12</last-page></pages>.</bib>
</linkTarget>

<linkTarget id="link-24" type="bib">
  <bib id="BIB3">
    <author>
      <first-name>S.</first-name>
      <last-name>Green</last-name>
    </author>, <author><first-name>S. A.</first-name><last-name>O'Connor</last-name></author>, and <author><first-name>A. P.</first-name><last-name>Edward</last-name></author> <article-title>(2016). Predicting Pore Pressure in Carbonates: A Review </article-title>. <i>Search and Discovery Article #41830</i><i> </i><pubDate>(2016)</pubDate>.</bib>
</linkTarget>

<linkTarget id="link-26" type="bib">
  <bib id="BIB5">
    <author>
      <first-name>B. A.</first-name>
      <last-name>Eaton</last-name>, </author> <pubDate>(1975)</pubDate>.  <article-title><i>The Equation for Geopressure Prediction from Well Logs</i>. Society of Petroleum Engineers.</article-title> http://doi:10.2118/5544-MS.</bib>
</linkTarget>



**************************************************
