
BPR DEVELOPMENT TEAM
Project : GeoFacets-Project A
Version : v1.0.7
**************************************************


File Name: G:\Shaikha\TABLE\BATCH 38\PDF\102118177334MS\102118177334MS\Table\main_102118177334MS_tbl.xml


Uncited Reference

Table: 

<linkTarget id="link-38" type="bib">
  <bib id="BIB1">
    <author>
      <first-name>P.</first-name>
      <last-name>Smalley</last-name>
    </author>, <author><first-name>B.</first-name><last-name>Ross</last-name></author> <pubDate>2007</pubDate>. <article-title>Reservoir Technical Limits: a framework for maximizing Recovery from oil fields </article-title>. SPE-109555.</bib>
</linkTarget>

<linkTarget id="link-39" type="bib">
  <bib id="BIB2">
    <author>
      <first-name>W.</first-name>
      <last-name>Shi</last-name>
    </author> <pubDate>2008</pubDate>. <article-title>Kuparuk MWAG Project after 20 Years </article-title>. SPE-113933.</bib>
</linkTarget>

<linkTarget id="link-40" type="bib">
  <bib id="BIB3">
    <author>
      <first-name>J. H.</first-name>
      <last-name>Currier</last-name>
    </author> <pubDate>1990</pubDate>. <article-title>Performance analysis in an immature Waterflood: the Kuparuk </article-title>. SPE-20775-MS.</bib>
</linkTarget>

<linkTarget id="link-41" type="bib">
  <bib id="BIB4">
    <author>
      <first-name>W.</first-name>
      <last-name>Shi</last-name>
    </author> <pubDate>2008</pubDate>. <article-title>Kuparuk MWAG Project after 20 Years </article-title>. SPE-113933.</bib>
</linkTarget>

<linkTarget id="link-42" type="bib">
  <bib id="BIB5">
    <author>
      <first-name>J. N.</first-name>
      <last-name>Ring</last-name>
    </author> <pubDate>1995</pubDate>. <article-title>An overview of the North Ward Estes CO2 flood </article-title>. SPE-30729-MS.</bib>
</linkTarget>

<linkTarget id="link-43" type="bib">
  <bib id="BIB6">
    <author>
      <first-name>W</first-name>
      <last-name>Schulte</last-name>,</author>., <pubDate>2010</pubDate>. <article-title>Making EOR work $piamp$$#x2013; Lecture for KIVI NIRIA OG</article-title>.</bib>
</linkTarget>



**************************************************
