
BPR DEVELOPMENT TEAM
Project : GeoFacets-Project A
Version : v1.0.7
**************************************************


File Name: E:\Dinesh08\XML_Table\Table\Batch-38\21-3-2021\102118180782MS\102118180782MS\Table\main_102118180782MS_tbl.xml


Uncited Reference

Table: 

<linkTarget id="link-28" type="bib">
  <bib id="BIB1">
    <author>
      <first-name>J.</first-name>
      <last-name>Villa</last-name>
    </author> <pubDate>(2011)</pubDate>. <article-title>Proxy / MCMC-based Assisted History Matching.  SPE ATW on History Matching,  Cartagena, Columbia, 29-31 </article-title><i />,  <journal-title>Aug </journal-title>, <pages><first-page>2011</first-page></pages>.</bib>
</linkTarget>

<linkTarget id="link-29" type="bib">
  <bib id="BIB2">
    <author>
      <first-name>R.</first-name>
      <last-name>Schulze-Riegert</last-name>
    </author>, <author><first-name>F.</first-name><last-name>Chataigner</last-name></author>, <author><first-name>N.</first-name><last-name>Kueck</last-name></author>, <article-title>et alet al. (2013): Strategic Scope of Alternative Optimization Methods in History Matching and Prediction Workflows.  SPE 164337 paper presented at the SPE Middle East Oil and Gas Show and Exhibition held in Manama </article-title><i /><i>, </i><journal-title>Bahrain </journal-title>, <pages><first-page>10</first-page><last-page>13</last-page></pages> <pubDate>March 2013</pubDate>.</bib>
</linkTarget>



**************************************************
