
BPR DEVELOPMENT TEAM
Project : GeoFacets-Project A
Version : v1.0.7
**************************************************


File Name: E:\Dinesh08\XML_Table\Table\Batch-38\31-01-2021\102118191490MS\102118191490MS\Table\main_102118191490MS_tbl.xml


Uncited Reference

Table: 

<linkTarget id="link-14" type="bib">
  <bib id="BIB1">
    <author>
      <first-name>O.C.</first-name>
      <last-name>Mullins</last-name>, </author>; <author><first-name>E.Y.</first-name><last-name>Sheu</last-name>, </author>; <article-title>Hammami, A.; Marshall, A.G.;</article-title> (Editors) <i>Asphaltenes, Heavy Oil and Petroleomics</i>, Springer, New York, <pubDate>(2007)</pubDate></bib>
</linkTarget>

<linkTarget id="link-15" type="bib">
  <bib id="BIB2">
    <author>
      <first-name>O. C</first-name>
      <last-name>Mullins</last-name>
    </author>.; <article-title>The Modified Yen Model </article-title>, <i><journal-title>Energy $piamp$$ Fuels </journal-title></i>, <b><volume>24</volume></b>, <pages><first-page>2179</first-page><last-page>2207</last-page></pages>, <pubDate>(2010)</pubDate></bib>
</linkTarget>

<linkTarget id="link-16" type="bib">
  <bib id="BIB3">
    <author>
      <first-name>O. C.</first-name>
      <last-name>Mullins</last-name>
    </author>; <author><first-name>H.</first-name><last-name>Sabbah</last-name></author>; <author><first-name>J.</first-name><last-name>Eyssautier</last-name></author>; <author><first-name>A. E.</first-name><last-name>Pomerantz</last-name></author>; <author><first-name>L.</first-name><last-name>Barr$piamp$$#x00E9;</last-name></author>; <author><first-name>A. B.</first-name><last-name>Andrews</last-name></author>; <author><first-name>Y.</first-name><last-name>Ruiz-Morales</last-name></author>; <author><first-name>F.</first-name><last-name>Mostowfi</last-name></author>; <author><first-name>R.</first-name><last-name>McFarlane</last-name></author>; <author><first-name>L.</first-name><last-name>Goual</last-name></author>; <author><first-name>R.</first-name><last-name>Lepkowicz</last-name></author>; <author><first-name>T.</first-name><last-name>Cooper</last-name></author>; <author><first-name>J.</first-name><last-name>Orbulescu</last-name></author>; <author><first-name>J. M.</first-name><last-name>Leblanc</last-name></author>; <author><first-name>J.</first-name><last-name>Edwards</last-name></author>; <author><first-name>R. N.</first-name><last-name>Zare</last-name></author>; <article-title>Advances in Asphaltene Science and the Yen-Mullins Model </article-title>, <i><journal-title>Energy $piamp$$ Fuels </journal-title></i>, <b><volume>26</volume></b>, <pages><first-page>3986</first-page><last-page>4003</last-page></pages>, <pubDate>(2012)</pubDate></bib>
</linkTarget>

<linkTarget id="link-17" type="bib">
  <bib id="BIB4">
    <author>
      <first-name>B.</first-name>
      <last-name>Schuler</last-name>
    </author>; <author><first-name>G.</first-name><last-name>Meyer</last-name></author>; <author><first-name>D.</first-name><last-name>Pena</last-name></author>; <author><first-name>O. C.</first-name><last-name>Mullins</last-name></author>; <author><first-name>L.</first-name><last-name>Gross</last-name></author>; <article-title>Unraveling the molecular structures of asphaltenes by atomic force microscopy </article-title>, <i><journal-title>J. Amer. Chem. Soc . </journal-title></i>, <b><volume>137</volume></b><b> </b><issue>(31)</issue>, <pages><first-page>9870</first-page><last-page>9876</last-page></pages>, <pubDate>(2015)</pubDate></bib>
</linkTarget>

<linkTarget id="link-18" type="bib">
  <bib id="BIB5">
    <author>
      <first-name>B.</first-name>
      <last-name>Schuler</last-name>
    </author>; <author><first-name>S.</first-name><last-name>Fatayer</last-name></author>; <author><first-name>G.</first-name><last-name>Meyer</last-name></author>; <author><first-name>E.</first-name><last-name>Rogel</last-name></author>; <author><first-name>M.</first-name><last-name>Moir</last-name></author>; <author><first-name>Y.</first-name><last-name>Zhang</last-name></author>; <author><first-name>M. R.</first-name><last-name>Harper</last-name></author>; <author><first-name>A. E.</first-name><last-name>Pomerantz</last-name></author>; <author><first-name>K.</first-name><last-name>Bake</last-name></author>; <author><first-name>M.</first-name><last-name>Witt</last-name></author>; <author><first-name>D.</first-name><last-name>Pena</last-name></author>; <author><first-name>J. D.</first-name><last-name>Kushnerick</last-name></author>; <author><first-name>O. C.</first-name><last-name>Mullins</last-name></author>; <author><first-name>C.</first-name><last-name>Ovalles</last-name></author>; <author><first-name>F. G. A.</first-name><last-name>van den Berg</last-name></author>; <author><first-name>L.</first-name><last-name>Gross</last-name></author>; <article-title>Heavy oil mixtures of different origins and treatments studied by AFM </article-title>, <i><journal-title>Energy Fuels </journal-title></i>, <b><volume>31</volume></b><b> </b><issue>(7)</issue>, <pages><first-page>6856</first-page><last-page>6861</last-page></pages> <pubDate>(2017a)</pubDate></bib>
</linkTarget>

<linkTarget id="link-19" type="bib">
  <bib id="BIB6">
    <author>
      <first-name>B.</first-name>
      <last-name>Schuler</last-name>
    </author>; <author><first-name>Y.</first-name><last-name>Zhang</last-name></author>; <author><first-name>S.</first-name><last-name>Collazos</last-name></author>; <author><first-name>S.</first-name><last-name>Fatayer</last-name></author>; <author><first-name>G.</first-name><last-name>Meyer</last-name></author>; <author><first-name>D.</first-name><last-name>Perez</last-name></author>; <author><first-name>E.</first-name><last-name>Guitian</last-name></author>; <author><first-name>M. R.</first-name><last-name>Harper</last-name></author>; <author><first-name>J. D.</first-name><last-name>Kushnerick</last-name></author>; <author><first-name>D.</first-name><last-name>Pena</last-name></author>; <author><first-name>L.</first-name><last-name>Gross</last-name></author> <article-title>Characterizing aliphatic moieties in hydrocarbons with atomic force microscopy </article-title>. <i><journal-title>Chem. Sci . </journal-title></i> <b><volume>8</volume></b>, <pages><first-page>2315</first-page><last-page>2320</last-page></pages>, <pubDate>(2017b)</pubDate></bib>
</linkTarget>

<linkTarget id="link-20" type="bib">
  <bib id="BIB7">
    <author>
      <first-name>D. E.</first-name>
      <last-name>Freed</last-name>
    </author>; <author><first-name>O. C.</first-name><last-name>Mullins</last-name></author>; <author><first-name>J. Y.</first-name><last-name>Zuo</last-name></author>;  <article-title>Asphaltene gradients in the presence of GOR gradients </article-title>, <i><journal-title>Energy $piamp$$ Fuels </journal-title></i>, <b><volume>24</volume></b><b> </b><issue>(7)</issue>, <pages><first-page>3942</first-page><last-page>3949</last-page></pages>, <pubDate>(2010)</pubDate></bib>
</linkTarget>

<linkTarget id="link-21" type="bib">
  <bib id="BIB8">
    <author>
      <first-name>J. Y.</first-name>
      <last-name>Zuo</last-name>
    </author>; <author><first-name>O. C.</first-name><last-name>Mullins</last-name></author>; <author><first-name>D. E.</first-name><last-name>Freed</last-name></author>; <author><first-name>C.</first-name><last-name>Dong</last-name></author>; <author><first-name>H.</first-name><last-name>Elshahawi</last-name></author>; <author><first-name>D. J.</first-name><last-name>Seifert</last-name></author>; <article-title>Advances in the Flory-Huggins-Zuo Equation of State for Asphaltene Gradients and Formation Evaluation </article-title>, <i><journal-title>Energy $piamp$$ Fuels </journal-title></i>, <b><volume>27</volume></b>, <pages><first-page>1722</first-page><last-page>1735</last-page></pages>, <pubDate>(2013)</pubDate></bib>
</linkTarget>

<linkTarget id="link-22" type="bib">
  <bib id="BIB9">
    <author>
      <first-name>R.</first-name>
      <last-name>Jackson</last-name>
    </author>; <author><first-name>J. Y.</first-name><last-name>Zuo</last-name></author>; <author><first-name>A.</first-name><last-name>Agarwal</last-name></author>; <author><first-name>B.</first-name><last-name>Herold</last-name></author>; <author><first-name>S.</first-name><last-name>Kumar</last-name></author>; <author><first-name>I.</first-name><last-name>De Santo</last-name></author>; <author><first-name>H.</first-name><last-name>Dumont</last-name></author>; <author><first-name>C.</first-name><last-name>Ayan</last-name></author>; <author><first-name>O. C.</first-name><last-name>Mullins</last-name></author>; <article-title>Mapping and Modeling Large Viscosity and Asphaltene Variations in a Reservoir Undergoing Active Biodegradation, SPE,  ATCE </article-title><i /><i>, </i><i>170794</i>, <pubDate>(2014)</pubDate></bib>
</linkTarget>

<linkTarget id="link-23" type="bib">
  <bib id="BIB10">
    <author>
      <first-name>S. S.</first-name>
      <last-name>Betancourt</last-name>
    </author>; <author><first-name>Y. B.</first-name><last-name>Johansen</last-name></author>; <author><first-name>J. C.</first-name><last-name>Forsythe</last-name></author>; <author><first-name>J.</first-name><last-name>Rinna</last-name></author>; <author><first-name>V.</first-name><last-name>Achourov</last-name></author>; <author><first-name>J.</first-name><last-name>Canas</last-name></author>; <author><first-name>L.</first-name><last-name>Chen</last-name></author>; <author><first-name>A. E.</first-name><last-name>Pomerantz</last-name></author>; <author><first-name>J. Y.</first-name><last-name>Zuo</last-name></author>;  <article-title>Mullins, O.C.; Gravitational Gradient of Asphaltene Molecules in an Oilfield Reservoir with Light Oil,  Energy $piamp$$ Fuels </article-title><i />. <b><journal-title>2018 </journal-title></b>, <volume>32</volume>, <issue>4</issue>, <pages><first-page>4911</first-page><last-page>4924</last-page></pages>, <pubDate>(2018)</pubDate></bib>
</linkTarget>



**************************************************
