
BPR DEVELOPMENT TEAM
Project : GeoFacets-Project A
Version : v1.0.7
**************************************************


File Name: G:\SATHYA\xml-table\BATCH-38\102118179906MS\102118179906MS\Image\main_102118179906MS_img.xml


Uncited Reference

Image: 

<linkTarget id="link-20" type="bib">
<bib id="BIB1">
<author>
<first-name>M. M.</first-name>
<last-name>Jordan</last-name>
</author>, <author><first-name>K.</first-name><last-name>Sjuraether</last-name></author>, <author><first-name>M. C.</first-name><last-name>Edgerton</last-name></author> et al <pubDate>2000</pubDate>. <article-title>Inhibition of lead and zinc sulphide scale deposits formed during production from high temperature oil and condensate reservoirs. Proc. </article-title>, SPE Asia Pacific Oil and Gas Conference and Exhibition, Brisbane, Australia.</bib>
</linkTarget>

<linkTarget id="link-21" type="bib">
<bib id="BIB2">
<author>
<first-name>P. J.</first-name>
<last-name>Webb</last-name>
</author>, <author><first-name>O.</first-name><last-name>Kuhn</last-name></author>. <pubDate>2004</pubDate>. <article-title>Enhanced scale management through the application of inorganic geochemistry and statistics. Proc. </article-title>, 6th International Symposium on Oilfield Scale, Aberdeen, Scotland.</bib>
</linkTarget>

<linkTarget id="link-22" type="bib">
<bib id="BIB3">
<author>
<first-name>K.</first-name>
<last-name>Orski</last-name>
</author>, <author><first-name>B.</first-name><last-name>Grimbert</last-name></author>, <author><first-name>C.</first-name><last-name>Menezes</last-name></author> et al <pubDate>2007</pubDate>. <article-title>Fighting lead and zinc sulphide scales on a North Sea HP/HT field. Proc. </article-title>, SPE European Formation Damage Conference, Scheveningen, The Netherlands.</bib>
</linkTarget>

<linkTarget id="link-23" type="bib">
<bib id="BIB4">
<author>
<first-name>R.</first-name>
<last-name>Caboi</last-name>
</author>, <author><first-name>A.</first-name><last-name>Cristini</last-name></author>, <author><first-name>F.</first-name><last-name>Frau</last-name></author>. <pubDate>1995</pubDate>. <article-title>Metal concentrations in rainwater (Sardinia, Western Mediterranean Sea). Proc., 8th International Symposium on Water&amp;#x2013;Rock Interaction &amp;#x2013; WRI-8 Vladivostok </article-title>, <journal-title>Russia </journal-title>, <pages><first-page>337</first-page><last-page>340</last-page></pages>.</bib>
</linkTarget>

<linkTarget id="link-24" type="bib">
<bib id="BIB5">
<author>
<first-name>B.</first-name>
<last-name>Hitchon</last-name>
</author>, <author><first-name>E. H.</first-name><last-name>Perkins</last-name></author>, <author><first-name>W. D.</first-name><last-name>Gunter</last-name></author>. <pubDate>1999</pubDate>. <i>Introduction to Ground Water Geochemistry, </i>Geoscience Publishing, Box <pages><first-page>79088</first-page></pages>, Sherwood Park, AB, Canada. (Reprint).</bib>
</linkTarget>

<linkTarget id="link-25" type="bib">
<bib id="BIB6">
<author>
<first-name>Y. K.</first-name>
<last-name>Kharaka</last-name>
</author>, <author><first-name>A. S.</first-name><last-name>Maest</last-name></author>, <author><first-name>W. W.</first-name><last-name>Carothers</last-name></author> et al <pubDate>1987</pubDate>. <article-title>Geochemistry of metal-rich brines from central Mississippi Salt Dome basin, USA (in </article-title> <i><journal-title>Applied Geochemistry </journal-title></i><i> </i><b><volume>2</volume></b>: <pages><first-page>543</first-page><last-page>561</last-page></pages>.</bib>
</linkTarget>

<linkTarget id="link-27" type="bib">
<bib id="BIB8">
<author>
<first-name>T. J.</first-name>
<last-name>Barrett</last-name>
</author>, <author><first-name>G. M.</first-name><last-name>Anderson</last-name></author>. <pubDate>1988</pubDate>. <article-title>The solubility of sphalerite and galena in 1-5m NaCl solutions to 300&amp;#x00B0;C (in </article-title> <i><journal-title>Geochimica et Cosmochimica Acta </journal-title></i><i> </i><b><volume>52</volume></b>: <pages><first-page>813</first-page><last-page>820</last-page></pages>.</bib>
</linkTarget>



**************************************************
