
BPR DEVELOPMENT TEAM
Project : GeoFacets-Project A
Version : v1.0.7
**************************************************


File Name: E:\Bavi\XML Table\Batch_38\26-03-2021\102118189298STU\102118189298STU\Table\main_102118189298STU_tbl.xml


Uncited Reference

Table: 

<linkTarget id="link-9" type="bib">
  <bib id="BIB1">
    <author>
      <first-name>A. A.</first-name>
      <last-name>Emerick</last-name>
    </author> <pubDate>2016</pubDate>. <article-title>Analisys of the performance of ensemble-based assimilation of production and seismic data</article-title>. <journal-title><i>Journal of Petroleum Science and Engineering</i></journal-title> <volume>139</volume>: <pages><first-page>219</first-page><last-page>239</last-page></pages>. http://dx.doi.org/10.1016/j.petrol.2016.01.029.</bib>
</linkTarget>

<linkTarget id="link-10" type="bib">
  <bib id="BIB2">
    <author>
      <first-name>A.</first-name>
      <last-name>Emerick</last-name>
    </author>, and <author><first-name>A.</first-name><last-name>Reynolds</last-name></author> <pubDate>2011</pubDate>. <article-title>Combining Sensitivities and Prior Information for Covariance Localization in the Ensemble Kalman Filter for Petroleum Reservoir Applications </article-title>. <journal-title><i>Computer Geoscience</i></journal-title> <volume>15</volume> <issue>(2)</issue>:<pages><first-page>251</first-page><last-page>269</last-page></pages>. http://dx.doi.org/10.1007/s10596-010-9198-y.</bib>
</linkTarget>



**************************************************
