
BPR DEVELOPMENT TEAM
Project : GeoFacets-Project A
Version : v1.0.7
**************************************************


File Name: G:\SATHYA\xml-table\BATCH-38\30.3.2021\102118191895MS\102118191895MS\Table\main_102118191895MS_tbl.xml


Uncited Reference

Table: 

<linkTarget id="link-14" type="bib">
  <bib id="BIB1">
    <author>
      <first-name>B.</first-name>
      <last-name>Towler</last-name>
    </author>, <article-title>An overview of the coal seam gas developments in Queensland </article-title>. <i><journal-title>Journal of Natural Gas Science and Engineering </journal-title></i>, <pubDate>2016</pubDate>. <volume>31</volume>: p. <pages><first-page>249</first-page><last-page>271</last-page></pages>.</bib>
</linkTarget>

<linkTarget id="link-15" type="bib">
  <bib id="BIB2">
    <author>
      <first-name>B.</first-name>
      <last-name>Towler</last-name>
    </author>, <article-title>An overview of the coal seam gas developments in Queensland </article-title>. <i><journal-title>Journal of Natural Gas Science and Engineering </journal-title></i>, <pubDate>2016</pubDate>. <volume>31</volume>: p. <pages><first-page>249</first-page><last-page>271</last-page></pages>.</bib>
</linkTarget>



**************************************************
