
BPR DEVELOPMENT TEAM
Project : GeoFacets-Project A
Version : v1.0.7
**************************************************


File Name: E:\Dinesh08\XML_Table\Table\Batch-38\31-01-2021\102118185565MS\102118185565MS\Image\main_102118185565MS_img.xml


Uncited Reference

Image: 

<linkTarget id="link-9" type="bib">
<bib id="BIB2">
<last-name>Alvarado</last-name>, <author><first-name>C.</first-name><last-name>Alvarado</last-name></author> &amp;#x0026; <last-name>Aparicio</last-name>, <author><first-name>O.</first-name><last-name>Aparicio</last-name></author>, <pubDate>2014</pubDate>. <i>Evaluaci&amp;#x00F3;n T&amp;#x00E9;cnica economica del Piloto de Inyecci&amp;#x00F3;n de Agua por Pulsos en el Campo Tib&amp;#x00FA;</i>. Bucaramanga: Tesis de Grado. Escuela de Ingenier&amp;#x00ED;a de Petr&amp;#x00F3;leos. Universidad Industrial de Santander..</bib>
</linkTarget>

<linkTarget id="link-10" type="bib">
<bib id="BIB3">
<last-name>Franco</last-name>, <author><first-name>L.</first-name><last-name>Franco</last-name></author> &amp;#x0026; <last-name>Galvis</last-name>, <author><first-name>P. N.</first-name><last-name>Galvis</last-name></author>, <pubDate>2011</pubDate>. <i>An&amp;#x00E1;lisis del Comportamiento Reol&amp;#x00F3;gico del Mezclado en Cabeza de Pozo para el Mejoramiento de la Producci&amp;#x00F3;n en el Campo Tisquirama de la Som de GRMM de Ecopetrol S.A.</i>. Bucaramanga: Tesis de Grado. Escuela de Ingenier&amp;#x00ED;a de Petr&amp;#x00F3;leos. Universidad Industrial de Santander..</bib>
</linkTarget>

<linkTarget id="link-11" type="bib">
<bib id="BIB4">
<last-name>Gonzalez</last-name>, <author><first-name>R.</first-name><last-name>Gonzalez</last-name></author>, <pubDate>2011</pubDate>. <i>Evaluaci&amp;#x00F3;n T&amp;#x00E9;cnico Economico de la Mejor Alternativa de Operaci&amp;#x00F3;n para los Campos Tisquirama- San roque de la Gerencia Regional Magdalena Medio Ecopetrol S.A.</i>. Bucaramanga: Tesis de Grado. Escuela de Ingenier&amp;#x00ED;a de Petr&amp;#x00F3;leos. Universidad Industrial de Santander..</bib>
</linkTarget>

<linkTarget id="link-12" type="bib">
<bib id="BIB5">
<last-name>Chauster</last-name>, <author><first-name>A. J.</first-name><last-name>Chauster</last-name></author> &amp;#x0026; <last-name>P&amp;#x00E9;rez</last-name>, <author><first-name>R. E.</first-name><last-name>P&amp;#x00E9;rez</last-name></author>, <pubDate>2015</pubDate>. <i>Evaluaci&amp;#x00F3;n T&amp;#x00E9;cnico Economica de una Prueba Piloto con una Nueva Tecnolog&amp;#x00ED;a para el Aseguramiento de Flujo en un Campo de Crudo Extrapesado. Caso de Estudio Campo Akacias.</i>. Bucaramanga: Tesis de Grado- Especializaci&amp;#x00F3;n. Escuela de Ingenier&amp;#x00ED;a de Petr&amp;#x00F3;leos. Universidad Industrial de Santander..</bib>
</linkTarget>

<linkTarget id="link-13" type="bib">
<bib id="BIB6">
<last-name>Jim&amp;#x00E9;nez</last-name>, <author><first-name>M. A.</first-name><last-name>Jim&amp;#x00E9;nez</last-name></author>, <pubDate>2015</pubDate>. <i>Evaluaci&amp;#x00F3;n del Comportamiento de Sistemas de Levantamiento BES en Pozos con Alta Producci&amp;#x00F3;n de Arena en el Campo Ca&amp;#x00F1;o Lim&amp;#x00F3;n.</i>. Bucaramanga: Tesis de Grado-Especializaci&amp;#x00F3;n. Escuela de Ingenier&amp;#x00ED;a de Petr&amp;#x00F3;leos. Universidad Industrial de Santander..</bib>
</linkTarget>

<linkTarget id="link-14" type="bib">
<bib id="BIB7">
<last-name>Machete</last-name>, <author><first-name>E.</first-name><last-name>Machete</last-name></author>, <pubDate>2007</pubDate>. <i>An&amp;#x00E1;lisis del Desempe&amp;#x00F1;o de Dos Sistemas de Levantamiento Artificial Bombeo Electrosumergible y Bombeo Mec&amp;#x00E1;nico VSH2 Utilizados en el Campo Ca&amp;#x00F1;o Lim&amp;#x00F3;n.</i>. Bucaramanga: Tesis de Grado. Escuela de Ingenier&amp;#x00ED;a de Petr&amp;#x00F3;leos. Universidad Industrial de Santander..</bib>
</linkTarget>

<linkTarget id="link-15" type="bib">
<bib id="BIB8">
<last-name>Blanco</last-name>, <author><first-name>S.</first-name><last-name>Blanco</last-name></author>, <pubDate>2009</pubDate>. <i>Herramienta Informatica para el Seguimiento del Control de Producci&amp;#x00F3;n del Campo Castilla.</i>. Bucaramanga: Tesis de Grado. Escuela de Ingenier&amp;#x00ED;a de Petr&amp;#x00F3;leos. Universidad Industrial de Santander..</bib>
</linkTarget>

<linkTarget id="link-16" type="bib">
<bib id="BIB9">
<last-name>Hern&amp;#x00E1;ndez</last-name>, <author><first-name>A.</first-name><last-name>Hern&amp;#x00E1;ndez</last-name></author> &amp;#x0026; <last-name>Herrera</last-name>, <author><first-name>J.</first-name><last-name>Herrera</last-name></author>, <pubDate>2013</pubDate>. <i>Determinaci&amp;#x00F3;n de la Distribuci&amp;#x00F3;n Vertical del Agua de Producci&amp;#x00F3;n para Definir la Perforaci&amp;#x00F3;n Infill en el &amp;#x00C1;rea Norte del Campo Castilla.</i>. Bucaramanga: Tesis de Grado. Escuela de Ingenier&amp;#x00ED;a de Petr&amp;#x00F3;leos. Universidad Industrial de Santander..</bib>
</linkTarget>

<linkTarget id="link-17" type="bib">
<bib id="BIB10">
<last-name>Forero</last-name>, <author><first-name>A.</first-name><last-name>Forero</last-name></author> &amp;#x0026; <last-name>Serpa</last-name>, <author><first-name>S.</first-name><last-name>Serpa</last-name></author>, <pubDate>2014</pubDate>. <i>Evaluaci&amp;#x00F3;n de Distribuci&amp;#x00F3;n de Presiones de las L&amp;#x00ED;neas de Producci&amp;#x00F3;n en Campo Quifa Mediante An&amp;#x00E1;lsis Nodal.</i>. Bucaramanga: Tesis de Grado-Especializaci&amp;#x00F3;n. Escuela de Ingenier&amp;#x00ED;a de Petr&amp;#x00F3;leos. Universidad Industrial de Santander..</bib>
</linkTarget>

<linkTarget id="link-18" type="bib">
<bib id="BIB11">
<last-name>Orteg&amp;#x00F3;n</last-name>, <author><first-name>Y.</first-name><last-name>Orteg&amp;#x00F3;n</last-name></author>, <pubDate>2015</pubDate>. <i>Evaluaci&amp;#x00F3;n T&amp;#x00E9;cnico-Econ&amp;#x00F3;mica del Sitema de Levantamiento PCP y ESP para el Pozo Vertical Quifa 5 del Campo Quifa.</i>. Bucaramanga: Tesis de Grado- Especializaci&amp;#x00F3;n. Escuela de Ingenier&amp;#x00ED;a de Petr&amp;#x00F3;leos. Universidad Industrial de Santander..</bib>
</linkTarget>

<linkTarget id="link-19" type="bib">
<bib id="BIB12">
<last-name>Blanco</last-name>, <author><first-name>S.</first-name><last-name>Blanco</last-name></author>, <pubDate>2009</pubDate>. <i>Herramienta Informatica para el Seguimiento del Control de Producci&amp;#x00F3;n del Campo Castilla.</i>. Bucaramanga: Tesis de Grado. Escuela de Ingenier&amp;#x00ED;a de Petr&amp;#x00F3;leos. Universidad Industrial de Santander..</bib>
</linkTarget>

<linkTarget id="link-20" type="bib">
<bib id="BIB13">
<last-name>O&amp;#x00F1;ate</last-name>, <author><first-name>J.</first-name><last-name>O&amp;#x00F1;ate</last-name></author> &amp;#x0026; <last-name>Rodriguez</last-name>, <author><first-name>R.</first-name><last-name>Rodriguez</last-name></author>, <pubDate>2012</pubDate>. <i>Evaluaci&amp;#x00F3;n de las Alternativas de Transporte de Crudo Pesado por Tuber&amp;#x00ED;as: Caso Aplicado al Campo Rubiales.</i>. Bucaramanga: Tesis de Grado. Escuela de Ingenier&amp;#x00ED;a de Petr&amp;#x00F3;leos. Universidad Industrial de Santander..</bib>
</linkTarget>

<linkTarget id="link-21" type="bib">
<bib id="BIB14">
<last-name>Ardila</last-name>, <author><first-name>M.</first-name><last-name>Ardila</last-name></author> &amp;#x0026; <last-name>Meneses</last-name>, <author><first-name>M.</first-name><last-name>Meneses</last-name></author>, <pubDate>2015</pubDate>. <i>An&amp;#x00E1;lisis T&amp;#x00E9;cnico de las Estrateg&amp;#x00ED;as de Optimizaci&amp;#x00F3;n para el Manejo de Fluidos y Balance de Presiones en los Cl&amp;#x00FA;sters Asociados a las Troncales 3 y 3A de Campo Rubiales.</i>. Bucaramanga: Tesis de Grado. Escuela de Ingenier&amp;#x00ED;a de Petr&amp;#x00F3;leos. Universidad Industrial de Santander..</bib>
</linkTarget>

<linkTarget id="link-22" type="bib">
<bib id="BIB15">
<last-name>Gil</last-name>, <author><first-name>J.</first-name><last-name>Gil</last-name></author>, <pubDate>2010</pubDate>. <i>Optimizaci&amp;#x00F3;n de la Producci&amp;#x00F3;n de los Pozos con Levantamiento Artificial por Bombeo Electro-Sumergible del Campo Yarigui-Cantagallo Utilizando la T&amp;#x00E9;cnica de An&amp;#x00E1;lisis Nodal.</i>. Bucaramanga: Tesis de Grado. Escuela de Ingenier&amp;#x00ED;a de Petr&amp;#x00F3;leos. Universidad Industrial de Santander..</bib>
</linkTarget>

<linkTarget id="link-23" type="bib">
<bib id="BIB16">
<last-name>Baquero</last-name>, <author><first-name>J.</first-name><last-name>Baquero</last-name></author>, <pubDate>2013</pubDate>. <i>Estudio T&amp;#x00E9;cnico Econ&amp;#x00F3;mico del Proyecto Piloto de Inyecci&amp;#x00F3;n de Agua en el Campo Vel&amp;#x00E1;squez de Mansarovar Energy Colombia LTD para Recuperaci&amp;#x00F3;n Secundaria.</i>. Bucaramanga: Tesis de Grado- Especializaci&amp;#x00F3;n. Escuela de Ingenier&amp;#x00ED;a de Petr&amp;#x00F3;leos. Universidad Industrial de Santander..</bib>
</linkTarget>

<linkTarget id="link-24" type="bib">
<bib id="BIB17">
<last-name>Rodriguez</last-name>, <author><first-name>D.</first-name><last-name>Rodriguez</last-name></author>, <pubDate>2014</pubDate>. <i>Evaluaci&amp;#x00F3;n T&amp;#x00E9;cnica y Econ&amp;#x00F3;mica del Cambio de SIstema de Levantamiento Artificial a 5 Pozos de Alto Potencial Productivo del Campo Velasquez.</i>. Bucaramanga: Tesis de Grado- Especializaci&amp;#x00F3;n. Escuela de Ingenier&amp;#x00ED;a de Petr&amp;#x00F3;leos. Universidad Industrial de Santander..</bib>
</linkTarget>

<linkTarget id="link-25" type="bib">
<bib id="BIB18">
<last-name>Ruiz</last-name>, <author><first-name>A.</first-name><last-name>Ruiz</last-name></author> &amp;#x0026; <last-name>Quintero</last-name>, <author><first-name>N.</first-name><last-name>Quintero</last-name></author>, <pubDate>2015</pubDate>. <i>Evaluaci&amp;#x00F3;n T&amp;#x00E9;cnico- Financiera de la Implementaci&amp;#x00F3;n de la Tecnolog&amp;#x00ED;a AFT (Activation Flow Tool) para la Obtenci&amp;#x00F3;n de Registro de Inyecci&amp;#x00F3;n en los Pozos Inyectores del Campo la Cira Infantas.</i>. Bucaramanga: Tesis de Grado. Escuela de Ingenier&amp;#x00ED;a de Petr&amp;#x00F3;leos. Universidad Industrial de Santander..</bib>
</linkTarget>

<linkTarget id="link-26" type="bib">
<bib id="BIB19">
<last-name>Garzon</last-name>, <author><first-name>E.</first-name><last-name>Garzon</last-name></author> &amp;#x0026; <last-name>Ponce</last-name>, <author><first-name>R.</first-name><last-name>Ponce</last-name></author>, <pubDate>2010</pubDate>. <i>Evaluaci&amp;#x00F3;n de la Viabilidad T&amp;#x00E9;cnica y Financiera de Utilizar la Inyecci&amp;#x00F3;n C&amp;#x00ED;clica de Vapor Como M&amp;#x00E9;todo de Recuperaci&amp;#x00F3;n Incremental de Crudo en Campo Moriche Estudi de Prefactibilidad</i>. Bucaramanga: Tesis de Grado- Especializaci&amp;#x00F3;n. Escuela de Ingenier&amp;#x00ED;a de Petr&amp;#x00F3;leos. Universidad Industrial de Santander..</bib>
</linkTarget>

<linkTarget id="link-27" type="bib">
<bib id="BIB20">
<author>
<first-name>D.</first-name>
<last-name>Higuera</last-name></author> y otros, <pubDate>2012</pubDate>. <article-title><i>Optimization of Cyclic Steam Stimulation in Highly Stratified Heavy Oil Reservoir of Middle Magdalena Basin: Moriche Field.</i>. s.l.: Society of Petroleum Engineers, SPE 153234.</article-title></bib>
</linkTarget>

<linkTarget id="link-28" type="bib">
<bib id="BIB21">
<last-name>Quiroga</last-name>, <author><first-name>L.</first-name><last-name>Quiroga</last-name></author>, <pubDate>2008</pubDate>. <i>Evaluaci&amp;#x00F3;n del Desempe&amp;#x00F1;o de las Sartas de Bombeo Mec&amp;#x00E1;nico del &amp;#x00C1;rea la Cira-Infantas Utilizando el Software TWM.</i>. Bucaramanga: Tesis de Grado. Escuela de Ingenier&amp;#x00ED;a de Petr&amp;#x00F3;leos. Universidad Industrial de Santander..</bib>
</linkTarget>

<linkTarget id="link-29" type="bib">
<bib id="BIB22">
<last-name>Ruiz</last-name>, <author><first-name>A.</first-name><last-name>Ruiz</last-name></author> &amp;#x0026; <last-name>Quintero</last-name>, <author><first-name>N.</first-name><last-name>Quintero</last-name></author>, <pubDate>2015</pubDate>. <i>Evaluaci&amp;#x00F3;n T&amp;#x00E9;cnico- Financiera de la Implementaci&amp;#x00F3;n de la Tecnolog&amp;#x00ED;a AFT (Activation Flow Tool) para la Obtenci&amp;#x00F3;n de Registro de Inyecci&amp;#x00F3;n en los Pozos Inyectores del Campo la Cira Infantas.</i>. Bucaramanga: Tesis de Grado. Escuela de Ingenier&amp;#x00ED;a de Petr&amp;#x00F3;leos. Universidad Industrial de Santander..</bib>
</linkTarget>

<linkTarget id="link-30" type="bib">
<bib id="BIB23">
<last-name>Duarte</last-name>, <author><first-name>C.</first-name><last-name>Duarte</last-name></author>, <pubDate>2010</pubDate>. <i>Factibilidad T&amp;#x00E9;cnico Econ&amp;#x00F3;mica de la Aplicaci&amp;#x00F3;n del Proceso WAG para el Campo Tello</i>. Bucaramanga: Tesis de Grado. Escuela de Ingenier&amp;#x00ED;a de Petr&amp;#x00F3;leos. Universidad Industrial de Santander..</bib>
</linkTarget>

<linkTarget id="link-31" type="bib">
<bib id="BIB24">
<author>
<first-name>J.</first-name>
<last-name>Archila,</last-name> </author>, <author><first-name>J.</first-name><last-name>Rueda,</last-name> </author>, <author><first-name>C.</first-name><last-name>Garces</last-name></author> &amp;#x0026; <author><first-name>O.</first-name><last-name>Carreno,</last-name> </author>, <pubDate>2013.</pubDate> <article-title><i>Cost Reduction in High Production Wells with ESP in Tello Field.</i>. s.l.: Society of Petroleum Engineers, SPE 165063.</article-title></bib>
</linkTarget>

<linkTarget id="link-32" type="bib">
<bib id="BIB25">
<last-name>Rueda</last-name>, <author><first-name>M.</first-name><last-name>Rueda</last-name></author>, <pubDate>2015</pubDate>. <i>Optimizaci&amp;#x00F3;n de Producci&amp;#x00F3;n por Sistema de Levantamiento Artificial Bombeo Cavidades Progresivas en el Contrato de Producci&amp;#x00F3;n Incremental- Neiva, Campo Dina.</i>. Bucaramanga: Tesis de Grado- Especializaci&amp;#x00F3;n. Escuela de Ingenier&amp;#x00ED;a de Petr&amp;#x00F3;leos. Universidad Industrial de Santander..</bib>
</linkTarget>

<linkTarget id="link-33" type="bib">
<bib id="BIB26">
<last-name>Vaquiro</last-name>, <author><first-name>H.</first-name><last-name>Vaquiro</last-name></author>, <pubDate>2014</pubDate>. <i>Evaluaci&amp;#x00F3;n T&amp;#x00E9;cnico- Econ&amp;#x00F3;mica de Sistema de Levantamiento de Bombeo de Cavidades Progresivas Electrosumergible (ESPCP) en Campo Guando.</i>. Bucaramanga: Tesis de Grado- Especializaci&amp;#x00F3;n. Escuela de Ingenier&amp;#x00ED;a de Petr&amp;#x00F3;leos. Universidad Industrial de Santander..</bib>
</linkTarget>



**************************************************
