
BPR DEVELOPMENT TEAM
Project : GeoFacets-Project A
Version : v1.0.7
**************************************************


File Name: E:\Dinesh08\XML_Table\Table\Batch-38\26-3-2021\102118185704MS\102118185704MS\Table\main_102118185704MS_tbl.xml


Uncited Reference

Table: 

<linkTarget id="link-17" type="bib">
  <bib id="BIB2">
    <author>
      <first-name>M. B.</first-name>
      <last-name>Dusseault</last-name>
    </author>, <author><first-name>Y.</first-name><last-name>Ma</last-name></author>, <author><first-name>B.</first-name><last-name>Xu</last-name></author>, <author><first-name>C. X.</first-name><last-name>Liang</last-name></author>, $piamp$$ <author><first-name>G</first-name><last-name>Wu</last-name></author>. (<pubDate>2002</pubDate>, <article-title>January 1).  CHOPS in Jilin Province , China </article-title><i />. 79032-MS SPE Conference Paper.</bib>
</linkTarget>

<linkTarget id="link-18" type="bib">
  <bib id="BIB3">
    <author>
      <first-name>M.</first-name>
      <last-name>Pancharoen</last-name>
    </author>, <author><first-name>M. R.</first-name><last-name>Thiele</last-name></author>, $piamp$$ <author><first-name>A. R.</first-name><last-name>Kovscek</last-name></author> <pubDate>(2010, January 1)</pubDate>. <article-title>Inaccessible Pore Volume of Associative Polymer Floods </article-title>. 129910-MS SPE Conference Paper.</bib>
</linkTarget>



**************************************************
