
BPR DEVELOPMENT TEAM
Project : GeoFacets-Project A
Version : v1.0.7
**************************************************


File Name: G:\Shaikha\TABLE\BATCH 38\PDF\22-3-2021\102118182339MS\102118182339MS\Table\main_102118182339MS_tbl.xml


Uncited Reference

Table: 

<linkTarget id="link-18" type="bib">
  <bib id="BIB1">
    <last-name>Ellis</last-name>
    <author>
      <first-name>G. K.</first-name>
      <last-name>Ellis</last-name>
    </author>, <last-name>Pitchford</last-name>, <author><first-name>A.</first-name><last-name>Pitchford</last-name>, </author>, and <last-name>Bruce</last-name>, <author><first-name>R. H.</first-name><last-name>Bruce</last-name>, </author> <pubDate>1999</pubDate>. <article-title>Carnarvon Basin-Barrow Island Oil Field </article-title>. <journal-title>Australian Petroleum Exploration Association Journal </journal-title>, <volume>39</volume><issue>(1)</issue>: <pages><first-page>158</first-page><last-page>176</last-page></pages>.</bib>
</linkTarget>

<linkTarget id="link-21" type="bib">
  <bib id="BIB4">
    <last-name>Sayarpour</last-name>
    <author>
      <first-name>M.</first-name>
      <last-name>Sayarpour</last-name>
    </author>, <last-name>Zuluaga</last-name>, <author><first-name>E.</first-name><last-name>Zuluaga</last-name>, </author>, <last-name>Kabir</last-name>, <author><first-name>C. S.</first-name><last-name>Kabir</last-name>, </author> and <last-name>Lake</last-name>, <author><first-name>L. W.</first-name><last-name>Lake</last-name>, </author> <pubDate>2009</pubDate>. <article-title>The use of capacitance$piamp$$#x2013;resistance models for rapid estimation of waterflood performance and optimization </article-title>. <journal-title>Journal of Petroleum Science and Engineering </journal-title>. <volume>69</volume><issue>(3)</issue>: <pages><first-page>227</first-page><last-page>238</last-page></pages>.</bib>
</linkTarget>



**************************************************
