
BPR DEVELOPMENT TEAM
Project : GeoFacets-Project A
Version : v1.0.7
**************************************************


File Name: G:\SATHYA\xml-table\BATCH-38\31.3.2021\102118191896MS\102118191896MS\Image\main_102118191896MS_img.xml


Uncited Reference

Image: 

<linkTarget id="link-14" type="bib">
<bib id="BIB2">
<author>
<first-name>E. T.</first-name>
<last-name>Baruch</last-name>
</author>, <author><first-name>C. M.</first-name><last-name>Altmann</last-name></author>, <author><first-name>D. I.</first-name><last-name>Close</last-name></author>, <author><first-name>M. M.</first-name><last-name>Faiz</last-name></author>, <author><first-name>B. A.</first-name><last-name>Richards</last-name></author>, <author><first-name>A. J.</first-name><last-name>Cote</last-name></author>, <pubDate>2018</pubDate>. The Kyalla Formation prospectivity from a mineralogical and sedimentological perspective; presented at AGES, Mar <pages><first-page>19</first-page><last-page>21</last-page></pages>, Alice Springs, NT, Australia.</bib>
</linkTarget>

<linkTarget id="link-15" type="bib">
<bib id="BIB3">
<author>
<first-name>C.</first-name>
<last-name>Altmann</last-name>
</author>, <author><first-name>E.</first-name><last-name>Baruch</last-name></author>, <author><first-name>D.</first-name><last-name>Close</last-name></author>, <author><first-name>A.</first-name><last-name>Cote</last-name></author>, <author><first-name>B.</first-name><last-name>Richards</last-name></author>, <author><first-name>M.</first-name><last-name>Faiz</last-name></author>, <pubDate>2018</pubDate>. Could the Mezoproterozoic Kyalla Formation emerge as a viable gas condensatge source rock reservoir play in the Beetaloo Sub-basin?; presented at AEGC, Feb <pages><first-page>18</first-page><last-page>21</last-page></pages>, Sydney, Australia.</bib>
</linkTarget>



**************************************************
