
BPR DEVELOPMENT TEAM
Project : GeoFacets-Project A
Version : v1.0.7
**************************************************


File Name: E:\Dinesh08\XML_Table\Table\Batch-38\30-3-2021\Process\102118191793MS\102118191793MS\Image\main_102118191793MS_img.xml


Uncited Reference

Image: 

<linkTarget id="link-18" type="bib">
<bib id="BIB3">
<author>
<first-name>S.</first-name>
<last-name>Kumar</last-name>
</author>, <author><first-name>T.</first-name><last-name>Hoffman</last-name></author>, and <author><first-name>M.</first-name><last-name>Prasad</last-name></author> <pubDate>2013</pubDate>. <article-title>Upper and Lower Bakken Shale Production Contribution to the Middle Bakken Reservoir. Presented at the Unconventional Resources Technology Conference, Denver, Colorado, USA, 12&amp;#x2013;14 August </article-title>. URTEC-1581459-MS.</bib>
</linkTarget>

<linkTarget id="link-20" type="bib">
<bib id="BIB5">
<author>
<first-name>S.</first-name>
<last-name>Sonnenberg</last-name>
</author> <pubDate>2015</pubDate>. <article-title>Keys to Production, Three Forks Formation, Williston Basin. Presented at the Unconventional Resources Technology Conference, San Antonio, Texas, USA, 20&amp;#x2013;22 July </article-title>. SPE-178510-MS. https://doi.org/10.2118/178510-MS.</bib>
</linkTarget>



**************************************************
