
BPR DEVELOPMENT TEAM
Project : GeoFacets-Project A
Version : v1.0.7
**************************************************


File Name: E:\Bavi\XML Table\Batch_38\22-03-2021\102118177060MS\102118177060MS\Image\main_102118177060MS_img.xml


Uncited Reference

Image: 

<linkTarget id="link-18" type="bib">
<bib id="BIB2">
<author>
<first-name>Allard W.</first-name>
<last-name>Martinius</last-name>
</author>, <author><first-name>Jan</first-name><last-name>Hegner</last-name></author>, <author><first-name>Inge</first-name><last-name>Kaas</last-name></author>, <author><first-name>Celia</first-name><last-name>Bejarano</last-name></author>, <author><first-name>Xavier</first-name><last-name>Mathieu</last-name></author>, and <author><first-name>Rune</first-name><last-name>Mj&amp;#x00F8;s</last-name></author>, <pubDate>2012</pubDate>. <article-title>Sedimentology and depositional model for the Early Miocene Oficina Formation in the Petrodecede&amp;#x00F1;o Field (Orinoco heavy-oil belt, Venezuela)</article-title>. <journal-title><i>Marine and Petroleum Geology</i></journal-title> <volume>35</volume> <issue>(2012)</issue>: <pages><first-page>354</first-page><last-page>380</last-page></pages>.</bib>
</linkTarget>

<linkTarget id="link-20" type="bib">
<bib id="BIB4">
<author>
<first-name>Allard W.</first-name>
<last-name>Martinius</last-name>
</author>, <author><first-name>Jan</first-name><last-name>Hegner</last-name></author>, <author><first-name>Inge</first-name><last-name>Kaas</last-name></author>, <author><first-name>Celia</first-name><last-name>Bejarano</last-name></author>, <author><first-name>Xavier</first-name><last-name>Mathieu</last-name></author>, and <author><first-name>Rune</first-name><last-name>Mj&amp;#x00F8;s</last-name></author>, <pubDate>2012</pubDate>. <article-title>Sedimentology and depositional model for the Early Miocene Oficina Formation in the Petrodecede&amp;#x00F1;o Field (Orinoco heavy-oil belt, Venezuela)</article-title>. <journal-title><i>Marine and Petroleum Geology</i></journal-title> <volume>35</volume> <issue>(2012)</issue>: <pages><first-page>354</first-page><last-page>380</last-page></pages>.</bib>
</linkTarget>



**************************************************
