
BPR DEVELOPMENT TEAM
Project : GeoFacets-Project A
Version : v1.0.7
**************************************************


File Name: G:\Shaikha\TABLE\BATCH 38\PDF\23-3-2021\New folder\102118182591MS\102118182591MS\Table\main_102118182591MS_tbl.xml


Uncited Reference

Table: 

<linkTarget id="link-13" type="bib">
  <bib id="BIB1">
    <last-name>Jansen</last-name>, <author><first-name>J.-D.</first-name><last-name>Jansen</last-name>, </author>, <last-name>Brouwer</last-name>, <author><first-name>R.</first-name><last-name>Brouwer</last-name>, </author> and <last-name>Douma</last-name>, <author><first-name>S. G.</first-name><last-name>Douma</last-name>, </author> <pubDate>2009</pubDate>.  <article-title>Closed loop reservoir management. <i>SPE Reservoir Simulation Symposium</i>. Society of Petroleum Engineers </article-title>. SPE-119098-MS.</bib>
</linkTarget>

<linkTarget id="link-14" type="bib">
  <bib id="BIB2">
    <last-name>Barros</last-name>, <author><first-name>E.</first-name><last-name>Barros</last-name>, </author>, <last-name>Hof</last-name>, <author><first-name>P.</first-name><last-name>Hof</last-name>, </author> and <last-name>Jansen</last-name>, <author><first-name>J.</first-name><last-name>Jansen</last-name>, </author> <pubDate>2016</pubDate>. <article-title>Value of information in closed-loop reservoir management </article-title>. <i><journal-title>Computational Geosciences </journal-title></i>, <volume>20</volume><issue>(3)</issue>, pp. <pages><first-page>737</first-page><last-page>749</last-page></pages>.</bib>
</linkTarget>

<linkTarget id="link-16" type="bib">
  <bib id="BIB4">
    <last-name>Barreto</last-name>, <author><first-name>C. E. A. G.</first-name><last-name>Barreto</last-name>, </author> and <last-name>Schiozer</last-name>, <author><first-name>D. J.</first-name><last-name>Schiozer</last-name>, </author> <pubDate>2015</pubDate>. <article-title>Optimal placement design of inflow control valve using a dynamic optimization process based on technical and economic indicators </article-title>, <journal-title>Journal of Petroleum Science and Engineering </journal-title>, <volume>125</volume>, pp. <pages><first-page>117</first-page><last-page>127</last-page></pages>.</bib>
</linkTarget>



**************************************************
