
BPR DEVELOPMENT TEAM
Project : GeoFacets-Project A
Version : v1.0.7
**************************************************


File Name: G:\SATHYA\xml-table\BATCH-38\24.3.2021\102118182108MS\102118182108MS\Image\main_102118182108MS_img.xml


Uncited Reference

Image: 

<linkTarget id="link-16" type="bib">
<bib id="BIB2">
<last-name>P&amp;#x00E9;rez</last-name>
<author>
<first-name>L.</first-name>
<last-name>P&amp;#x00E9;rez</last-name>
</author>, <last-name>Marquez</last-name>, <author><first-name>J.</first-name><last-name>Marquez</last-name></author>, <last-name>Rojas</last-name>, <author><first-name>M.</first-name><last-name>Rojas</last-name></author>, <pubDate>2015</pubDate>. <article-title>Influence of variation of flow in underwater systems and export collection in offshore gas field. Presented at the SPE WVPS 3rd South American Oil and Gas Congress, Maracaibo, Zulia State, Venezuela, 27&amp;#x2013;30 October </article-title>. SPE-WVS-412.</bib>
</linkTarget>

<linkTarget id="link-17" type="bib">
<bib id="BIB3">
<last-name>P&amp;#x00E9;rez</last-name>
<author>
<first-name>L.</first-name>
<last-name>P&amp;#x00E9;rez</last-name>
</author>, <last-name>Marquez</last-name>, <author><first-name>J.</first-name><last-name>Marquez</last-name></author>, <last-name>Rojas</last-name>, <author><first-name>M.</first-name><last-name>Rojas</last-name></author>, <pubDate>2015</pubDate>. <article-title>Influence of variation of flow in underwater systems and export collection in offshore gas field </article-title>. Presented at the SPE WVPS 3rd South American Oil and Gas Congress, Maracaibo, Zulia State,</bib>
</linkTarget>



**************************************************
