
BPR DEVELOPMENT TEAM
Project : GeoFacets-Project A
Version : v1.0.7
**************************************************


File Name: E:\Bavi\XML Table\Batch_38\23-03-2021\102118185497MS\102118185497MS\Table\main_102118185497MS_tbl.xml


Uncited Reference

Table: 

<linkTarget id="link-6" type="bib">
  <bib id="BIB1">
    <author>
      <first-name></first-name>
      <last-name></last-name>
    </author>Oil $piamp$$ Gas UK <pubDate>(2016)</pubDate> <article-title>Decommissioning Insight</article-title>. Annual survey and report.</bib>
</linkTarget>

<linkTarget id="link-8" type="bib">
  <bib id="BIB3">
    <author>
      <first-name></first-name>
      <last-name></last-name>
    </author>DECC (<pubDate>2011</pubDate>) Guidance notes. <article-title>Decommissioning of offshore oil and gas installations and pipelines under the Petroleum Act 1998</article-title>. Version 6. <journal-title><i>Offshore Decommissioning Unit</i></journal-title>, Department of Energy and Climate Change, March 2011.</bib>
</linkTarget>

<linkTarget id="link-10" type="bib">
  <bib id="BIB5">
    <author>
      <first-name>Wood</first-name>
      <last-name>Mackenzie</last-name>
    </author> <pubDate>(2015)</pubDate> <article-title>UKCS Central North Sea asset report </article-title>. 27th October 2015.</bib>
</linkTarget>

<linkTarget id="link-11" type="bib">
  <bib id="BIB6">
    <author>
      <first-name>Wood</first-name>
      <last-name>Mackenzie</last-name>
    </author> <pubDate>(2015)</pubDate> <article-title>UKCS Central North Sea asset report </article-title>. 27th October 2015.</bib>
</linkTarget>



**************************************************
