
BPR DEVELOPMENT TEAM
Project : GeoFacets-Project A
Version : v1.0.7
**************************************************


File Name: G:\SATHYA\xml-table\BATCH-38\31.3.2021\102118191205MS\102118191205MS\Table\main_102118191205MS_tbl.xml


Uncited Reference

Table: 

<linkTarget id="link-17" type="bib">
  <bib id="BIB1">
    <author>
      <first-name>B.</first-name>
      <last-name>Sinanan</last-name>
    </author>, <author><first-name>D.</first-name><last-name>Evans</last-name></author>, $piamp$$ <author><first-name>M.</first-name><last-name>Budri</last-name></author> <pubDate>(2016)</pubDate>. <article-title>Conceptualizing an Improved Oil Recovery Master Plan for Trinidad $piamp$$ Tobago. Paper SPE 180853 presented at the SPE Trinidad and Tobago Section Energy Resources Conference. Port of Spain, Trinidad and Tobago </article-title>, 13-15 June.</bib>
</linkTarget>

<linkTarget id="link-19" type="bib">
  <bib id="BIB3">
    <author>
      <first-name>R</first-name>
      <last-name>Hosein</last-name>, ., <last-name>Bertrand</last-name>, <last-name>W</last-name>., $piamp$$ <first-name>Dawe</first-name>, <last-name>R</last-name>.</author> <pubDate>(2011, September)</pubDate>. TRINIDAD EOR-1: <article-title>More than 1 billion bbl of heavy oil remain onshore</article-title>. <journal-title><i>Retrieved from Oil $piamp$$ Gas Journal</i></journal-title>: http://www.ogj.com/articles/print/volume-109/issue-36/drillingproduction/ trinidad-eor-1-more-than-1-billion-bbl-of-heavy.html</bib>
</linkTarget>

<linkTarget id="link-20" type="bib">
  <bib id="BIB4">
    <author>
      <first-name>G.</first-name>
      <last-name>Simpson</last-name>
    </author> <pubDate>(1976)</pubDate>. <article-title>Waterflooding the Navette "410" Reservoir. paper SPE 5949 presented at the SPE Petroleum and Exposition Conference. Port-of-Spain, Trinidad </article-title>, 2-3 April.</bib>
</linkTarget>

<linkTarget id="link-23" type="bib">
  <bib id="BIB7">
    <author>
      <first-name>Northern</first-name>
      <last-name>Blizzard</last-name>
    </author>. (<pubDate>2016</pubDate>, <article-title>April) </article-title>. <i>Retrieved from ScotiaBank Global Banking and Markets</i>: http:// www.gbm.scotiabank.com/ScotiaView/conference/2016_CAPP/pdf/2_920_Northern_Blizzard.pdf</bib>
</linkTarget>

<linkTarget id="link-24" type="bib">
  <bib id="BIB8">
    <author>
      <first-name>Northern</first-name>
      <last-name>Blizzard</last-name>
    </author>. (<pubDate>2016</pubDate>, <article-title>April) </article-title>. <i>Retrieved from ScotiaBank Global Banking and Markets</i>: http:// www.gbm.scotiabank.com/ScotiaView/conference/2016_CAPP/pdf/2_920_Northern_Blizzard.pdf</bib>
</linkTarget>

<linkTarget id="link-26" type="bib">
  <bib id="BIB10">
    <author>
      <first-name>W.</first-name>
      <last-name>Kleinitz</last-name>
    </author>, $piamp$$ <author><first-name>W.</first-name><last-name>Littmann</last-name></author> <pubDate>(1995)</pubDate>. <article-title>Polymer Flooding: Appraisal of Four Different Field Projects in Germany. Paper presented at the 8th European Symposium on Improved Oil Recovery. Vienna </article-title>, <journal-title>Austria, 15-17 May </journal-title>, <pages><first-page>1995</first-page></pages>.</bib>
</linkTarget>

<linkTarget id="link-27" type="bib">
  <bib id="BIB11">
    <author>
      <first-name>E.</first-name>
      <last-name>Delamaide</last-name>
    </author>, <author><first-name>B.</first-name><last-name>Bazin</last-name></author>, <author><first-name>D.</first-name><last-name>Rousseau</last-name></author>, $piamp$$ <author><first-name>G.</first-name><last-name>Degre</last-name></author> <pubDate>(2014)</pubDate>. <article-title>Chemical EOR for Heavy Oil: The Canadian Experience. Paper SPE 169715 presented at the SPE EOR Conference at Oil and Gas West Asia. Muscat, Oman </article-title>, 31 March-2 April.</bib>
</linkTarget>

<linkTarget id="link-28" type="bib">
  <bib id="BIB12">
    <author>
      <first-name>E.</first-name>
      <last-name>Delamaide</last-name>
    </author> <pubDate>(2017)</pubDate>. <article-title>Comparison of Steam and Polymer Injection for the Recovery of Heavy Oil. Paper SPE 185728 presented at the SPE Western Regional Meeting. Bakersfield, California, USA </article-title>, 23-27 April.</bib>
</linkTarget>

<linkTarget id="link-29" type="bib">
  <bib id="BIB13">
    <author>
      <first-name>E.</first-name>
      <last-name>Delamaide</last-name>
    </author>, <author><first-name>A.</first-name><last-name>Cuenca</last-name></author>, $piamp$$ <author><first-name>M.</first-name><last-name>Chabert</last-name></author> <pubDate>(2016)</pubDate>. <article-title>State of the Art Review of the Steam Foam Process. Paper SPE 181160 presented at the SPE Latin America and Caribbean Heavy and Extra Heavy Oil Conference. Lima, Peru </article-title>, 19-20 October.</bib>
</linkTarget>

<linkTarget id="link-30" type="bib">
  <bib id="BIB14">
    <author>
      <first-name>D.</first-name>
      <last-name>Yannimaras</last-name>
    </author>, $piamp$$ <author><first-name>R.</first-name><last-name>Kobbe</last-name></author> <pubDate>(1988)</pubDate>. <article-title>Evaluation of Steam-Surfactant-Fuel Gas Co-Current Injection Into Two Patterns of a Mature Steamflood. Paper SPE 17382 presented at the SPE Enhanced Oil Recovery Symposium. Tulsa, Oklahoma, USA </article-title>, 16-21 April.</bib>
</linkTarget>

<linkTarget id="link-31" type="bib">
  <bib id="BIB15">
    <author>
      <first-name>N.</first-name>
      <last-name>Djabbarah</last-name>
    </author>, <author><first-name>S.</first-name><last-name>Weber</last-name></author>, <author><first-name>D.</first-name><last-name>Freeman</last-name></author>, <author><first-name>J.</first-name><last-name>Muscatello</last-name></author>, <author><first-name>J.</first-name><last-name>Ashbaugh</last-name></author>, $piamp$$ <author><first-name>T.</first-name><last-name>Covington</last-name></author> <pubDate>(1990)</pubDate>. <article-title>Laboratory Design and Field Demonstration of Steam Diversion With Foam. Paper SPE 20067 presented at the SPE California Regional Meeting. Ventura, California, USA </article-title>, 4-6 April.</bib>
</linkTarget>

<linkTarget id="link-32" type="bib">
  <bib id="BIB16">
    <author>
      <first-name>S.</first-name>
      <last-name>Mohammadi</last-name>
    </author>, $piamp$$ <author><first-name>J.</first-name><last-name>Tenzer</last-name></author> <pubDate>(1990)</pubDate>. <article-title>Steam-Foam Pilot Project at Dome-Tumbador, Midway Sunset Field: Part 2. Paper SPE 20201 presented at the SPE/DOE Enhanced Oil Recovery Symposium. Tulsa, Oklahoma, USA </article-title>, 22-25 April.</bib>
</linkTarget>

<linkTarget id="link-34" type="bib">
  <bib id="BIB18">
    <author>
      <first-name>M.</first-name>
      <last-name>Chabert</last-name>
    </author>, <author><first-name>D.</first-name><last-name>D'Souza</last-name></author>, <author><first-name>J.</first-name><last-name>Cochran</last-name></author>, <author><first-name>E.</first-name><last-name>Delamaide</last-name></author>, <author><first-name>P.</first-name><last-name>Dwyer</last-name></author>, <author><first-name>L.</first-name><last-name>Nabzar</last-name></author>, $piamp$$ <author><first-name>E.</first-name><last-name>Lacombe</last-name></author> <pubDate>(2016)</pubDate>. <article-title>A CO2 Foam Conformance Pilot in US Gulf Coast Region. Paper SPE-183352 presented at the Abu Dhabi International Petroleum Exhibition $piamp$$ Conference. Abu Dhabi, UAE </article-title>, 7-10 November.</bib>
</linkTarget>

<linkTarget id="link-35" type="bib">
  <bib id="BIB19">
    <author>
      <first-name>M.</first-name>
      <last-name>Chabert</last-name>
    </author>, <author><first-name>D.</first-name><last-name>D'Souza</last-name></author>, <author><first-name>J.</first-name><last-name>Cochran</last-name></author>, <author><first-name>E.</first-name><last-name>Delamaide</last-name></author>, <author><first-name>P.</first-name><last-name>Dwyer</last-name></author>, <author><first-name>L.</first-name><last-name>Nabzar</last-name></author>, $piamp$$ <author><first-name>E.</first-name><last-name>Lacombe</last-name></author> <pubDate>(2016)</pubDate>. <article-title>A CO2 Foam Conformance Pilot in US Gulf Coast Region. Paper SPE-183352 presented at the Abu Dhabi International Petroleum Exhibition $piamp$$ Conference. Abu Dhabi, UAE </article-title>, 7-10 November.</bib>
</linkTarget>

<linkTarget id="link-36" type="bib">
  <bib id="BIB20">
    <author>
      <first-name>E.</first-name>
      <last-name>Delamaide</last-name>
    </author>, <author><first-name>A.</first-name><last-name>Cuenca</last-name></author>, $piamp$$ <author><first-name>M.</first-name><last-name>Chabert</last-name></author> <pubDate>(2016)</pubDate>. <article-title>State of the Art Review of the Steam Foam Process. Paper SPE 181160 presented at the SPE Latin America and Caribbean Heavy and Extra Heavy Oil Conference. Lima, Peru </article-title>, 19-20 October.</bib>
</linkTarget>



**************************************************
