
BPR DEVELOPMENT TEAM
Project : GeoFacets-Project A
Version : v1.0.7
**************************************************


File Name: G:\Shaikha\TABLE\BATCH 38\PDF\24-3-2021\102118183541MS\102118183541MS\Table\main_102118183541MS_tbl.xml


Uncited Reference

Table: 

<linkTarget id="link-39" type="bib">
  <bib id="BIB1">
    <author>
      <first-name>F.</first-name>
      <last-name>Maurer</last-name>
    </author>, <author><first-name>R.</first-name><last-name>Rettori</last-name></author> and <author><first-name>R.</first-name><last-name>Martini</last-name></author> <pubDate>(2008)</pubDate> <article-title>Triassic stratigraphy, facies and evolution of the Arabian shelf in the northern United Arab Emirates </article-title>. <journal-title>International Journal of Earth Sciences </journal-title>, <volume>97</volume>, <pages><first-page>765</first-page><last-page>784</last-page></pages>.</bib>
</linkTarget>

<linkTarget id="link-40" type="bib">
  <bib id="BIB2">
    <author>
      <first-name>J. R.</first-name>
      <last-name>Allan</last-name>
    </author> and <author><first-name>W. D.</first-name><last-name>Wiggins</last-name></author> <pubDate>(1993)</pubDate> <article-title>Dolomite reservoirs: geochemical techniques for evaluating origin and distribution </article-title>.  <journal-title>American Association of Petroleum Geologists</journal-title>.</bib>
</linkTarget>



**************************************************
