
BPR DEVELOPMENT TEAM
Project : GeoFacets-Project A
Version : v1.0.7
**************************************************


File Name: E:\Bavi\XML Table\Batch_38\30-03-2021\102118189880MS\102118189880MS\Table\main_102118173363MS_tbl.xml


Uncited Reference

Table: 

<linkTarget id="link-21" type="bib">
  <bib id="BIB1">
    <author>
      <first-name>B.</first-name>
      <last-name>Lecampion</last-name>
    </author>, <author><first-name>J.</first-name><last-name>Desroches</last-name></author>, <author><first-name>X.</first-name><last-name>Weng</last-name></author>, <author><first-name>J.</first-name><last-name>Burghardt</last-name></author>, $piamp$$ <author><first-name>J. E</first-name><last-name>Brown</last-name></author>. (<pubDate>2015</pubDate>, February 3). <article-title>Can We Engineer Better Multistage Horizontal Completions? Evidence of the Importance of Near-Wellbore Fracture Geometry from Theory, Lab and Field Experiments</article-title>. Society of Petroleum Engineers. doi:<doi>10.2118/173363-MS</doi></bib>
</linkTarget>

<linkTarget id="link-22" type="bib">
  <bib id="BIB2">
    <author>
      <first-name>D.</first-name>
      <last-name>Cuthill</last-name>
    </author>, <author><first-name>W.</first-name><last-name>Yang</last-name>, </author>, $piamp$$ <author><first-name>J.</first-name><last-name>Hardesty</last-name>, </author> (<pubDate>2017</pubDate>, January 24). <article-title>Improved Hydraulic Fracturing Perforation Efficiency Observed with Constant Entry Hole and Constant Penetration Perforating System</article-title>. Society of Petroleum Engineers. doi:<doi>10.2118/184878-MS</doi></bib>
</linkTarget>



**************************************************
