
BPR DEVELOPMENT TEAM
Project : GeoFacets-Project A
Version : v1.0.7
**************************************************


File Name: E:\Bavi\XML Table\Batch_38\23-03-2021\102118180876MS\102118180876MS\Table\main_102118180876MS_tbl.xml


Uncited Reference

Table: 

<linkTarget id="link-10" type="bib">
  <bib id="BIB1">
    <author>
      <first-name></first-name>
      <last-name></last-name>
    </author>http://wiki.aapg.org/Geothermal_energy. Downloaded March <pubDate>2016</pubDate></bib>
</linkTarget>

<linkTarget id="link-11" type="bib">
  <bib id="BIB2">
    <author>
      <first-name></first-name>
      <last-name></last-name>
    </author>www.google.maps.com. Downloaded March <pubDate>2016</pubDate></bib>
</linkTarget>

<linkTarget id="link-13" type="bib">
  <bib id="BIB4">
    <author>
      <first-name>F.</first-name>
      <last-name>Morgan</last-name>, </author>, <pubDate>2006</pubDate> <journal-title><i>Geothermal Resource Prospecting in Qualibou Caldera St Lucia</i></journal-title></bib>
</linkTarget>



**************************************************
