
BPR DEVELOPMENT TEAM
Project : GeoFacets-Project A
Version : v1.0.7
**************************************************


File Name: G:\SATHYA\xml-table\BATCH-38\102118179906MS\102118179906MS\Table\main_102118179906MS_tbl.xml


Uncited Reference

Table: 

<linkTarget id="link-26" type="bib">
  <bib id="BIB7">
    <author>
      <first-name>T. J.</first-name>
      <last-name>Barrett</last-name>
    </author>, <author><first-name>G. M.</first-name><last-name>Anderson</last-name></author>. <pubDate>1988</pubDate>. <article-title>The solubility of sphalerite and galena in 1-5m NaCl solutions to 300$piamp$$#x00B0;C (in </article-title> <i><journal-title>Geochimica et Cosmochimica Acta </journal-title></i><i> </i><b><volume>52</volume></b>: <pages><first-page>813</first-page><last-page>820</last-page></pages>.</bib>
</linkTarget>

<linkTarget id="link-27" type="bib">
  <bib id="BIB8">
    <author>
      <first-name>T. J.</first-name>
      <last-name>Barrett</last-name>
    </author>, <author><first-name>G. M.</first-name><last-name>Anderson</last-name></author>. <pubDate>1988</pubDate>. <article-title>The solubility of sphalerite and galena in 1-5m NaCl solutions to 300$piamp$$#x00B0;C (in </article-title> <i><journal-title>Geochimica et Cosmochimica Acta </journal-title></i><i> </i><b><volume>52</volume></b>: <pages><first-page>813</first-page><last-page>820</last-page></pages>.</bib>
</linkTarget>



**************************************************
