
BPR DEVELOPMENT TEAM
Project : GeoFacets-Project A
Version : v1.0.7
**************************************************


File Name: G:\Shaikha\TABLE\BATCH 38\PDF\29-3-2021\102118190286MS\102118190286MS\Table\main_101021ef4025068_tbl.xml


Uncited Reference

Table: 

<linkTarget id="link-25" type="bib">
  <bib id="BIB2">
    <author>
      <first-name>E T R I.</first-name>
      <last-name>CNPC</last-name>
    </author> <pubDate>2016</pubDate>. <article-title>"World and China Energy Outlook 2050."Beijing</article-title>.</bib>
</linkTarget>

<linkTarget id="link-28" type="bib">
  <bib id="BIB5">
    <author>
      <first-name>Huan</first-name>
      <last-name>Wang</last-name>
    </author>, <author><first-name>Xinwei</first-name><last-name>Liao</last-name></author>, <author><first-name>Xiangji</first-name><last-name>Dou</last-name></author>, <author><first-name>Baobing</first-name><last-name>Shang</last-name></author>, <author><first-name>Heng</first-name><last-name>Ye</last-name></author>, <author><first-name>Dongfeng</first-name><last-name>Zhao</last-name></author>, <author><first-name>Changlin</first-name><last-name>Liao</last-name></author>, and <author><first-name>Xiaoming</first-name><last-name>Chen</last-name></author>.  <pubDate>2014</pubDate>. <article-title>"Potential Evaluation of CO 2 Sequestration and Enhanced Oil Recovery of Low Permeability Reservoir in the Junggar Basin, China."</article-title> <journal-title>Energy $piamp$$ Fuels </journal-title> <volume>28</volume> <issue>(5)</issue>: <pages><first-page>3281</first-page><last-page>91</last-page></pages>. doi:<doi>10.1021/ef4025068</doi>.</bib>
</linkTarget>

<linkTarget id="link-29" type="bib">
  <bib id="BIB6">
    <author>
      <first-name>Chunchun</first-name>
      <last-name>Xu</last-name>
    </author>, <author><first-name>Weidong</first-name><last-name>Zou</last-name></author>, <author><first-name>Yueming</first-name><last-name>Yang</last-name></author>, <author><first-name>Yong</first-name><last-name>Duan</last-name></author>, <author><first-name>Yang</first-name><last-name>Shen</last-name></author>, <author><first-name>Bing</first-name><last-name>Luo</last-name></author>, <author><first-name>Chao</first-name><last-name>Ni</last-name></author>, <author><first-name>Fu</first-name><last-name>Xiaoyong</last-name></author>, and <author><first-name>Jianyong</first-name><last-name>Zhang</last-name></author>. <pubDate>2017</pubDate>. <article-title>"Satus and prospects of exploraton and exploitation of the deep oil $piamp$$ gas resources on shore China." </article-title> <journal-title>Natural Gas Geoscience </journal-title> <volume>28</volume> <issue>(8)</issue>: <pages><first-page>1139</first-page><last-page>53</last-page></pages>.</bib>
</linkTarget>

<linkTarget id="link-31" type="bib">
  <bib id="BIB8">
    <author>
      <last-name>Hu</last-name>
    </author>, <author><last-name>Guo</last-name></author>, <author><first-name>Yiqiang</first-name><last-name>Li</last-name> </author>,<author><first-name>Yuanyuan</first-name> <last-name>Gu</last-name> </author>, and <author><first-name>Fuyong</first-name><last-name>Wang</last-name> </author>. <pubDate>2017c</pubDate>. <article-title>"Comparison of Strong Alkali and Weak Alkali ASP Flooding Pilot Tests in Daqing Oilfield."</article-title><journal-title> SPE Production $piamp$$ Operations In Press</journal-title>: <pages><first-page>1</first-page><last-page>18</last-page></pages>. SPE-179661-PA.</bib>
</linkTarget>



**************************************************
