
BPR DEVELOPMENT TEAM
Project : GeoFacets-Project A
Version : v1.0.7
**************************************************


File Name: E:\maha\table\23-3-21\102118184587MS\102118184587MS\Table\main_102118184587MS_tbl.xml


Uncited Reference

Table: 

<linkTarget id="link-10" type="bib">
  <bib id="BIB1">
    <author>
      <first-name>E.</first-name>
      <last-name>Sunde</last-name>
    </author>, <author><first-name>B. P.</first-name><last-name>Lilleb$piamp$$#x00F8;</last-name></author>, <author><first-name>T.</first-name><last-name>Thorstensen</last-name></author> <pubDate>2004</pubDate>. <article-title>H 2 S Inhibition by Nitrate Injection On The Gullfaks Field. NACE Corrosion 2004, 28 March-1 April, New Orleans, USA </article-title>. NACE-04760.</bib>
</linkTarget>

<linkTarget id="link-11" type="bib">
  <bib id="BIB2">
    <author>
      <first-name>E.</first-name>
      <last-name>Sunde</last-name>
    </author>, <author><first-name>B. P.</first-name><last-name>Lilleb$piamp$$#x00F8;</last-name></author>, <author><first-name>T.</first-name><last-name>Thorstensen</last-name></author> <pubDate>2004</pubDate>. <article-title>H 2 S Inhibition by Nitrate Injection On The Gullfaks Field. NACE Corrosion 2004, 28 March-1 April, New Orleans, USA </article-title>. NACE-04760.</bib>
</linkTarget>



**************************************************
