
BPR DEVELOPMENT TEAM
Project : GeoFacets-Project A
Version : v1.0.7
**************************************************


File Name: E:\Bavi\XML Table\Batch_38\29-03-2021\102118189779MS\102118189779MS\Table\main_102118189779MS_tbl.xml


Uncited Reference

Table: 

<linkTarget id="link-15" type="bib">
  <bib id="BIB1">
    <author>
      <first-name>A.</first-name>
      <last-name>Almanza</last-name>, </author> <pubDate>2016</pubDate>. <article-title>Integrated 3D Geological Model of the Mississippian Devonian Bakken Formation, Elm Coulee, Williston Basin: Richland County, Montana</article-title>. <journal-title><i>Geology-consortia</i></journal-title>, http://geology-consortia.mines.edu/Bakken/NETL_DOE/Fall-2011-meeting/AAlmanza_Bakken_2011.pdf (accessed 4 December 2017)</bib>
</linkTarget>

<linkTarget id="link-18" type="bib">
  <bib id="BIB4">
    <author>
      <first-name></first-name>
      <last-name></last-name>
    </author>EPAC. <pubDate>2015</pubDate>. <journal-title><i>2015 Alberta Royalty Review Enhanced Oil Recovery Discussion Paper</i></journal-title>, Explorers and Producers Association of Canada, Alberta (November 16, 2015).</bib>
</linkTarget>



**************************************************
