
BPR DEVELOPMENT TEAM
Project : GeoFacets-Project A
Version : v1.0.7
**************************************************


File Name: E:\Bavi\XML Table\Batch_38\20-03-2021\102118176660MS\102118176660MS\Table\main_102118176660MS_tbl.xml


Uncited Reference

Table: 

<linkTarget id="link-16" type="bib">
  <bib id="BIB1">
    <author>
      <first-name>W. D.</first-name>
      <last-name>McCain</last-name>
    </author>, <article-title><i>The Properties of Petroleum Fluids</i></article-title>, Second Edition, Penn Well, <pubDate>1990</pubDate>.</bib>
</linkTarget>

<linkTarget id="link-17" type="bib">
  <bib id="BIB2">
    <author>
      <first-name>R.</first-name>
      <last-name>Eresman</last-name>, </author>, <article-title><i>Encana Presentation at Global LNG Summit</i></article-title>, <pubDate>2012</pubDate>.</bib>
</linkTarget>

<linkTarget id="link-18" type="bib">
  <bib id="BIB3">
    <author>
      <first-name>L. E.</first-name>
      <last-name>Gonzalez</last-name>
    </author>, <author><first-name>R.N.</first-name><last-name>Chokshi</last-name> </author>, <article-title>Weatherford Int$piamp$$#x2019;l.- <i>Wellbore Real-Time Monitoring and Analysis for Shale Reservoirs</i></article-title>.- SPE 154520-MS, <pubDate>2012</pubDate>.</bib>
</linkTarget>

<linkTarget id="link-19" type="bib">
  <bib id="BIB4">
    <author>
      <first-name></first-name>
      <last-name></last-name>
    </author>Blackbourn Geological Services Ltd.: $piamp$$#x201C;Western Siberia Hydrocarbon regions$piamp$$#x201D;, <pubDate>2014</pubDate>. http://www.blackbourn.co.uk/</bib>
</linkTarget>

<linkTarget id="link-20" type="bib">
  <bib id="BIB5">
    <author>
      <first-name></first-name>
      <last-name></last-name>
    </author>Blackbourn Geological Services Ltd.: $piamp$$#x201C;Eastern Siberia Hydrocarbon regions$piamp$$#x201D;, <pubDate>2014</pubDate>. http://www.blackbourn.co.uk/</bib>
</linkTarget>



**************************************************
