
BPR DEVELOPMENT TEAM
Project : GeoFacets-Project A
Version : v1.0.7
**************************************************


File Name: E:\Bavi\XML Table\Batch_38\29-03-2021\102118189273MS\102118189273MS\Table\main_102118189273MS_tbl.xml


Uncited Reference

Table: 

<linkTarget id="link-10" type="bib">
  <bib id="BIB1">
    <author>
      <first-name>S.</first-name>
      <last-name>Karmakar</last-name>, </author>, <author><first-name>J.</first-name><last-name>Ghergut</last-name>, </author>, <author><first-name>M.</first-name><last-name>Sauter</last-name>, </author>, <pubDate>2016</pubDate>. <article-title>Early-flowback tracer signals for fracture characterization in an EGS developed in deep crystalline and sedimentary formations: a parametric study</article-title>. <journal-title><i>Geothermics</i></journal-title>, <volume>63</volume>, <pages><first-page>242</first-page><last-page>252</last-page></pages>.</bib>
</linkTarget>

<linkTarget id="link-12" type="bib">
  <bib id="BIB3">
    <author>
      <first-name>P. B.</first-name>
      <last-name>Johnston</last-name>, </author>, <author><first-name>T. C.</first-name><last-name>Atkinson</last-name>, </author>, <author><first-name>N. E.</first-name><last-name>Odling</last-name>, </author>, <author><first-name>J. A.</first-name><last-name>Barker</last-name>, </author>, <pubDate>2005</pubDate>. <article-title>Models of tracer breakthrough and permeability in simple fractured porous media</article-title>. <journal-title><i>Geological Society</i></journal-title>, London, Special Publications, <volume>249</volume> <issue>(1)</issue>, <pages><first-page>91</first-page><last-page>102</last-page></pages>.</bib>
</linkTarget>



**************************************************
