
BPR DEVELOPMENT TEAM
Project : GeoFacets-Project A
Version : v1.0.7
**************************************************


File Name: G:\SATHYA\xml-table\BATCH-38\29.3.2021\102118191838MS\102118191838MS\Table\main_102118191838MS_tbl.xml


Uncited Reference

Table: 

<linkTarget id="link-31" type="bib">
  <bib id="BIB1">
    <author>
      <first-name>H. M</first-name>
      <last-name>Reijenstein</last-name>
    </author>, <author><first-name>C.</first-name><last-name>Lipinski</last-name></author>, <author><first-name>M.</first-name><last-name>Fant$piamp$$#x00ED;n</last-name></author>, et al. <pubDate>2015</pubDate>. <article-title>Where is the Vaca Muerta Sweet Spot? The Importance of Regional Facies Trends, Thickness, and Maturity in Generating Play Concepts. Paper URTeC 2174109 presented at the Unconventional Resources Technology Conference, San Antonio, Texas, USA </article-title>, 20$piamp$$#x2013;22 July.</bib>
</linkTarget>

<linkTarget id="link-32" type="bib">
  <bib id="BIB2">
    <author>
      <first-name>C. O.</first-name>
      <last-name>Davogustto</last-name>
    </author>, <author><first-name>P.</first-name><last-name>Desjardins</last-name></author>, et al. <pubDate>2016</pubDate>. <article-title>Multidisciplinary Characterization of the Vaca Muerta Shale: Data Driven De-Risking of a World Class Resource Play. Paper URTeC 2460081 presented at the SPE/AAPG/SEG Unconventional Resources Technology Conference, San Antonio, Texas, USA </article-title>, 1$piamp$$#x2013;3 August.</bib>
</linkTarget>

<linkTarget id="link-33" type="bib">
  <bib id="BIB3">
    <author>
      <first-name>R. F.</first-name>
      <last-name>Dom$piamp$$#x00ED;nguez</last-name>
    </author>, <author><first-name>I.</first-name><last-name>Lanusse Noguera</last-name></author>, <author><first-name>J.</first-name><last-name>Continanzia</last-name></author>, et al. <pubDate>2016</pubDate>. <article-title>Organic-rich Stratigraphic Units in the Vaca Muerta Formation, and Their Distribution and Characterization in the Neuqu$piamp$$#x00E9;n Basin (Argentina). Unconventional Resources Technology Conference. Paper URTeC 2456851 presented at the SPE/AAPG/SEG Unconventional Resources Technology Conference, San Antonio, Texas, USA </article-title>,  1$piamp$$#x2013;3 August.</bib>
</linkTarget>

<linkTarget id="link-34" type="bib">
  <bib id="BIB4">
    <author>
      <first-name>A.</first-name>
      <last-name>De Barrio</last-name>
    </author>, <author><first-name>P.</first-name><last-name>Ferraresi</last-name></author>, <author><first-name>G.</first-name><last-name>K$piamp$$#x00F6;hler</last-name></author>, <author><first-name>D.</first-name><last-name>Marchal</last-name></author>, and <author><first-name>S.</first-name><last-name>Blanco</last-name></author> <pubDate>2017</pubDate>. <article-title>Estudio comparativo de testigos de corona de las dos secciones enriquecidas de la formaci$piamp$$#x00F3;n Vaca Muerta en la zona de shale gas, noroeste del engolfamiento neuquino. <i>XX Congreso Geol$piamp$$#x00F3;gico Argentino</i>, San Miguel de Tucum$piamp$$#x00E1;n </article-title>, 7$piamp$$#x2013;11 August.</bib>
</linkTarget>

<linkTarget id="link-35" type="bib">
  <bib id="BIB5">
    <author>
      <first-name>R.</first-name>
      <last-name>Uribe</last-name>
    </author>, <author><first-name>Q.</first-name><last-name>German</last-name></author> and and Meendsen, F. <pubDate>2017</pubDate>. <article-title>Selecci$piamp$$#x00F3;n de objetivos estratigr$piamp$$#x00E1;ficos de nter$piamp$$#x00E9;s en la formaci$piamp$$#x00F3;n Vaca Muerta y visi$piamp$$#x00F3;n general del progama piloto Bajo del Choique / La Invernada, cuenca Neuquina. <i>XX Congreso Geol$piamp$$#x00F3;gico Argentino</i>, San Miguel de Tucum$piamp$$#x00E1;n </article-title>, 7$piamp$$#x2013;11 August.</bib>
</linkTarget>

<linkTarget id="link-36" type="bib">
  <bib id="BIB6">
    <author>
      <first-name>G.</first-name>
      <last-name>Gonz$piamp$$#x00E1;lez</last-name>
    </author>, <author><first-name>D.</first-name><last-name>Vallejo</last-name></author>, <author><first-name>P.</first-name><last-name>Desjardins</last-name></author>, et al. <pubDate>2016</pubDate>. <article-title>Transecta Regional de la Formaci$piamp$$#x00F3;n Vaca Muerta$piamp$$#x2013;Integraci$piamp$$#x00F3;n de s$piamp$$#x00ED;smica, registros de pozos, coronas y afloramientos. <i>Special Publication from Instituto Argentino de Petr$piamp$$#x00F3;leo y el Gas (IAPG)</i>: 252 p </article-title>. Buenos Aires.</bib>
</linkTarget>



**************************************************
