
BPR DEVELOPMENT TEAM
Project : GeoFacets-Project A
Version : v1.0.7
**************************************************


File Name: G:\Shaikha\TABLE\BATCH 38\PDF\22-3-2021\102118179568MS\102118179568MS\Table\main_102118179568MS_tbl.xml


Uncited Reference

Table: 

<linkTarget id="link-10" type="bib">
  <bib id="BIB1">
    <author>
      <first-name>P. M.</first-name>
      <last-name>Jarrell</last-name>
    </author>, <author><first-name>C. E.</first-name><last-name>Fox</last-name></author>, <author><first-name>M. H.</first-name><last-name>Stein</last-name></author>, and <author><first-name>S. L.</first-name><last-name>Webb</last-name></author> <pubDate>2002</pubDate>. Practical Aspects of CO2 Flooding, <i>SPE Monograph Series, </i>vol.  <pages><first-page>22</first-page></pages>. Richardson, Texas: Society of Petroleum Engineers.</bib>
</linkTarget>

<linkTarget id="link-11" type="bib">
  <bib id="BIB2">
    <author>
      <first-name>P. M.</first-name>
      <last-name>Jarrell</last-name>
    </author>, <author><first-name>C. E.</first-name><last-name>Fox</last-name></author>, <author><first-name>M. H.</first-name><last-name>Stein</last-name></author>, and <author><first-name>S. L.</first-name><last-name>Webb</last-name></author> <pubDate>2002</pubDate>. Practical Aspects of CO2 Flooding, <i>SPE Monograph Series, </i>vol.  <pages><first-page>22</first-page></pages>. Richardson, Texas: Society of Petroleum Engineers.</bib>
</linkTarget>

<linkTarget id="link-12" type="bib">
  <bib id="BIB3">
    <author>
      <first-name>S. S. K.</first-name>
      <last-name>Sim</last-name>
    </author> <pubDate>1993</pubDate>. Pressure-Volume-Temperature Correlations for Crude Oils from the Illinois Basin. Champaign, Illinois, Illinois State Geological Survey, Illinois Petroleum <pages><first-page>140</first-page></pages>.</bib>
</linkTarget>

<linkTarget id="link-14" type="bib">
  <bib id="BIB5">
    <author>
      <first-name>S. M.</first-name>
      <last-name>Frailey</last-name>
    </author>, <author><first-name>I. G.</first-name><last-name>Krapac</last-name></author>, <author><first-name>J. R.</first-name><last-name>Damico</last-name></author>, <author><first-name>R. T.</first-name><last-name>Okwen</last-name></author>, and <author><first-name>R. W.</first-name><last-name>McKaskle</last-name></author> <pubDate>2012</pubDate>. <i>CO2 Storage and Enhanced Oil Recovery: Bald Unit Test Site, Mumford Hills Oil Field, Posey County, </i>Indiana. J.H. Goodwin and C.C. Monson (eds.), Champaign, Illinois, Illinois State Geological Survey, Open File Series <pages><first-page>2012</first-page><last-page>5</last-page></pages>.</bib>
</linkTarget>

<linkTarget id="link-15" type="bib">
  <bib id="BIB6">
    <author>
      <first-name>S. M.</first-name>
      <last-name>Frailey</last-name>
    </author>, <author><first-name>I. G.</first-name><last-name>Krapac</last-name></author>, <author><first-name>J. R.</first-name><last-name>Damico</last-name></author>, <author><first-name>R. T.</first-name><last-name>Okwen</last-name></author>, and <author><first-name>R. W.</first-name><last-name>McKaskle</last-name></author> <pubDate>2012</pubDate>. <i>CO2 Storage and Enhanced Oil Recovery: Bald Unit Test Site, Mumford Hills Oil Field, Posey County, </i>Indiana. J.H. Goodwin and C.C. Monson (eds.), Champaign, Illinois, Illinois State Geological Survey, Open File Series <pages><first-page>2012</first-page><last-page>5</last-page></pages>.</bib>
</linkTarget>

<linkTarget id="link-16" type="bib">
  <bib id="BIB7">
    <author>
      <first-name>S. M.</first-name>
      <last-name>Frailey</last-name>
    </author>, <author><first-name>I. G.</first-name><last-name>Krapac</last-name></author>, <author><first-name>J. R.</first-name><last-name>Damico</last-name></author>, <author><first-name>R. T.</first-name><last-name>Okwen</last-name></author>, and <author><first-name>R. W.</first-name><last-name>McKaskle</last-name></author> <pubDate>2012</pubDate>. <i>CO2 Storage and Enhanced Oil Recovery: Bald Unit Test Site, Mumford Hills Oil Field, Posey County, </i>Indiana. J.H. Goodwin and C.C. Monson (eds.), Champaign, Illinois, Illinois State Geological Survey, Open File Series <pages><first-page>2012</first-page><last-page>5</last-page></pages>.</bib>
</linkTarget>

<linkTarget id="link-17" type="bib">
  <bib id="BIB8">
    <author>
      <first-name>S. M.</first-name>
      <last-name>Frailey</last-name>
    </author>, <author><first-name>I. G.</first-name><last-name>Krapac</last-name></author>, <author><first-name>J. R.</first-name><last-name>Damico</last-name></author>, <author><first-name>R. T.</first-name><last-name>Okwen</last-name></author>, and <author><first-name>R. W.</first-name><last-name>McKaskle</last-name></author> <pubDate>2012</pubDate>. <i>CO2 Storage and Enhanced Oil Recovery: Bald Unit Test Site, Mumford Hills Oil Field, Posey County, </i>Indiana. J.H. Goodwin and C.C. Monson (eds.), Champaign, Illinois, Illinois State Geological Survey, Open File Series <pages><first-page>2012</first-page><last-page>5</last-page></pages>.</bib>
</linkTarget>



**************************************************
