
BPR DEVELOPMENT TEAM
Project : GeoFacets-Project A
Version : v1.0.7
**************************************************


File Name: E:\Bavi\XML Table\Batch_38\22-03-2021\102118177060MS\102118177060MS\Table\main_102118177060MS_tbl.xml


Uncited Reference

Table: 

<linkTarget id="link-17" type="bib">
  <bib id="BIB1">
    <author>
      <first-name>Allard W.</first-name>
      <last-name>Martinius</last-name>
    </author>, <author><first-name>Jan</first-name><last-name>Hegner</last-name></author>, <author><first-name>Inge</first-name><last-name>Kaas</last-name></author>, <author><first-name>Celia</first-name><last-name>Bejarano</last-name></author>, <author><first-name>Xavier</first-name><last-name>Mathieu</last-name></author>, and <author><first-name>Rune</first-name><last-name>Mj$piamp$$#x00F8;s</last-name></author>, <pubDate>2012</pubDate>. <article-title>Sedimentology and depositional model for the Early Miocene Oficina Formation in the Petrodecede$piamp$$#x00F1;o Field (Orinoco heavy-oil belt, Venezuela)</article-title>. <journal-title><i>Marine and Petroleum Geology</i></journal-title> <volume>35</volume> <issue>(2012)</issue>: <pages><first-page>354</first-page><last-page>380</last-page></pages>.</bib>
</linkTarget>

<linkTarget id="link-18" type="bib">
  <bib id="BIB2">
    <author>
      <first-name>Allard W.</first-name>
      <last-name>Martinius</last-name>
    </author>, <author><first-name>Jan</first-name><last-name>Hegner</last-name></author>, <author><first-name>Inge</first-name><last-name>Kaas</last-name></author>, <author><first-name>Celia</first-name><last-name>Bejarano</last-name></author>, <author><first-name>Xavier</first-name><last-name>Mathieu</last-name></author>, and <author><first-name>Rune</first-name><last-name>Mj$piamp$$#x00F8;s</last-name></author>, <pubDate>2012</pubDate>. <article-title>Sedimentology and depositional model for the Early Miocene Oficina Formation in the Petrodecede$piamp$$#x00F1;o Field (Orinoco heavy-oil belt, Venezuela)</article-title>. <journal-title><i>Marine and Petroleum Geology</i></journal-title> <volume>35</volume> <issue>(2012)</issue>: <pages><first-page>354</first-page><last-page>380</last-page></pages>.</bib>
</linkTarget>

<linkTarget id="link-19" type="bib">
  <bib id="BIB3">
    <author>
      <first-name>A.</first-name>
      <last-name>Vega</last-name>
    </author> and <author><first-name>I.</first-name><last-name>Rojas</last-name></author> <pubDate>1987</pubDate>. <article-title>Exploration and evaluation of the Zuata area, Orinoco oil belt, Venezuela</article-title>. <journal-title><i>Journal of Petroleum Geology</i></journal-title>, v. <volume>10</volume>: p. <pages><first-page>163</first-page><last-page>176</last-page></pages>.</bib>
</linkTarget>

<linkTarget id="link-20" type="bib">
  <bib id="BIB4">
    <author>
      <first-name>Allard W.</first-name>
      <last-name>Martinius</last-name>
    </author>, <author><first-name>Jan</first-name><last-name>Hegner</last-name></author>, <author><first-name>Inge</first-name><last-name>Kaas</last-name></author>, <author><first-name>Celia</first-name><last-name>Bejarano</last-name></author>, <author><first-name>Xavier</first-name><last-name>Mathieu</last-name></author>, and <author><first-name>Rune</first-name><last-name>Mj$piamp$$#x00F8;s</last-name></author>, <pubDate>2012</pubDate>. <article-title>Sedimentology and depositional model for the Early Miocene Oficina Formation in the Petrodecede$piamp$$#x00F1;o Field (Orinoco heavy-oil belt, Venezuela)</article-title>. <journal-title><i>Marine and Petroleum Geology</i></journal-title> <volume>35</volume> <issue>(2012)</issue>: <pages><first-page>354</first-page><last-page>380</last-page></pages>.</bib>
</linkTarget>

<linkTarget id="link-21" type="bib">
  <bib id="BIB5">
    <author>
      <first-name>M. J. P.</first-name>
      <last-name>Gouw</last-name>
    </author> <pubDate>2007</pubDate>. <article-title>Alluvial architecture of fluvio-deltaic successions: a review with special reference to Holocene settings</article-title>. <journal-title><i>Netherlands Journal of Geosciences $piamp$$#x2013; Geologie en Mijnbouw</i></journal-title> <volume>86-3</volume>: <pages><first-page>211</first-page><last-page>227</last-page></pages>.</bib>
</linkTarget>

<linkTarget id="link-22" type="bib">
  <bib id="BIB6">
    <author>
      <first-name>H. J. T.</first-name>
      <last-name>Weerts</last-name>
    </author> <pubDate>1996</pubDate>. <article-title>Complex Confining Layers. Architecture and hydraulic properties of Holocene and Late Weichselian deposits in the fluvial Rhine-Meuse delta, the Netherlands. Published PhD Thesis Utrecht University</article-title>. <journal-title>Netherlands Geographical Studies</journal-title> <volume>213</volume>: <pages><first-page>189</first-page></pages> pp.</bib>
</linkTarget>



**************************************************
