
BPR DEVELOPMENT TEAM
Project : GeoFacets-Project A
Version : v1.0.7
**************************************************


File Name: G:\SATHYA\xml-table\BATCH-38\27.3.2021\102118190392MS\102118190392MS\Image\main_102118190392MS_img.xml


Uncited Reference

Image: 

<linkTarget id="link-17" type="bib">
<bib id="BIB1">
<author>
<first-name>K.</first-name>
<last-name>Al-Shuaili</last-name>
</author>, <author><first-name>S.</first-name><last-name>Guntupalli</last-name></author>, <author><first-name>M.</first-name><last-name>Al-Amri</last-name></author>, <author><first-name>Z.</first-name><last-name>Nurzaman</last-name></author>, <author><first-name>G.</first-name><last-name>Al-Hinai</last-name></author>, <article-title>Svec. Y., "Alkali-Surfactant-Polymer Pilot Implementation in South Oman: Establishing Waterflood Baseline" </article-title>. <journal-title>SPE 179752 presented at the SPE EOR Conference at Oil &amp;#x0026; Gas West Asia held in Muscat </journal-title>, <pages><first-page>21</first-page><last-page>23</last-page></pages> <pubDate>March 2016</pubDate>.</bib>
</linkTarget>

<linkTarget id="link-18" type="bib">
<bib id="BIB2">
<author>
<first-name>M.</first-name>
<last-name>Al-Shidi</last-name>
</author>, <author><first-name>H.</first-name><last-name>Al-Hadhrami</last-name></author>, <author><first-name>M.</first-name><last-name>Syed</last-name></author>, <author><first-name>K.</first-name><last-name>Al-Shuaili</last-name></author>, <author><first-name>G.</first-name><last-name>Philip</last-name></author>, <author><first-name>P. M.</first-name><last-name>Hagemeijer</last-name></author>, <author><first-name>S.</first-name><last-name>De Kruijf</last-name></author> <article-title>"Treatment of Alkaline Surfactant Polymer Flood Produced Chemicals in a Custom built Flowloop Separation Facility" </article-title>. <journal-title>SPE 190370 presented at the SPE EOR Conference at Oil &amp;#x0026; Gas West Asia held in Muscat </journal-title>, <pages><first-page>26</first-page><last-page>28</last-page></pages> <pubDate>March 2018</pubDate>.</bib>
</linkTarget>

<linkTarget id="link-19" type="bib">
<bib id="BIB3">
<author>
<first-name>M.</first-name>
<last-name>Al-Shidi</last-name>
</author>, <author><first-name>H.</first-name><last-name>Al-Hadhrami</last-name></author>, <author><first-name>M.</first-name><last-name>Syed</last-name></author>, <author><first-name>K.</first-name><last-name>Al-Shuaili</last-name></author>, <author><first-name>G.</first-name><last-name>Philip</last-name></author>, <author><first-name>P. M.</first-name><last-name>Hagemeijer</last-name></author>, <author><first-name>S.</first-name><last-name>De Kruijf</last-name></author> <article-title>"Treatment of Alkaline Surfactant Polymer Flood Produced Chemicals in a Custom built Flowloop Separation Facility" </article-title>. <journal-title>SPE 190370 presented at the SPE EOR Conference at Oil &amp;#x0026; Gas West Asia held in Muscat </journal-title>, <pages><first-page>26</first-page><last-page>28</last-page></pages> <pubDate>March 2018</pubDate>.</bib>
</linkTarget>

<linkTarget id="link-20" type="bib">
<bib id="BIB4">
<author>
<first-name>S.</first-name>
<last-name>Guntupalli</last-name>
</author>, <author><first-name>J.</first-name><last-name>Kechichian</last-name></author>, <author><first-name>A.</first-name><last-name>Al-Yaarubi</last-name></author>, <author><first-name>A.</first-name><last-name>Al-Amri</last-name></author>, <author><first-name>M.</first-name><last-name>Al-Amri</last-name></author>, <author><first-name>G.</first-name><last-name>Al-Hinai</last-name></author>, <author><first-name>K.</first-name><last-name>Al-Shuaili</last-name></author>, <article-title>Svec. Y., Al Habsi, Y. "A Successful ASP Sweep Evaluation in a Field Pilot" </article-title>. <journal-title>SPE 190462 presented at the SPE EOR Conference at Oil &amp;#x0026; Gas West Asia held in Muscat </journal-title>, <pages><first-page>26</first-page><last-page>28</last-page></pages> <pubDate>March 2018</pubDate>.</bib>
</linkTarget>



**************************************************
