
BPR DEVELOPMENT TEAM
Project : GeoFacets-Project A
Version : v1.0.7
**************************************************


File Name: E:\Dinesh08\XML_Table\Table\Batch-38\26-3-2021\102118185701MS\102118185701MS\Table\main_102118185701MS_tbl.xml


Uncited Reference

Table: 

<linkTarget id="link-20" type="bib">
  <bib id="BIB1">
    <author>
      <first-name>A. L.</first-name>
      <last-name>Satake</last-name>
    </author> <article-title>Newton's Solution.  LSU research Magazine </article-title><i />, (20-23) <pubDate>(2015)</pubDate>.</bib>
</linkTarget>

<linkTarget id="link-21" type="bib">
  <bib id="BIB2">
    <author>
      <first-name>W. J</first-name>
      <last-name>Mohammed</last-name>
    </author>, <author><first-name>M. S.</first-name><last-name>Al Jawad</last-name></author> and <author><first-name>D. A.</first-name><last-name>Al-Shamaa</last-name></author>. <article-title>Reservoir Flow Simulation study for a Sector in Main Pay-South Rumaila Oil Field. SPE Oil and Gas India Conference and Exhibition, Mumbai </article-title>, India <pubDate>(2010)</pubDate>. http://dx.doi.org/10.2118/126427-MS.</bib>
</linkTarget>



**************************************************
