
BPR DEVELOPMENT TEAM
Project : GeoFacets-Project A
Version : v1.0.7
**************************************************


File Name: G:\Shaikha\TABLE\BATCH 38\PDF\24-3-2021\102118184107MS\102118184107MS\Image\main_102118184107MS_img.xml


Uncited Reference

Image: 

<linkTarget id="link-51" type="bib">
<bib id="BIB2">
<author>
<first-name>C.A.</first-name>
<last-name>Wright</last-name></author>,<author><first-name> R.A.</first-name> <last-name>Conant</last-name></author>, <author><first-name>G.M.</first-name> <last-name>Golich</last-name></author>, <author><first-name>P.L.</first-name> <last-name>Bondor</last-name></author>,<author><first-name>A.S.</first-name> <last-name>Murer</last-name></author>, and <author><first-name>C.A.</first-name> <last-name>Dobie</last-name></author>,<pubDate> 1995</pubDate>. <article-title>"Hydraulic Fracture Orientation and Production/Injection Induced Reservoir Stress Changes in Diatomite Waterfloods</article-title>."</bib>
</linkTarget>

<linkTarget id="link-52" type="bib">
<bib id="BIB3">
<author>
<first-name> E.</first-name>
<last-name>De Rouffignac</last-name></author>, and <author><first-name>P.L.</first-name> <last-name>Bondor</last-name></author>,<pubDate>1995</pubDate>, <article-title>"Land Subsidence and Well Failure in the Belridge Diatomite Oil field, Kern County, California"</article-title>.</bib>
</linkTarget>

<linkTarget id="link-53" type="bib">
<bib id="BIB4">
<author>
<first-name> S.</first-name>
<last-name>Vasudevan</last-name></author>,<author><first-name> D.M.</first-name><last-name> Willberg</last-name></author>,<author><first-name> J.A.</first-name> <last-name>Wise</last-name></author>,<author><first-name>T.L.</first-name> <last-name>Gorham</last-name></author>,<author><first-name> R.C.</first-name> <last-name>Dacar</last-name></author>,<author><first-name> P.F.</first-name><last-name> Sullivan</last-name></author>,<author><first-name> C.L.</first-name><last-name>Boney</last-name></author>,<author><first-name> F.</first-name><last-name>Mueller</last-name></author>,<pubDate>2001</pubDate>,<article-title>"Field Test of a Novel Low Viscosity Fracturing Fluid in the Lost Hills Field, California</article-title>"</bib>
</linkTarget>

<linkTarget id="link-56" type="bib">
<bib id="BIB7">
<author>
<first-name>D.</first-name>
<last-name>Doornhof</last-name>
</author>, <author><first-name>T. G.</first-name><last-name>Kristiansen</last-name></author>, <author><first-name>N. B.</first-name><last-name>Nagel</last-name></author>, <author><first-name>D. P.</first-name><last-name>Philip</last-name></author>, <author><first-name>C.</first-name><last-name>Sayers</last-name></author> (Autumn <pubDate>2006</pubDate>). <article-title>Compaction and Subsidence </article-title>. <journal-title>Schlumberger Oilfield Review </journal-title>. <volume>18</volume><issue>(3)</issue>, <pages><first-page>50</first-page><last-page>68</last-page></pages>.</bib>
</linkTarget>



**************************************************
