
BPR DEVELOPMENT TEAM
Project : GeoFacets-Project A
Version : v1.0.7
**************************************************


File Name: E:\maha\table\23-3-21\27-3-21\102118185037MS\102118185037MS\Image\main_102118185037MS_img.xml


Uncited Reference

Image: 

<linkTarget id="link-17" type="bib">
<bib id="BIB1">
<author>
<first-name>E P A C.</first-name>
<last-name>2015</last-name>
</author>. <pubDate>2015</pubDate> <article-title>Alberta Royalty Review Enhanced Oil Recovery Discussion Paper, Explorers and Producers Association of Canada </article-title>, <journal-title>Alberta (November </journal-title> <volume>16</volume>, <pages><first-page>2015</first-page></pages>).</bib>
</linkTarget>

<linkTarget id="link-18" type="bib">
<bib id="BIB2">
<author>
<first-name>M.</first-name>
<last-name>Mitariten</last-name>
</author> <article-title>2009 (updated). Economic N2 Removal </article-title>. <i>Hydrocarbon Engineering Magazine</i>. <pubDate>July 2004</pubDate>.</bib>
</linkTarget>

<linkTarget id="link-19" type="bib">
<bib id="BIB3">
<author>
<first-name>M.</first-name>
<last-name>Godec</last-name>
</author> <pubDate>2014</pubDate>. <article-title>Carbon Dioxide Enhanced Oil Recovery. American Oil &amp;#x0026; Gas Reporter </article-title><i />. <journal-title>February </journal-title> <pages><first-page>2014</first-page></pages>.</bib>
</linkTarget>



**************************************************
