
BPR DEVELOPMENT TEAM
Project : GeoFacets-Project A
Version : v1.0.7
**************************************************


File Name: E:\Dinesh08\XML_Table\Table\Batch-38\22-3-2021\SET2\102118180796MS\102118180796MS\Table\main_102118180796MS_tbl.xml


Uncited Reference

Table: 

<linkTarget id="link-15" type="bib">
  <bib id="BIB2">
    <author>
      <first-name>P.</first-name>
      <last-name>Diagle Timothy</last-name>
    </author> <article-title>Ultra Deep Water Discharge of Produced Water and/or Solids at the Seabed, RPSEA Contract No. 09121-3100-01 [Report]. - Sugar Land </article-title>, Texas: RPSEA, <pubDate>2012</pubDate>.</bib>
</linkTarget>

<linkTarget id="link-17" type="bib">
  <bib id="BIB4">
    <author>
      <first-name>P.</first-name>
      <last-name>Diagle Timothy</last-name>
    </author> <article-title>Ultra Deep Water Discharge of Produced Water and/or Solids at the Seabed, RPSEA Contract No. 09121-3100-01 [Report]. - Sugar Land </article-title>, Texas: RPSEA, <pubDate>2012</pubDate>.</bib>
</linkTarget>

<linkTarget id="link-19" type="bib">
  <bib id="BIB6">
    <author>
      <first-name>Zhang Jianfeng Subsea Produced Water Sensor</first-name>
      <last-name>Development</last-name>
    </author>, <author><first-name>Contract No</first-name><last-name>RPSEA</last-name></author>. 12121-6301-03 [Report]. - Houston, Texas: RPSEA, <pubDate>2015</pubDate>.</bib>
</linkTarget>

<linkTarget id="link-20" type="bib">
  <bib id="BIB7">
    <author>
      <first-name>P.</first-name>
      <last-name>Diagle Timothy</last-name>
    </author> <article-title>Ultra Deep Water Discharge of Produced Water and/or Solids at the Seabed, RPSEA Contract No. 09121-3100-01 [Report]. - Sugar Land </article-title>, Texas: RPSEA, <pubDate>2012</pubDate>.</bib>
</linkTarget>

<linkTarget id="link-21" type="bib">
  <bib id="BIB8">
    <author>
      <first-name>Zhang Jianfeng Subsea Produced Water Sensor</first-name>
      <last-name>Development</last-name>
    </author>, <author><first-name>Contract No</first-name><last-name>RPSEA</last-name></author>. 12121-6301-03 [Report]. - Houston, Texas: RPSEA, <pubDate>2015</pubDate>.</bib>
</linkTarget>

<linkTarget id="link-22" type="bib">
  <bib id="BIB9">
    <author>
      <first-name>Zhang Jianfeng Subsea Produced Water Sensor</first-name>
      <last-name>Development</last-name>
    </author>, <author><first-name>Contract No</first-name><last-name>RPSEA</last-name></author>. 12121-6301-03 [Report]. - Houston, Texas: RPSEA, <pubDate>2015</pubDate>.</bib>
</linkTarget>



**************************************************
