
BPR DEVELOPMENT TEAM
Project : GeoFacets-Project A
Version : v1.0.7
**************************************************


File Name: E:\Bavi\XML Table\Batch_38\22-03-2021\102118176950MS\102118176950MS\Image\main_102118176950MS_img.xml


Uncited Reference

Image: 

<linkTarget id="link-10" type="bib">
<bib id="BIB3">
<author>
<first-name></first-name>
<last-name></last-name>
</author>SBC Energy Institute. <pubDate>2015</pubDate>. <article-title>Gas Hydrate Survey Analysis</article-title>. <journal-title><i>Natural Gas Series. (forthcoming)</i></journal-title>.</bib>
</linkTarget>

<linkTarget id="link-11" type="bib">
<bib id="BIB4">
<author>
<first-name></first-name>
<last-name></last-name>
</author>SBC Energy Institute. <pubDate>2015</pubDate>. <article-title>Gas Hydrate Survey Analysis</article-title>. <journal-title><i>Natural Gas Series. (forthcoming)</i></journal-title>.</bib>
</linkTarget>

<linkTarget id="link-13" type="bib">
<bib id="BIB6">
<author>
<first-name></first-name>
<last-name></last-name>
</author>SBC Energy Institute. <pubDate>2015</pubDate>. <article-title>Gas Hydrate Patent Analysis</article-title>. <journal-title><i>Natural Gas Series. (forthcoming)</i></journal-title>.</bib>
</linkTarget>



**************************************************
