
BPR DEVELOPMENT TEAM
Project : GeoFacets-Project A
Version : v1.0.7
**************************************************


File Name: G:\Shaikha\TABLE\BATCH 38\PDF\24-3-2021\25-3-2021\102118186431MS\102118186431MS\Table\main_102118186431MS_tbl.xml


Uncited Reference

Table: 

<linkTarget id="link-14" type="bib">
  <bib id="BIB1">
    <author>
      <first-name>L. H.</first-name>
      <last-name>Zhu</last-name>
    </author>, <author><first-name>Q. L.</first-name><last-name>Du</last-name></author>, <author><first-name>H. L.</first-name><last-name>Liu</last-name></author>, and <author><first-name>W. F.</first-name><last-name>Cao</last-name></author> <pubDate>2007</pubDate>.<article-title>Remaining Oil Distribution Identification and Development Method, in Ji, B. Y., and Li, Y. X., eds</article-title>. <journal-title>Multi-Discipline Study and Application in Daqing Oilfield. Beijing, China: Petroleum Industry Press</journal-title>.</bib>
</linkTarget>

<linkTarget id="link-15" type="bib">
  <bib id="BIB2">
    <author>
      <first-name>D. P.</first-name>
      <last-name>Wang</last-name>
    </author> <pubDate>2011</pubDate>. <article-title>Improved Oil Recovery Technology Advancement of Shengli Oilfield at Extra-High Water-cut Development Stage. Presented at the 2011 China Oil and Gas Development Congress held in Jinan, China , 15-17 November</article-title>.</bib>
</linkTarget>



**************************************************
