
BPR DEVELOPMENT TEAM
Project : GeoFacets-Project A
Version : v1.0.7
**************************************************


File Name: G:\Shaikha\TABLE\BATCH 38\PDF\29-3-2021\102118189132MS\102118189132MS\Image\main_102118189132MS_img.xml


Uncited Reference

Image: 

<linkTarget id="link-18" type="bib">
<bib id="BIB2">
<author>
<first-name>L. P.</first-name>
<last-name>Dake</last-name>
</author>: <article-title>Fundamentals of Reservoir Engineering, Elsevier Science B.V., Amsterdam</article-title> <pubDate>(1978)</pubDate>, <pages><first-page>84</first-page><last-page>94</last-page></pages>.</bib>
</linkTarget>

<linkTarget id="link-19" type="bib">
<bib id="BIB3">
<author>
<first-name>Ahmed</first-name>
<last-name>Tarek</last-name>
</author>: <article-title>Reservoir Engineering Handbook, Butterworth-Heinemann., Woburn, MA</article-title> <pubDate>(2001)</pubDate>, <pages><first-page>718</first-page><last-page>730</last-page></pages>.</bib>
</linkTarget>

<linkTarget id="link-20" type="bib">
<bib id="BIB4">
<author>
<first-name>Ivan</first-name>
<last-name>Sandrea</last-name>
</author> and <author><first-name>Rafael</first-name><last-name>Sandrea</last-name></author>: <article-title>"Global Oil Reserves - Recovery Factors Leave Vast Target for EOR Technologies," </article-title> <journal-title>Oil &amp;#x0026; Gas Journal </journal-title> <pubDate>(Nov 2007)</pubDate>, <pages><first-page>6</first-page></pages>.</bib>
</linkTarget>

<linkTarget id="link-23" type="bib">
<bib id="BIB7">
<author>
<first-name>D.</first-name>
<last-name>Edward</last-name>
</author> <article-title>Holstein (editor): Petroleum Engineering Handbook</article-title>, <journal-title>Society of Petroleum Engineers (SPE)</journal-title>, Vol . V(B)<pubDate>(2007)</pubDate>,<volume>903</volume>,<pages><first-page>933</first-page><last-page>935</last-page></pages></bib>
</linkTarget>



**************************************************
