
BPR DEVELOPMENT TEAM
Project : GeoFacets-Project A
Version : v1.0.7
**************************************************


File Name: E:\Bavi\XML Table\Batch_38\27-03-2021\102118188657MS\102118188657MS\Table\main_102118174301MS_tbl.xml


Uncited Reference

Table: 

<linkTarget id="link-11" type="bib">
  <bib id="BIB1">
    <author>
      <first-name>Garcia</first-name> <last-name>Lugo</last-name></author>, <pubDate>2011</pubDate>). <article-title>Using Analogs to Generate Production Forecast in Faja</article-title>. WHOC <pages><first-page>11</first-page><last-page>141</last-page></pages>; WHOC; Edmonton, Alberta.</bib>
</linkTarget>

<linkTarget id="link-12" type="bib">
  <bib id="BIB2">
    <author>
      <first-name>R.</first-name>
      <last-name>Coll</last-name>
    </author>, <author><first-name>E.</first-name><last-name>Escobar</last-name></author>, <author><first-name>M.</first-name><last-name>Le$piamp$$#x00F3;n-Carrera</last-name></author>, <author><first-name>S.</first-name><last-name>P$piamp$$#x00E9;rez</last-name></author> (Repsol S.A.), (June, <pubDate>2015</pubDate>). <article-title>Assessment and Ranking of EOR Strategies for Giant Extra-Heavy Oil Fields</article-title>. Society of Petroleum Engineers. doi: <doi>10.2118/174301-MS</doi>.</bib>
</linkTarget>



**************************************************
