
BPR DEVELOPMENT TEAM
Project : GeoFacets-Project A
Version : v1.0.7
**************************************************


File Name: G:\SATHYA\xml-table\BATCH-38\26.3.2021\102118188642MS\102118188642MS\Table\main_102118188642MS_tbl.xml


Uncited Reference

Table: 

<linkTarget id="link-15" type="bib">
  <bib id="BIB1">
    <author>
      <first-name>M.</first-name>
      <last-name>Economides</last-name>
    </author>, <author><first-name>C.</first-name><last-name>Brand</last-name></author>, and <author><first-name>T.</first-name><last-name>Frick</last-name></author> <pubDate>1996</pubDate>. <article-title>Well Configurations in Anisotropic Reservoirs. <i>SPE Formation Evaluation</i>: 257$piamp$$#x2014;262 </article-title>. SPE-27980. http://dx.doi.org/10.2118/27980.</bib>
</linkTarget>

<linkTarget id="link-16" type="bib">
  <bib id="BIB2">
    <author>
      <first-name>G.</first-name>
      <last-name>Edmonstone</last-name>
    </author>, <author><first-name>C.</first-name><last-name>Kofoed</last-name></author>, <author><first-name>A.</first-name><last-name>Jackson</last-name></author>, <author><first-name>S.</first-name><last-name>Parihar</last-name></author>, <author><first-name>A.</first-name><last-name>Alvarez</last-name></author>, <author><first-name>S.</first-name><last-name>Mumtaz</last-name></author>, <author><first-name>G.</first-name><last-name>Abdouche</last-name></author>, <author><first-name>C.</first-name><last-name>Shuchart</last-name></author>, <author><first-name>C.</first-name><last-name>Mayer</last-name></author> and <author><first-name>A.</first-name><last-name>Troshko</last-name></author> <pubDate>2014</pubDate>. <article-title>ICD Well History and Future Use in Giant Offshore Oilfield, Abu Dhabi. Presented at the Abu Dhabi International Petroleum Exhibition and Conference, Abu Dhabi, UAE, 10$piamp$$#x2014;13 November </article-title>. SPE-171836-MS. http://dx.doi.org/10.2118/171836-MS.</bib>
</linkTarget>



**************************************************
