
BPR DEVELOPMENT TEAM
Project : GeoFacets-Project A
Version : v1.0.7
**************************************************


File Name: E:\Dinesh08\XML_Table\Table\Batch-38\27-3-2021\Process\102118191239MS\102118191239MS\Image\main_102118191239MS_img.xml


Uncited Reference

Image: 

<linkTarget id="link-15" type="bib">
<bib id="BIB3">
<author>
<first-name>Wood</first-name>
<last-name>Mackenzie</last-name>
</author>. <pubDate>(2017)</pubDate>. <i>Guyana Upstream Summary</i>. London: Wood Mackenzie.</bib>
</linkTarget>

<linkTarget id="link-17" type="bib">
<bib id="BIB5">
<author>
<first-name>N. M.</first-name>
<last-name>Dennison</last-name>
</author> <pubDate>(2017)</pubDate>. A breif account of features typical of the offshore Guyana and Takutu basins. Oil and Gas Conference (p. <pages><first-page>27</first-page></pages>). Georgetown: Guyana Oil and Gas Association Inc.</bib>
</linkTarget>



**************************************************
