
BPR DEVELOPMENT TEAM
Project : GeoFacets-Project A
Version : v1.0.7
**************************************************


File Name: G:\Shaikha\TABLE\BATCH 38\PDF\26-3-2021\102118186187MS\102118186187MS\Image\main_102118186187MS_img.xml


Uncited Reference

Image: 

<linkTarget id="link-9" type="bib">
<bib id="BIB3">
<author>
<first-name>R.</first-name>
<last-name>Kumar</last-name>
</author>, <author><first-name>J.</first-name><last-name>Mahadeva</last-name></author> <pubDate>2012</pubDate>. <article-title>Well-performance relationships in heavy-foamy-oil reservoirs</article-title>. <journal-title>Paper SPE-117447-PA .SPE Prod Op </journal-title> <volume>27</volume><issue>(1)</issue>, pp. <pages><first-page>94</first-page><last-page>105</last-page></pages>.</bib>
</linkTarget>

<linkTarget id="link-10" type="bib">
<bib id="BIB4">
<author>
<first-name>A.</first-name>
<last-name>Jahanbani</last-name>
</author>, <author><first-name>S. R.</first-name><last-name>Shadizadeh</last-name></author>, <pubDate>2013</pubDate>. <article-title>Determination of the inflow performance relationship in naturally fractured oil reservoirs: analytical considerations</article-title>. <journal-title>Energy Resources Part A</journal-title> . <volume>32</volume><issue>(8)</issue>, pp. <pages><first-page>762</first-page><last-page>777</last-page></pages>.</bib>
</linkTarget>



**************************************************
