
BPR DEVELOPMENT TEAM
Project : GeoFacets-Project A
Version : v1.0.7
**************************************************


File Name: E:\maha\table\23-3-21\29-3-21\102118185079MS\102118185079MS\Table\main_102118185079MS_tbl.xml


Uncited Reference

Table: 

<linkTarget id="link-47" type="bib">
  <bib id="BIB1">
    <author>
      <first-name>L.</first-name>
      <last-name>Fan</last-name>
    </author>, <author><first-name>R. B.</first-name><last-name>Martin</last-name></author>, and <author><first-name>J. W.</first-name><last-name>Thompson</last-name></author> <pubDate>2011</pubDate>. <article-title>An Integrated Approach for Understanding Oil and Gas Reserves Potential in Eagle Ford Shale Formation. Presented at the Canadian Unconventional Resources Conference, Calgary, Alberta, Canada, 15-17 November </article-title>. <journal-title>SPE </journal-title> <volume>148751</volume>.</bib>
</linkTarget>

<linkTarget id="link-48" type="bib">
  <bib id="BIB2">
    <author>
      <first-name>A.</first-name>
      <last-name>Fragoso</last-name>
    </author>, <author><first-name>Y.</first-name><last-name>Wang</last-name></author>, <author><first-name>G.</first-name><last-name>Jing</last-name></author> and <author><first-name>R.</first-name><last-name>Aguilera</last-name></author> <article-title>2015. Improving Recovery of Liquids from Shales through Gas Recycling and Dry Gas Injection. SPE presented at the 177278 SPE Latin American and Caribbean Petroleum Engineering Conference held in Quito </article-title>, <journal-title>Ecuador </journal-title>, <pages><first-page>18</first-page><last-page>20</last-page></pages> <pubDate>November 2015</pubDate>.</bib>
</linkTarget>



**************************************************
