
BPR DEVELOPMENT TEAM
Project : GeoFacets-Project A
Version : v1.0.7
**************************************************


File Name: G:\Shaikha\TABLE\BATCH 38\PDF\18-3-2021\102118179150MS\102118179150MS\Table\main_102118179150MS_tbl.xml


Uncited Reference

Table: 

<linkTarget id="link-23" type="bib">
  <bib id="BIB1">
    <last-name>Warpinski</last-name>
    <author>
      <first-name>N. R.</first-name>
      <last-name>Warpinski</last-name>
    </author>, <last-name>Lorenz</last-name>, <author><first-name>J. C.</first-name><last-name>Lorenz</last-name>, </author>, <last-name>Branagan</last-name>, <author><first-name>P. T.</first-name><last-name>Branagan</last-name>, </author> et al. <pubDate>1993</pubDate>. <article-title>Examination of a Cored Hydraulic Fracture in a Deep Gas Well </article-title>. <journal-title>SPE Prod $piamp$$ Fac </journal-title> <volume>8</volume> <issue>(3)</issue>: <pages><first-page>150</first-page><last-page>164</last-page></pages>. http://dx.doi.org/10.2118/22876-PA.</bib>
</linkTarget>

<linkTarget id="link-24" type="bib">
  <bib id="BIB2">
    <last-name>Warpinski</last-name>
    <author>
      <first-name>N. R.</first-name>
      <last-name>Warpinski</last-name>
    </author>, <last-name>Lorenz</last-name>, <author><first-name>J. C.</first-name><last-name>Lorenz</last-name>, </author>, <last-name>Branagan</last-name>, <author><first-name>P. T.</first-name><last-name>Branagan</last-name>, </author> et al. <pubDate>1993</pubDate>. <article-title>Examination of a Cored Hydraulic Fracture in a Deep Gas Well </article-title>. <journal-title>SPE Prod $piamp$$ Fac </journal-title> <volume>8</volume> <issue>(3)</issue>: <pages><first-page>150</first-page><last-page>164</last-page></pages>. http://dx.doi.org/10.2118/22876-PA.</bib>
</linkTarget>

<linkTarget id="link-25" type="bib">
  <bib id="BIB3">
    <author>
      <first-name>P. T.</first-name>
      <last-name>Branagan</last-name>, </author>, <author><first-name>R. E.</first-name><last-name>Peterson</last-name>, </author>, <author><first-name>N. R</first-name><last-name>Warpinski</last-name>, </author>. et al.  <pubDate>1996b</pubDate>. <article-title>Characterization of a Remotely Intersected Set of Hydraulic Fractures: Results of Intersection Well No. 1-B, GRI/DOE Multi-Site Project.</article-title><journal-title> Presented at the SPE Annual Technical Conference and Exhibition, Denver, Colorado, USA, 6$piamp$$#x2013;9 October</journal-title>. SPE-36452-MS. http://dx.doi.org/10.2118/36452- MS.</bib>
</linkTarget>

<linkTarget id="link-26" type="bib">
  <bib id="BIB4">
    <last-name>Warpinski</last-name>
    <author>
      <first-name>N. R.</first-name>
      <last-name>Warpinski</last-name>
    </author>, <last-name>Wright</last-name>, <author><first-name>T. B.</first-name><last-name>Wright</last-name>, </author>, <last-name>Uhl</last-name>, <author><first-name>J. E.</first-name><last-name>Uhl</last-name>, </author> et al. <pubDate>1999</pubDate>. <article-title>Microseismic Monitoring of the B-Sand Hydraulic Fracture Experiment at the DOE/GRI Multi-Site Project </article-title>. <journal-title>SPE J </journal-title> <volume>4</volume> <issue>(3)</issue>: <pages><first-page>242</first-page><last-page>250</last-page></pages>. http://dx.doi.org/10.2118/57593-PA.</bib>
</linkTarget>

<linkTarget id="link-27" type="bib">
  <bib id="BIB5">
    <author>
      <first-name> P. T</first-name>
      <last-name>Branagan</last-name>,</author>.,<author><first-name> R. E.</first-name><last-name> Peterson</last-name>,</author>,<author><first-name> N. R</first-name><last-name> Warpinski</last-name>,</author>. et al.  <pubDate>1996b.</pubDate> <article-title>Characterization of a Remotely Intersected Set of Hydraulic Fractures: Results of Intersection Well No. 1-B, GRI/DOE Multi-Site Project</article-title>. <journal-title>Presented at the SPE Annual Technical Conference and Exhibition, Denver, Colorado, USA</journal-title>, 6$piamp$$#x2013;9 October. SPE-36452-MS. http://dx.doi.org/10.2118/36452- MS.</bib>
</linkTarget>

<linkTarget id="link-28" type="bib">
  <bib id="BIB6">
    <last-name>Moschovidis</last-name>
    <author>
      <first-name>Z.</first-name>
      <last-name>Moschovidis</last-name>
    </author>, <last-name>Steiger</last-name>, <author><first-name>R.</first-name><last-name>Steiger</last-name>, </author>, <last-name>Peterson</last-name>, <author><first-name>R.</first-name><last-name>Peterson</last-name>, </author> et al. <pubDate>2000</pubDate>. <article-title>The Mounds Drill Cuttings Injection Field Experiment: Final Results and Conclusions. Presented at the IADC/SPE Drilling Conference, New Orleans, Louisiana, USA, 23$piamp$$#x2013;25 February </article-title>. SPE-59115-MS.  http://dx.doi.org/10.2118/59115-MS.</bib>
</linkTarget>

<linkTarget id="link-29" type="bib">
  <bib id="BIB7">
    <last-name>Estrada</last-name>
    <author>
      <first-name>E.</first-name>
      <last-name>Estrada</last-name>
    </author>, <last-name>Roberts</last-name>, <author><first-name>N.</first-name><last-name>Roberts</last-name>, </author>, <last-name>Weijers</last-name>, <author><first-name>L.</first-name><last-name>Weijers</last-name>, </author> et al. <pubDate>2009</pubDate>. <article-title>Fracture Mapping in the San Juan Basin, New Mexico. Presented at the SPE Annual Technical Conference and Exhibition, New Orleans, Louisiana, USA, 4$piamp$$#x2013;7 October </article-title>. SPE-124673-MS. http://dx.doi.org/10.2118/124673-MS.</bib>
</linkTarget>

<linkTarget id="link-31" type="bib">
  <bib id="BIB9">
    <last-name>Wolhart</last-name>
    <author>
      <first-name>S. L.</first-name>
      <last-name>Wolhart</last-name>
    </author>, <last-name>Harting</last-name>, <author><first-name>T. A.</first-name><last-name>Harting</last-name>, </author>, <last-name>Dahlem</last-name>, <author><first-name>J. E.</first-name><last-name>Dahlem</last-name>, </author> et al. <pubDate>2006</pubDate>. <article-title>Hydraulic Fracture Diagnostics Used To Optimize Development in the Jonah Field. Presented at the SPE Annual Technical Conference and Exhibition, San Antonio, Texas, USA, 24$piamp$$#x2013;27 September </article-title>. SPE-102528-MS. http://dx.doi.org/10.2118/102528-MS</bib>
</linkTarget>

<linkTarget id="link-33" type="bib">
  <bib id="BIB11">
    <last-name>Malone</last-name>
    <author>
      <first-name>S.</first-name>
      <last-name>Malone</last-name>
    </author>, <last-name>Turner</last-name>, <author><first-name>M</first-name><last-name>Turner</last-name>, </author>, <last-name>Mayerhofer</last-name>, <author><first-name>M.</first-name><last-name>Mayerhofer</last-name>, </author> et al. <pubDate>2009</pubDate>. <article-title>Development of a Calibrated Fracture-Growth Model and Automated Staging Routine for the Jonah Field. Presented at the SPE Rocky Mountain Petroleum Technology Conference, Denver, Colorado, USA, 14$piamp$$#x2013;16 April </article-title>. SPE 116304-MS. http://dx.doi.org/10.2118/116304-MS.</bib>
</linkTarget>

<linkTarget id="link-35" type="bib">
  <bib id="BIB13">
    <author>
      <first-name> N. R</first-name>
      <last-name>Warpinski</last-name>,</author>., <author><first-name>P. T</first-name><last-name>Branagan</last-name>, </author>.,<author><first-name> R. E</first-name> <last-name>Peterson</last-name>,</author>. et al.  <pubDate>1997</pubDate>.<article-title> Microseismic and Deformation Imaging of Hydraulic Fracture Growth and Geometry in the C Sand Interval, GRI/DOE M-Site Project</article-title>.<journal-title> Presented at the SPE Annual Technical Conference and Exhibition, San Antonio, Texas, USA</journal-title>, 5$piamp$$#x2013;8 October. SPE-38573-MS. http://dx.doi.org/ 10.2118/114173-MS.</bib>
</linkTarget>

<linkTarget id="link-36" type="bib">
  <bib id="BIB14">
    <author>
      <first-name>P. T</first-name>
      <last-name>Branagan</last-name>, </author>., <author><first-name>R. E.</first-name><last-name>Peterson</last-name>, </author>,<author><first-name> N. R.</first-name><last-name> Warpinski</last-name>,</author> et al.  <pubDate>1997</pubDate>.<article-title> Propagation of a Hydraulic Fracture into a Remote Observation Wellbore: Results of C-Sand Experimentation at the GRI/DOE M-Site Project</article-title>.<journal-title> Presented at the SPE Annual Technical Conference and Exhibition, San Antonio, Texas, USA</journal-title>, 5$piamp$$#x2013;8 October. SPE-38574-MS. http:// dx.doi.org/10.2118/38574-MS.</bib>
</linkTarget>

<linkTarget id="link-38" type="bib">
  <bib id="BIB16">
    <last-name>Fisher</last-name>
    <author>
      <first-name>M. K.</first-name>
      <last-name>Fisher</last-name>
    </author>, <last-name>Davidson</last-name>, <author><first-name>B. M.</first-name><last-name>Davidson</last-name>, </author>, <last-name>Goodwin</last-name>, <author><first-name>A. K.</first-name><last-name>Goodwin</last-name>, </author> et al. <pubDate>2002</pubDate>. <article-title>Integrating Fracture Mapping Technologies to Optimize Stimulations in the Barnett Shale. Presented at the SPE Annual Technical Conference and Exhibition, San Antonio, Texas, USA, 29 September-2 October </article-title>. SPE-77441-MS. http://dx.doi.org/10.2118/77441-MS.</bib>
</linkTarget>

<linkTarget id="link-39" type="bib">
  <bib id="BIB17">
    <last-name>Walser</last-name>
    <author>
      <first-name>D. W.</first-name>
      <last-name>Walser</last-name>
    </author> and <last-name>Roadarmel</last-name>, <author><first-name>W. H.</first-name><last-name>Roadarmel</last-name>, </author> <pubDate>2012</pubDate>. <article-title>Integrating Microseismic with Surface Microdeformation Monitoring to Characterize Induced Fractures in the Immature Eagle Ford Shale. Presented at the 46th U. S. Rock Mechanics/ Geomechanics Symposium, Chicago, Illinois, USA, 24$piamp$$#x2013;27 June </article-title>.  <journal-title>ARMA </journal-title> <pages><first-page>12</first-page><last-page>594</last-page></pages>.</bib>
</linkTarget>

<linkTarget id="link-40" type="bib">
  <bib id="BIB18">
    <author>
      <first-name> S. C.</first-name>
      <last-name>Maxwell</last-name>,</author>,<author><first-name> J</first-name><last-name> Shemeta</last-name>,.</author>,<author><first-name> E</first-name><last-name> Campbell</last-name>,</author>. et al.  <pubDate>2008</pubDate>. <article-title>Microseismic Deformation Rate Monitoring.</article-title><journal-title> Presented at the SPE Annual Technical Conference and Exhibition, Denver, Colorado, USA</journal-title>, 21$piamp$$#x2013;24 September. SPE-116596-MS. http:// dx.doi.org/10.2118/116596-MS.</bib>
</linkTarget>

<linkTarget id="link-41" type="bib">
  <bib id="BIB19">
    <last-name>Kratz</last-name>
    <author>
      <first-name>M.</first-name>
      <last-name>Kratz</last-name>
    </author>, <last-name>Teran</last-name>, <author><first-name>O.</first-name><last-name>Teran</last-name>, </author>, and <last-name>Thornton</last-name>, <author><first-name>M.</first-name><last-name>Thornton</last-name>, </author> <pubDate>2015</pubDate>. <article-title>Use of Automatic Moment Tensor Inversion in Real Time Microseismic Imaging. Presented at the Unconventional Resources Technology Conference, San Antonio, Texas, USA, 20$piamp$$#x2013;22 July </article-title>. <journal-title>URTeC </journal-title> <volume>2149949</volume>.</bib>
</linkTarget>



**************************************************
