
BPR DEVELOPMENT TEAM
Project : GeoFacets-Project A
Version : v1.0.7
**************************************************


File Name: E:\Dinesh08\XML_Table\Table\Batch-38\30-3-2021\Process\102118191790MS\102118191790MS\Table\main_102118191790MS_tbl.xml


Uncited Reference

Table: 

<linkTarget id="link-11" type="bib">
  <bib id="BIB1">
    <author>
      <first-name>C.</first-name>
      <last-name>Kerans</last-name>
    </author>, and <author><first-name>S. C.</first-name><last-name>Ruppel</last-name></author>, <pubDate>1994</pubDate>, <article-title>San Andres sequence framework, Guadalupe Mountains: implications for San Andres type section and subsurface reservoirs </article-title>, in Garber, R. A., and Keller, D. R., eds., <i>Field guide to the Paleozoic section of the San Andres Mountains: Permian Basin Section SEPM Publication 94-35</i>, p. <pages><first-page>105</first-page><last-page>116</last-page></pages>.</bib>
</linkTarget>

<linkTarget id="link-12" type="bib">
  <bib id="BIB2">
    <author>
      <first-name>S. P.</first-name>
      <last-name>Dutton</last-name>
    </author>, <author><first-name>E. M</first-name><last-name>Kim</last-name></author>, <author><first-name>R. F.</first-name><last-name>Broadhead</last-name></author>, <author><first-name>W. D.</first-name><last-name>Raatz</last-name></author>, <author><first-name>C. L.</first-name><last-name>Breton</last-name></author>, <author><first-name>S. C.</first-name><last-name>Ruppel</last-name></author>, and <author><first-name>C.</first-name><last-name>Kerans</last-name></author>,  <pubDate>2005</pubDate>, <article-title>Play analysis and leading-edge oil-reservoir development methods in the Permian Basin: Increased recovery through advanced technologies </article-title>,  <i><journal-title>AAPG Bulletin </journal-title></i>, V. <b><volume>89</volume></b>, No. <issue>5</issue>, p. <pages><first-page>553</first-page><last-page>576</last-page></pages></bib>
</linkTarget>



**************************************************
