
BPR DEVELOPMENT TEAM
Project : GeoFacets-Project A
Version : v1.0.7
**************************************************


File Name: G:\Shaikha\TABLE\BATCH 38\PDF\29-3-2021\102118189132MS\102118189132MS\Table\main_102118189132MS_tbl.xml


Uncited Reference

Table: 

<linkTarget id="link-17" type="bib">
  <bib id="BIB1">
    <author>
      <first-name>Rifaat</first-name>
      <last-name>Al-Mjeni</last-name>
    </author>: <article-title>"Has the time come for EOR?" </article-title> <journal-title>Schlumberger Oil Field Review </journal-title> <pubDate>(2011)</pubDate>, <pages><first-page>21</first-page></pages>.</bib>
</linkTarget>

<linkTarget id="link-19" type="bib">
  <bib id="BIB3">
    <author>
      <first-name>Ahmed</first-name>
      <last-name>Tarek</last-name>
    </author>: <article-title>Reservoir Engineering Handbook, Butterworth-Heinemann., Woburn, MA</article-title> <pubDate>(2001)</pubDate>, <pages><first-page>718</first-page><last-page>730</last-page></pages>.</bib>
</linkTarget>

<linkTarget id="link-20" type="bib">
  <bib id="BIB4">
    <author>
      <first-name>Ivan</first-name>
      <last-name>Sandrea</last-name>
    </author> and <author><first-name>Rafael</first-name><last-name>Sandrea</last-name></author>: <article-title>"Global Oil Reserves - Recovery Factors Leave Vast Target for EOR Technologies," </article-title> <journal-title>Oil $piamp$$ Gas Journal </journal-title> <pubDate>(Nov 2007)</pubDate>, <pages><first-page>6</first-page></pages>.</bib>
</linkTarget>

<linkTarget id="link-23" type="bib">
  <bib id="BIB7">
    <author>
      <first-name>D.</first-name>
      <last-name>Edward</last-name>
    </author> <article-title>Holstein (editor): Petroleum Engineering Handbook</article-title>, <journal-title>Society of Petroleum Engineers (SPE)</journal-title>, Vol . V(B)<pubDate>(2007)</pubDate>,<volume>903</volume>,<pages><first-page>933</first-page><last-page>935</last-page></pages></bib>
</linkTarget>



**************************************************
