
BPR DEVELOPMENT TEAM
Project : GeoFacets-Project A
Version : v1.0.7
**************************************************


File Name: G:\Shaikha\TABLE\BATCH 38\PDF\26-3-2021\102118188651MS\102118188651MS\Image\main_102118188651MS_img.xml


Uncited Reference

Image: 

<linkTarget id="link-20" type="bib">
<bib id="BIB1">
<author>
<first-name>A.</first-name>
<last-name>Aladasani</last-name>
</author>, and <author><first-name>B.</first-name><last-name>Bai</last-name></author>, <pubDate>2010</pubDate>. <article-title>Recent developments and updated screening criteria of enhanced oil recovery techniques</article-title>. <journal-title>SPE International Oil &amp;#x0026; Gas Conference and Exhibition3, Beijing, China . SPE </journal-title> <volume>130726</volume>.</bib>
</linkTarget>

<linkTarget id="link-21" type="bib">
<bib id="BIB2">
<author>
<first-name>J. L.</first-name>
<last-name>Dickson</last-name>
</author>, <author><first-name>A.</first-name><last-name>Leahy-Dios</last-name></author>, and <author><first-name>P. L.</first-name><last-name>Wylie</last-name></author>, <pubDate>2010</pubDate>. <article-title>Development of improved hydrocarbon recovery screening methodologies. SPE Improved Oil Recovery Symposium3, Tulsa, Oklahoma </article-title>, <journal-title>SPE </journal-title> <volume>129768</volume>.</bib>
</linkTarget>

<linkTarget id="link-22" type="bib">
<bib id="BIB3">
<author>
<first-name>J. J.</first-name>
<last-name>Sheng</last-name>
</author>, <pubDate>2013</pubDate>. <article-title>Enhanced Oil Recovery. Field Case Studies </article-title>. <journal-title>Gulf Professional Publishing</journal-title>.</bib>
</linkTarget>



**************************************************
