
BPR DEVELOPMENT TEAM
Project : GeoFacets-Project A
Version : v1.0.7
**************************************************


File Name: G:\Shaikha\TABLE\BATCH 38\PDF\18-3-2021\102118179161MS\102118179161MS\Table\main_102118179161MS_tbl.xml


Uncited Reference

Table: 

<linkTarget id="link-19" type="bib">
  <bib id="BIB1">
    <author>
      <first-name>B.</first-name>
      <last-name>Agnew</last-name>
    </author> <pubDate>1966</pubDate>. <article-title>Evaluation of Fracture Treatments With Temperature Surveys. Journal of Petroleum Technology (18): 892$piamp$$#x2013;898 </article-title>.  SPE-1287.</bib>
</linkTarget>

<linkTarget id="link-20" type="bib">
  <bib id="BIB2">
    <author>
      <first-name>M. J.</first-name>
      <last-name>Mayerhofer</last-name>
    </author>, <author><first-name>E. P.</first-name><last-name>Lolon</last-name></author>, et al. <pubDate>2008</pubDate>. <article-title>What is Stimulated Reservoir Volume (SRV)? Paper SPE 119890 presented at the SPE Shale Gas Production Conference, Fort Worth, TX </article-title>, 16$piamp$$#x2013;18 November.</bib>
</linkTarget>

<linkTarget id="link-21" type="bib">
  <bib id="BIB3">
    <author>
      <first-name>J. E.</first-name>
      <last-name>Bartuska</last-name>
    </author>, <author><first-name>J. J.</first-name><last-name>Pechiney</last-name></author>, et al, <pubDate>2012</pubDate>. <article-title>Optimizing Completion Designs for Horizontal Shale Gas Wells Using Completions Diagnostics. Paper SPE 155759 presented at the SPE Americas Unconventional Resources Conference, Pittsburgh, PA </article-title>, 5$piamp$$#x2013;7 June.</bib>
</linkTarget>

<linkTarget id="link-22" type="bib">
  <bib id="BIB4">
    <author>
      <first-name>R. J.</first-name>
      <last-name>Duenckel</last-name>
    </author>, <author><first-name>H. D.</first-name><last-name>Smith</last-name></author>, et al. <pubDate>2011</pubDate>. <article-title>Field Application of a New Proppant Detection Methodology. Paper SPE 146744 presented at the SPE Annual Technical Conference and Exhibition, Denver, CO </article-title>,  30 October - 2 November.</bib>
</linkTarget>



**************************************************
