
BPR DEVELOPMENT TEAM
Project : GeoFacets-Project A
Version : v1.0.7
**************************************************


File Name: E:\Bavi\XML Table\Batch_38\29-03-2021\102118189816MS\102118189816MS\Table\main_102118189816MS_tbl.xml


Uncited Reference

Table: 

<linkTarget id="link-17" type="bib">
  <bib id="BIB1">
    <author>
      <first-name>Michael</first-name>
      <last-name>Mobilia</last-name>
    </author>, <author><first-name>Jozef</first-name><last-name>Lieskovsky</last-name></author> and <author><first-name>Richard</first-name><last-name>Yan</last-name></author>. <pubDate>(2016)</pubDate> <article-title>Initial production rates in tight oil formations continue to rise</article-title>. <journal-title><i>U.S. Energy Information Administration</i></journal-title>. February 11, 2016 https://www.eia.gov/todayinenergy/detail.php?id=24932</bib>
</linkTarget>

<linkTarget id="link-18" type="bib">
  <bib id="BIB2">
    <author>
      <first-name>Meg</first-name>
      <last-name>Coleman</last-name>
    </author> <pubDate>(2015)</pubDate>. <article-title>EIA updates Eagle Ford maps to provide greater geologic detail</article-title>. <journal-title><i>U.S. Energy Information Administration</i></journal-title>. January 21, 2015. https://www.eia.gov/todayinenergy/detail.php?id=19651</bib>
</linkTarget>

<linkTarget id="link-19" type="bib">
  <bib id="BIB3">
    <author>
      <first-name>William R.</first-name>
      <last-name>Thomas</last-name>
    </author>, <author><first-name>Lloyd W.</first-name><last-name>Helms</last-name></author>, <author><first-name>K.</first-name><last-name>Driggers Timothy</last-name></author>, <author><first-name>David W.</first-name><last-name>Trice</last-name></author> and <author><first-name>Gary L.</first-name><last-name>Thomas</last-name>, </author>; <pubDate>(2016)</pubDate> <journal-title><i>EOG Resources (EOG) Earnings Call</i></journal-title>, May 06, 2016.</bib>
</linkTarget>



**************************************************
