
BPR DEVELOPMENT TEAM
Project : GeoFacets-Project A
Version : v1.0.7
**************************************************


File Name: G:\Shaikha\TABLE\BATCH 38\PDF\102118177334MS\102118177334MS\Image\main_102118177334MS_img.xml


Uncited Reference

Image: 

<linkTarget id="link-41" type="bib">
<bib id="BIB4">
<author>
<first-name>W.</first-name>
<last-name>Shi</last-name>
</author> <pubDate>2008</pubDate>. <article-title>Kuparuk MWAG Project after 20 Years </article-title>. SPE-113933.</bib>
</linkTarget>

<linkTarget id="link-43" type="bib">
<bib id="BIB6">
<author>
<first-name>W</first-name>
<last-name>Schulte</last-name></author>., <pubDate>2010</pubDate>. <article-title>Making EOR work &amp;#x2013; Lecture for KIVI NIRIA OG</article-title>.</bib>
</linkTarget>



**************************************************
