
BPR DEVELOPMENT TEAM
Project : GeoFacets-Project A
Version : v1.0.7
**************************************************


File Name: E:\maha\table\23-3-21\29-3-21\102118185079MS\102118185079MS\Image\main_102118185079MS_img.xml


Uncited Reference

Image: 

<linkTarget id="link-48" type="bib">
<bib id="BIB2">
<author>
<first-name>A.</first-name>
<last-name>Fragoso</last-name>
</author>, <author><first-name>Y.</first-name><last-name>Wang</last-name></author>, <author><first-name>G.</first-name><last-name>Jing</last-name></author> and <author><first-name>R.</first-name><last-name>Aguilera</last-name></author> <article-title>2015. Improving Recovery of Liquids from Shales through Gas Recycling and Dry Gas Injection. SPE presented at the 177278 SPE Latin American and Caribbean Petroleum Engineering Conference held in Quito </article-title>, <journal-title>Ecuador </journal-title>, <pages><first-page>18</first-page><last-page>20</last-page></pages> <pubDate>November 2015</pubDate>.</bib>
</linkTarget>

<linkTarget id="link-50" type="bib">
<bib id="BIB4">
<author>
<first-name>M.</first-name>
<last-name>Honarpour</last-name>
</author>, <author><first-name>N.</first-name><last-name>Nagarajan</last-name></author>, <author><first-name>A.</first-name><last-name>Orangi</last-name></author>, <author><first-name>F.</first-name><last-name>Arasteh</last-name></author>, <author><first-name>Z.</first-name><last-name>Yao</last-name></author> <pubDate>2012</pubDate>. <article-title>Characterization of Critical Fluid, Rock and Rock Fluid Properties-Impact on Reservoir Performance of Liquid-rich Shales. Presented at the SPE Annual Technical Conference and Exhibition, San Antonio, Texas, USA, 8-10 October </article-title>. <journal-title>SPE </journal-title> <volume>158042</volume>.</bib>
</linkTarget>



**************************************************
