
BPR DEVELOPMENT TEAM
Project : GeoFacets-Project A
Version : v1.0.7
**************************************************


File Name: G:\SATHYA\xml-table\BATCH-38\21.3.2021\102118181810MS\102118181810MS\Table\main_102118181810MS_tbl.xml


Uncited Reference

Table: 

<linkTarget id="link-17" type="bib">
  <bib id="BIB1">
    <last-name>Vermilye</last-name>, <author><first-name>J.</first-name><last-name>Vermilye</last-name>, </author>, and <last-name>Sicking</last-name>, <author><first-name>C.</first-name><last-name>Sicking</last-name>, </author> <pubDate>2016</pubDate>. <article-title>Microseismic Maps Production Volume. <i>THE AMERICAN OIL $piamp$$ GAS REPORTER</i> </article-title>, January 2016, http://www.globalgeophysical.com/docs/AOGR%20Jan%202016%20Production%20Monitoring.pdf  (accessed June 27 2016).</bib>
</linkTarget>

<linkTarget id="link-18" type="bib">
  <bib id="BIB2">
    <last-name>Gao</last-name>
    <author>
      <first-name>C.</first-name>
      <last-name>Gao</last-name>
    </author>, and <last-name>Gao</last-name>, <author><first-name>H.</first-name><last-name>Gao</last-name>, </author> <pubDate>2013</pubDate>. <article-title>Evaluating Early-Time Eagle Ford Well Performance Using Multivariate Adaptive Regression Splines (MARS). Paper SPE-166462 presented at SPE Annual Technical Conference and Exhibition, New Orleans, Louisiana, USA </article-title>, 30 September-2 October.</bib>
</linkTarget>



**************************************************
