
BPR DEVELOPMENT TEAM
Project : GeoFacets-Project A
Version : v1.0.7
**************************************************


File Name: E:\Dinesh08\XML_Table\Table\Batch-38\20-3-2021\102118180429MS\102118180429MS\Image\main_102118180429MS_img.xml


Uncited Reference

Image: 

<linkTarget id="link-45" type="bib">
<bib id="BIB1">
<author>
<first-name>C. R.</first-name>
<last-name>Clarkson</last-name>
</author>, <author><first-name>P. K.</first-name><last-name>Pedersen</last-name></author> <pubDate>(2011)</pubDate>. <article-title>Production Analysis of Western Canadian Unconventional Light Oil Plays. Paper CSUG/SPE 149005 Presented at the Canadian Unconventional Resources Conference Calgary </article-title>, 15-17 November.</bib>
</linkTarget>

<linkTarget id="link-46" type="bib">
<bib id="BIB2">
<author>
<first-name>F. F.</first-name>
<last-name>Krause</last-name>
</author>, <author><first-name>H. N.</first-name><last-name>Collins</last-name></author>, <author><first-name>D. A.</first-name><last-name>Nelson</last-name></author>, <author><first-name>S. D.</first-name><last-name>Machemer</last-name></author>, <author><first-name>P. R.</first-name><last-name>French</last-name></author> <article-title>(1987). Multiscale Anatomy of a Reservoir: Geological Characterization of Pembina-Cardium Pool, West-Central Alberta, Canada </article-title>. <i><journal-title>The American Association of Petroleum Geologists Bulletin </journal-title></i><i>, </i>Volume <b><volume>71</volume></b><b>, </b>No.<issue>10</issue>, <pubDate>October 1987</pubDate>, Pages <pages><first-page>1233</first-page><last-page>1260</last-page></pages>.</bib>
</linkTarget>



**************************************************
