
BPR DEVELOPMENT TEAM
Project : GeoFacets-Project A
Version : v1.0.7
**************************************************


File Name: E:\Bavi\XML Table\Batch_38\26-03-2021\102118185739MS\102118185739MS\Table\main_102118185739MS_tbl.xml


Uncited Reference

Table: 

<linkTarget id="link-10" type="bib">
  <bib id="BIB1">
    <author>
      <last-name>Moore</last-name>
    </author>, <author><first-name>E.</first-name><last-name>Thomas</last-name> </author>, <author><first-name>Stephen E.</first-name> <last-name>Box</last-name></author>. <pubDate>2016</pubDate>. <article-title>Age, distribution and style of deformation in Alaska north of 60$piamp$$#x00B0;N: Implications for assembly of Alaska (in <i>Tectonophysics </i><b>691</b></article-title>, Part A: <pages><first-page>133</first-page><last-page>170</last-page></pages>. http://www.sciencedirect.com/science/article/pii/S0040195116302323.</bib>
</linkTarget>

<linkTarget id="link-11" type="bib">
  <bib id="BIB2">
    <author>
      <last-name></last-name>
    </author>USGS. <pubDate>2016</pubDate>. <i>USGS Open-File Report 00-365, Eastern Aleutian Volcanic Arc Digital Model - Version 1.0</i>.</bib>
</linkTarget>

<linkTarget id="link-12" type="bib">
  <bib id="BIB3">
    <author>
      <first-name>Kious</first-name>, <last-name>W. Jacquelyne</last-name></author>, <author><first-name>Robert</first-name> <last-name>I. Tilling</last-name></author>. <pubDate>1996</pubDate>. <journal-title><i>This Dynamic Earth (Reprint)</i></journal-title>.</bib>
</linkTarget>

<linkTarget id="link-13" type="bib">
  <bib id="BIB4">
    <author>
      <last-name>Mankemthong</last-name>
    </author>, <author><last-name>Niti</last-name></author>, <author><last-name>Terry Pavlis</last-name></author>. <pubDate>2013</pubDate>. (in <journal-title><i>Geosphere</i></journal-title> <volume>9</volume> (<issue>2</issue>): <pages><first-page>18</first-page></pages>.</bib>
</linkTarget>



**************************************************
