
BPR DEVELOPMENT TEAM
Project : GeoFacets-Project A
Version : v1.0.7
**************************************************


File Name: E:\Bavi\XML Table\Batch_38\23-03-2021\102118181024MS\102118181024MS\Table\main_102118181024MS_tbl.xml


Uncited Reference

Table: 

<linkTarget id="link-14" type="bib">
  <bib id="BIB1">
    <author>
      <last-name>Slatt</last-name>
    </author>, <author><first-name>M</first-name><last-name>Roger</last-name> </author>, and <author><last-name>Fuge Zou</last-name></author>. <pubDate>2014</pubDate>. $piamp$$#x201C;<journal-title><i>Turbidite Petroleum Geology in the Deepwater/Subsalt Gulf of Mexico</i></journal-title>.$piamp$$#x201D;</bib>
</linkTarget>

<linkTarget id="link-15" type="bib">
  <bib id="BIB2">
    <author>
      <first-name>William E.</first-name>
      <last-name>Galloway</last-name>
    </author> <pubDate>2008</pubDate>. <article-title>$piamp$$#x201C;Depositional evolution of the Gulf of Mexico sedimentary basin.$piamp$$#x201D; </article-title> <journal-title><i>Sedimentary basins of the world</i></journal-title> <volume>5</volume>: <pages><first-page>505</first-page><last-page>549</last-page></pages>.</bib>
</linkTarget>

<linkTarget id="link-16" type="bib">
  <bib id="BIB3">
    <author>
      <last-name>Slatt</last-name>
    </author>, <author><first-name>M.</first-name><last-name>Roger</last-name> </author> <pubDate>2006</pubDate>. <article-title>Stratigraphic reservoir characterization for petroleum geologists, geophysicists, and engineers</article-title>. Vol. <volume>61</volume>: Elsevier.</bib>
</linkTarget>



**************************************************
