
BPR DEVELOPMENT TEAM
Project : GeoFacets-Project A
Version : v1.0.7
**************************************************


File Name: E:\Dinesh08\XML_Table\Table\Batch-38\27-3-2021\Process\102118191239MS\102118191239MS\Table\main_102118191239MS_tbl.xml


Uncited Reference

Table: 

<linkTarget id="link-13" type="bib">
  <bib id="BIB1">
    <author>
      <first-name>R. E</first-name>
      <last-name>Webster</last-name>, </author>. (<pubDate>2004</pubDate>, 4 20). <article-title><i>Takutu Basin Geologic Setting. Hunt</i></article-title>.</bib>
</linkTarget>

<linkTarget id="link-14" type="bib">
  <bib id="BIB2">
    <author>
      <first-name>Wood</first-name>
      <last-name>Mackenzie</last-name>
    </author>. <pubDate>(2017)</pubDate>. <i>Guyana Upstream Summary</i>. London: Wood Mackenzie.</bib>
</linkTarget>

<linkTarget id="link-15" type="bib">
  <bib id="BIB3">
    <author>
      <first-name>Wood</first-name>
      <last-name>Mackenzie</last-name>
    </author>. <pubDate>(2017)</pubDate>. <i>Guyana Upstream Summary</i>. London: Wood Mackenzie.</bib>
</linkTarget>

<linkTarget id="link-16" type="bib">
  <bib id="BIB4">
    <author>
      <first-name>N. M.</first-name>
      <last-name>Dennison</last-name>
    </author> <pubDate>(2017)</pubDate>. A breif account of features typical of the offshore Guyana and Takutu basins. Oil and Gas Conference (p. <pages><first-page>27</first-page></pages>). Georgetown: Guyana Oil and Gas Association Inc.</bib>
</linkTarget>

<linkTarget id="link-17" type="bib">
  <bib id="BIB5">
    <author>
      <first-name>N. M.</first-name>
      <last-name>Dennison</last-name>
    </author> <pubDate>(2017)</pubDate>. A breif account of features typical of the offshore Guyana and Takutu basins. Oil and Gas Conference (p. <pages><first-page>27</first-page></pages>). Georgetown: Guyana Oil and Gas Association Inc.</bib>
</linkTarget>

<linkTarget id="link-18" type="bib">
  <bib id="BIB6">
    <author>
      <first-name>I.</first-name>
      <last-name>Bryant</last-name>
    </author>, <author><first-name>N.</first-name><last-name>Herbst</last-name></author>, <author><first-name>P.</first-name><last-name>Dailly</last-name></author>, <author><first-name>J. R.</first-name><last-name>Dribus</last-name></author>, <author><first-name>R.</first-name><last-name>Fainstein</last-name></author>, <author><first-name>N.</first-name><last-name>Harvey</last-name></author>, <author><first-name>$piamp$$#x2026;</first-name><last-name>Tapponnier</last-name></author>. <pubDate>(2012)</pubDate>. <article-title>Basin to Basin: Plate Tectonics in Exploration </article-title>. <i><journal-title>Oilfield Review </journal-title></i>, <pages><first-page>38</first-page><last-page>57</last-page></pages>.</bib>
</linkTarget>

<linkTarget id="link-19" type="bib">
  <bib id="BIB7">
    <author>
      <first-name>S.</first-name>
      <last-name>Sills</last-name>
    </author>, $piamp$$ <author><first-name>D.</first-name><last-name>Agyapong</last-name></author> <pubDate>(2012)</pubDate>. Jubilee Field Reservoir Description and Waterflood Performance Overview. Offshore Technology Conference (p. <pages><first-page>15</first-page></pages>). Houston: OTC.</bib>
</linkTarget>



**************************************************
