
BPR DEVELOPMENT TEAM
Project : GeoFacets-Project A
Version : v1.0.7
**************************************************


File Name: E:\Dinesh08\XML_Table\Table\Batch-38\19-3-2021\102118180270MS\102118180270MS\Table\main_102118180270MS_tbl.xml


Uncited Reference

Table: 

<linkTarget id="link-22" type="bib">
  <bib id="BIB2">
    <author>
      <first-name>R.</first-name>
      <last-name>Patterson</last-name>
    </author>, <pubDate>(2015)</pubDate>. <article-title>Bakken Decline Rates Worrying For Drillers, $piamp$$#x201D;  OilPrice.com </article-title>,  <journal-title>February </journal-title> <pages><first-page>25</first-page></pages></bib>
</linkTarget>

<linkTarget id="link-23" type="bib">
  <bib id="BIB3">
    <author>
      <first-name>D. B.</first-name>
      <last-name>Foo</last-name>
    </author>, <author><first-name>J.</first-name><last-name>Krislock</last-name></author>, <author><first-name>T. J.</first-name><last-name>Meador</last-name></author>, $piamp$$ <author><first-name>T.</first-name><last-name>Cheng</last-name></author>, <pubDate>(2014)</pubDate>. <article-title>Horizontal Well Injection Profiling Using Distributed Temperature Sensing.  Society of Petroleum Engineers </article-title><i />. doi: 10.2118/171586</bib>
</linkTarget>



**************************************************
