
BPR DEVELOPMENT TEAM
Project : GeoFacets-Project A
Version : v1.0.7
**************************************************


File Name: G:\Shaikha\TABLE\BATCH 38\PDF\30-3-2021\102118192052MS\102118192052MS\Table\main_102118192052MS_tbl.xml


Uncited Reference

Table: 

<linkTarget id="link-12" type="bib">
  <bib id="BIB3">
    <author>
      <first-name>J.D</first-name>
      <last-name>Weaver</last-name>, </author>, <author><first-name>P.D</first-name><last-name>Nguyen</last-name>, </author>, and <author><first-name>R</first-name><last-name>Loghry</last-name>, </author>. <pubDate>2011</pubDate>. <article-title>Stabilizing Fracture Faces in Water-Sensitive shale Formations</article-title>. <journal-title>Presented at the SPE Eastern Regional Meeting, Columbus, Ohio, USA, 17-19 August</journal-title>. SPE-149218-MS. https:// doi.org/10.2118/149218-MS.</bib>
</linkTarget>

<linkTarget id="link-13" type="bib">
  <bib id="BIB4">
    <author>
      <first-name>J.D</first-name>
      <last-name>Weaver</last-name>, </author>, <author><first-name>P.D</first-name><last-name>Nguyen</last-name>, </author>, and <author><first-name>R</first-name><last-name>Loghry</last-name>, </author>. <pubDate>2011</pubDate>. <article-title>Stabilizing Fracture Faces in Water-Sensitive shale Formations</article-title>. <journal-title>Presented at the SPE Eastern Regional Meeting, Columbus, Ohio, USA, 17-19 August</journal-title>. SPE-149218-MS. https:// doi.org/10.2118/149218-MS</bib>
</linkTarget>

<linkTarget id="link-14" type="bib">
  <bib id="BIB5">
    <author>
      <first-name>J.D</first-name>
      <last-name>Weaver</last-name>, </author>, <author><first-name>P.D</first-name><last-name>Nguyen</last-name>, </author>, and <author><first-name>R</first-name><last-name>Loghry</last-name>, </author>. <pubDate>2011</pubDate>. <article-title>Stabilizing Fracture Faces in Water-Sensitive shale Formations</article-title>. <journal-title>Presented at the SPE Eastern Regional Meeting, Columbus, Ohio, USA, 17-19 August</journal-title>. SPE-149218-MS. https:// doi.org/10.2118/149218-MS.</bib>
</linkTarget>

<linkTarget id="link-15" type="bib">
  <bib id="BIB6">
    <author>
      <first-name>D</first-name>
      <last-name>Lipton</last-name>, </author>. and <author><first-name>D.B</first-name><last-name>Burnett</last-name>, </author>. <pubDate>1976</pubDate>. <article-title>Comparisons of Polymers Used in Workover and Completion Fluids</article-title>. <journal-title>Presented at the SPE California Regional Meeting, Long Beach, California, USA, 7-9 April</journal-title>. SPE-5872-MS. https:// doi.org/10.2118/5872-MS.</bib>
</linkTarget>



**************************************************
