
BPR DEVELOPMENT TEAM
Project : GeoFacets-Project A
Version : v1.0.7
**************************************************


File Name: G:\Shaikha\TABLE\BATCH 38\PDF\24-3-2021\102118184107MS\102118184107MS\Table\main_102118184107MS_tbl.xml


Uncited Reference

Table: 

<linkTarget id="link-50" type="bib">
  <bib id="BIB1">
    <author>
      <first-name>A.</first-name>
      <last-name>Fox</last-name>
    </author>, <author><first-name>P.</first-name><last-name>Snelling</last-name></author>, <author><first-name>J.</first-name><last-name>McKenna</last-name></author>, <author><first-name>C.</first-name><last-name>Neale</last-name></author>, <author><first-name>C.</first-name><last-name>Neuhaus</last-name></author>, <author><first-name>C</first-name><last-name>Miskimmins</last-name></author>.<pubDate>2013</pubDate>. <article-title>Geomechancial Principles for Uncoventional Reservoirs. MicroSeismic.Houston, Texas</article-title>.</bib>
</linkTarget>

<linkTarget id="link-53" type="bib">
  <bib id="BIB4">
    <author>
      <first-name> S.</first-name>
      <last-name>Vasudevan</last-name>,</author>,<author><first-name> D.M.</first-name><last-name> Willberg</last-name></author>,<author><first-name> J.A.</first-name> <last-name>Wise</last-name></author>,<author><first-name>T.L.</first-name> <last-name>Gorham</last-name></author>,<author><first-name> R.C.</first-name> <last-name>Dacar</last-name></author>,<author><first-name> P.F.</first-name><last-name> Sullivan</last-name></author>,<author><first-name> C.L.</first-name><last-name>Boney</last-name></author>,<author><first-name> F.</first-name><last-name>Mueller</last-name></author>,<pubDate>2001</pubDate>,<article-title>"Field Test of a Novel Low Viscosity Fracturing Fluid in the Lost Hills Field, California</article-title>"</bib>
</linkTarget>

<linkTarget id="link-54" type="bib">
  <bib id="BIB5">
    <author>
      <first-name>S.</first-name>
      <last-name>Wolhart</last-name>
    </author>, <pubDate>2005</pubDate>.<article-title>Reservoir Deformation Monitoring to Enhance Reservoir Charecterization and Management. SEG</article-title>, <pages><first-page>2512</first-page></pages>.<journal-title> Presented at SEG Annual Meeting, Houston, Texas, USA</journal-title>.</bib>
</linkTarget>

<linkTarget id="link-55" type="bib">
  <bib id="BIB6">
    <author>
      <first-name>D.</first-name>
      <last-name>Doornhof</last-name>
    </author>, <author><first-name>T. G.</first-name><last-name>Kristiansen</last-name></author>, <author><first-name>N. B.</first-name><last-name>Nagel</last-name></author>, <author><first-name>D. P.</first-name><last-name>Philip</last-name></author>, <author><first-name>C.</first-name><last-name>Sayers</last-name></author> (Autumn <pubDate>2006</pubDate>). <article-title>Compaction and Subsidence </article-title>. <journal-title>Schlumberger Oilfield Review </journal-title>. <volume>18</volume><issue>(3)</issue>, <pages><first-page>50</first-page><last-page>68</last-page></pages>.</bib>
</linkTarget>

<linkTarget id="link-56" type="bib">
  <bib id="BIB7">
    <author>
      <first-name>D.</first-name>
      <last-name>Doornhof</last-name>
    </author>, <author><first-name>T. G.</first-name><last-name>Kristiansen</last-name></author>, <author><first-name>N. B.</first-name><last-name>Nagel</last-name></author>, <author><first-name>D. P.</first-name><last-name>Philip</last-name></author>, <author><first-name>C.</first-name><last-name>Sayers</last-name></author> (Autumn <pubDate>2006</pubDate>). <article-title>Compaction and Subsidence </article-title>. <journal-title>Schlumberger Oilfield Review </journal-title>. <volume>18</volume><issue>(3)</issue>, <pages><first-page>50</first-page><last-page>68</last-page></pages>.</bib>
</linkTarget>

<linkTarget id="link-57" type="bib">
  <bib id="BIB8">
    <author>
      <first-name> S.</first-name>
      <last-name>Del Conte</last-name>,</author>, <author><first-name>A.</first-name><last-name>Tamburini</last-name> </author>,<author><first-name> S.</first-name><last-name>Cespa</last-name>,</author>,<author><last-name> Rucci</last-name> <last-name>A.</last-name></author>,<author><first-name>A.</first-name><last-name>Ferretti</last-name> </author><pubDate>(2013)</pubDate>. <article-title>SPE 167339 Advanced InSAR Technology for Reservoir Monitoring and Geomechanical Model Calibration</article-title>.</bib>
</linkTarget>



**************************************************
