
BPR DEVELOPMENT TEAM
Project : GeoFacets-Project A
Version : v1.0.7
**************************************************


File Name: G:\Shaikha\TABLE\BATCH 38\PDF\24-3-2021\25-3-2021\102118186419MS\102118186419MS\Table\main_102118186419MS_tbl.xml


Uncited Reference

Table: 

<linkTarget id="link-18" type="bib">
  <bib id="BIB1">
    <author>
      <first-name>C. L.</first-name>
      <last-name>Cipolla</last-name>
    </author>, <author><first-name>T.</first-name><last-name>Fitzpatrick</last-name></author>, <author><first-name>M. J.</first-name><last-name>Williams</last-name></author> and <author><first-name>U. K.</first-name><last-name>Ganguly</last-name></author>, <pubDate>2011</pubDate>. <article-title>Seismic-to-simulation for unconventional reservoir development, SPE 146876-MS presented at the SPE Reservoir Characterisation and Simulation Conference and Exhibition. SPE, Abu Dhabi, UAE</article-title>.</bib>
</linkTarget>

<linkTarget id="link-19" type="bib">
  <bib id="BIB2">
    <author>
      <first-name>B.</first-name>
      <last-name>Song</last-name>
    </author> and <author><first-name>C.</first-name><last-name>Economides</last-name></author>, <pubDate>2011</pubDate>. <article-title>Rate-Normalized Pressure Analysis for Determination of Shale Gas Well Performance </article-title>, <journal-title>SPE 144031 at Presented at the SPE North American Unconventional Gas Conference and Exhibition, Texas, USA</journal-title>.</bib>
</linkTarget>

<linkTarget id="link-20" type="bib">
  <bib id="BIB3">
    <author>
      <first-name>Z.</first-name>
      <last-name>Qiu</last-name>
    </author>, <pubDate>2016</pubDate>. <article-title>Lithofacies and organic geochemistry of the Middle Permian Lucaogou Formation in the Jimusar Sag of the Junggar Basin, NW China </article-title>. <i><journal-title>Journal of Petroleum Science and Engineering </journal-title></i>, <volume>140</volume>: <pages><first-page>97</first-page><last-page>107</last-page></pages>.</bib>
</linkTarget>

<linkTarget id="link-21" type="bib">
  <bib id="BIB4">
    <author>
      <first-name> Z.</first-name>
      <last-name>Chen</last-name>,</author> et al, <pubDate>2017</pubDate>. <article-title>In Press. A Diagnostic Approach to Identify Complex Fracture Geometries in Unconventional Reservoirs Using a Semi-analytical Model, URTec-2687204</article-title> <journal-title>Presented at the Unconventional Resources Technology Conference, Texas, USA</journal-title>.</bib>
</linkTarget>

<linkTarget id="link-22" type="bib">
  <bib id="BIB5">
    <author>
      <first-name>A. C.</first-name>
      <last-name>Gringarten</last-name>
    </author>, <pubDate>2006</pubDate>. <article-title>From Straight Lines to Deconvolution: The Evolution of the State of the Art in Well Test Analysis </article-title>, <journal-title>Presented at the SPE Annual Technical Conference and Exhibition, San Antonio, Texas</journal-title>.</bib>
</linkTarget>

<linkTarget id="link-23" type="bib">
  <bib id="BIB6">
    <author>
      <last-name>KAPPA</last-name>
    </author>, <pubDate>1987</pubDate>. <article-title><i>Rubis - Multi Purpose Numerical Model</i></article-title>. https://www.kappaeng.com/software/rubis/overview.</bib>
</linkTarget>



**************************************************
