
BPR DEVELOPMENT TEAM
Project : GeoFacets-Project A
Version : v1.0.7
**************************************************


File Name: E:\Dinesh08\XML_Table\Table\Batch-38\21-3-2021\102118180772MS\102118180772MS\Table\main_102118180772MS_tbl.xml


Uncited Reference

Table: 

<linkTarget id="link-10" type="bib">
  <bib id="BIB1">
    <author>
      <first-name>Jai</first-name>
      <last-name>Parasam</last-name>, </author>. <pubDate>2012</pubDate>.<article-title>New oil find in T$piamp$$T; biggest discovery in 10 years. <i>Jyoti Communication</i></article-title>, 3 March 2012, http://jyoticommunication.blogspot.com/2012_03_01_archive.html(accessed 4 April, 2016).</bib>
</linkTarget>

<linkTarget id="link-11" type="bib">
  <bib id="BIB2">
    <author>
      <first-name>Kevin</first-name>
      <last-name>Joseph</last-name>
    </author>. <pubDate>2003</pubDate>. <article-title>Proven Performance Improvements in Well Intervention through Outsouring and Continuous Learning Systems. Presented at the SPE Latin American and Caribbean Petroleum engineering Conference, Port of Spain, Trinidad, West Indies, 27-30 April 2003 </article-title>. SPE 81159-MS http://dx.doi.org/10.2118/81159-MS</bib>
</linkTarget>



**************************************************
