
BPR DEVELOPMENT TEAM
Project : GeoFacets-Project A
Version : v1.0.7
**************************************************


File Name: E:\maha\table\23-3-21\26-3-21\102118187471MS\102118187471MS\Image\main_102118187471MS_img.xml


Uncited Reference

Image: 

<linkTarget id="link-17" type="bib">
<bib id="BIB2">
<author>
<first-name>M. E.</first-name>
<last-name>Stanko</last-name>
</author>, <author><first-name>M.</first-name><last-name>Asuaje</last-name></author>, <author><first-name>C.</first-name><last-name>Diaz</last-name></author>, <author><first-name>M.</first-name><last-name>Guillmain</last-name></author>, <author><first-name>M.</first-name><last-name>Borregales</last-name></author>, <author><first-name>D.</first-name><last-name>Gonzalez</last-name></author>, <author><first-name>M.</first-name><last-name>Golan</last-name></author>, <article-title>Model-Based Production mOptimization of the Rubiales Field, Colombia </article-title>, SPE-174843-MS, <pubDate>2015</pubDate>.</bib>
</linkTarget>

<linkTarget id="link-18" type="bib">
<bib id="BIB3">
<author>
<first-name>A.</first-name>
<last-name>Juell</last-name>
</author>, <author><first-name>C. H.</first-name><last-name>Whitson</last-name></author>, <author><first-name>M.</first-name><last-name>Hoda</last-name></author> <article-title>F., <i>Model-Based Integration and Optimization &amp;#x2013; Gas Cycling benchmark</i> </article-title>, SPE-121252, <pubDate>2009</pubDate>.</bib>
</linkTarget>

<linkTarget id="link-20" type="bib">
<bib id="BIB5">
<author>
<first-name>W.</first-name>
<last-name>Astutik</last-name>
</author>, <author><first-name>A.</first-name><last-name>Hoffmann</last-name></author>, <author><first-name>F.</first-name><last-name>Rasmussen</last-name></author>, and <author><first-name>C.</first-name><last-name>Whitson</last-name></author> <article-title>H., <i>Optimal Management of Topside Diluent Injection for a Heavy Oil Field</i> </article-title>, SPE-183802-MS, <pubDate>2017</pubDate>.</bib>
</linkTarget>

<linkTarget id="link-21" type="bib">
<bib id="BIB6">
<author>
<first-name>A.</first-name>
<last-name>Hoffmann</last-name>
</author>, <author><first-name>W.</first-name><last-name>Astutik</last-name></author>, <author><first-name>F.</first-name><last-name>Rasmussen</last-name></author>, and <author><first-name>C.</first-name><last-name>Whitson</last-name></author> <article-title>H., <i>Diluent Injection Optimization for a Heavy Oil Field</i> </article-title>, SPE-184119-MS, <pubDate>2016</pubDate>.</bib>
</linkTarget>

<linkTarget id="link-22" type="bib">
<bib id="BIB7">
<author>
<first-name>W.</first-name>
<last-name>Astutik</last-name>
</author>, <author><first-name>A.</first-name><last-name>Hoffmann</last-name></author>, <author><first-name>F.</first-name><last-name>Rasmussen</last-name></author>, and <author><first-name>C.</first-name><last-name>Whitson</last-name></author> <article-title>H., <i>Optimal Management of Topside Diluent Injection for a Heavy Oil Field</i> </article-title>, SPE-183802-MS, <pubDate>2017</pubDate>.</bib>
</linkTarget>

<linkTarget id="link-23" type="bib">
<bib id="BIB8">
<author>
<first-name>W.</first-name>
<last-name>Astutik</last-name>
</author>, <author><first-name>A.</first-name><last-name>Hoffmann</last-name></author>, <author><first-name>F.</first-name><last-name>Rasmussen</last-name></author>, and <author><first-name>C.</first-name><last-name>Whitson</last-name></author> <article-title>H., <i>Optimal Management of Topside Diluent Injection for a Heavy Oil Field</i> </article-title>, SPE-183802-MS, <pubDate>2017</pubDate>.</bib>
</linkTarget>

<linkTarget id="link-25" type="bib">
<bib id="BIB10">
<author>
<first-name>H.</first-name>
<last-name>Suryanto</last-name>
</author>, <author><first-name>J. D.</first-name><last-name>Ekstrand</last-name></author>, <author><first-name>C. H.</first-name><last-name>Whitson</last-name></author>, <author><first-name>K.</first-name><last-name>Uleberg</last-name></author>, <author><first-name>M. F.</first-name><last-name>Hoda</last-name></author>, <article-title>Implementation of Stream Management at South Natuna Sea Block B, Indonesia </article-title>, IPA03-E-068, <pubDate>2003</pubDate>.</bib>
</linkTarget>

<linkTarget id="link-26" type="bib">
<bib id="BIB11">
<author>
<first-name>H.</first-name>
<last-name>Suryanto</last-name>
</author>, <author><first-name>J. D.</first-name><last-name>Ekstrand</last-name></author>, <author><first-name>C. H.</first-name><last-name>Whitson</last-name></author>, <author><first-name>K.</first-name><last-name>Uleberg</last-name></author>, <author><first-name>M. F.</first-name><last-name>Hoda</last-name></author>, <article-title>Implementation of Stream Management at South Natuna Sea Block B, Indonesia </article-title>, IPA03-E-068, <pubDate>2003</pubDate>.</bib>
</linkTarget>



**************************************************
