
BPR DEVELOPMENT TEAM
Project : GeoFacets-Project A
Version : v1.0.7
**************************************************


File Name: E:\Dinesh08\XML_Table\Table\Batch-38\31-01-2021\102118180739MS\102118180739MS\Table\main_102118180739MS_tbl.xml


Uncited Reference

Table: 

<linkTarget id="link-14" type="bib">
  <bib id="BIB1">
    <author>
      <first-name>S.</first-name>
      <last-name>Toelsie</last-name>
    </author>,  <last-name>Mohan</last-name><author><first-name>A.</first-name> <last-name>Mohan</last-name></author>,  <last-name>Griffith</last-name><author><first-name>C.$piamp$$#xFFFD; R.</first-name> <last-name>Griffith</last-name></author>,  <last-name>Wong Fong Sang</last-name><author><first-name>M.</first-name> <last-name>Wong Fong Sang</last-name></author>, and  <last-name>Chin A Lien</last-name><author><first-name>H.</first-name> <last-name>Chin A Lien</last-name></author>. <pubDate>2014</pubDate>. <article-title>$piamp$$#x201C; Challenges in PCP Smart Wells Application in a Heavy Oil Field. $piamp$$#x201D; </article-title> Paper SPE 171125 presented at the SPE Heavy and Extra Heavy Oil Conference: Latin America. Medellin, Colombia, 24$piamp$$#x2013;26 September.</bib>
</linkTarget>

<linkTarget id="link-15" type="bib">
  <bib id="BIB2">
    <author>
      <first-name>S.</first-name>
      <last-name>Toelsie</last-name>
    </author>, and  <last-name>Goerdajal</last-name><author><first-name>P.</first-name> <last-name>Goerdajal</last-name></author>. <pubDate>2013</pubDate>. $piamp$$#x201C;Sand Control in Shallow Unconsolidated Sandstone Oil Reservoirs at Staatsolie N.V. Suriname._$piamp$$#x201D;Paper SPE 165188 presented at the SPE European Formation Damage Conference $piamp$$ Exhibition. The Netherlands, <pages><first-page>5</first-page><last-page>7</last-page></pages> June, Noordwijk.</bib>
</linkTarget>



**************************************************
