
BPR DEVELOPMENT TEAM
Project : GeoFacets-Project A
Version : v1.0.7
**************************************************


File Name: G:\SATHYA\xml-table\BATCH-38\20.3.2021\102118181499MS\102118181499MS\Table\main_102118181499MS_tbl.xml


Uncited Reference

Table: 

<linkTarget id="link-25" type="bib">
  <bib id="BIB1">
    <author>
      <first-name>S.</first-name>
      <last-name>Toelsie</last-name>
    </author>, <author><first-name>A.</first-name><last-name>Mohan</last-name></author>, <author><first-name>C.</first-name><last-name>Griffith</last-name></author>, <author><first-name>M.</first-name><last-name>Wong Fong Sang</last-name></author>, $piamp$$ <author><first-name>H.</first-name><last-name>Chin A Lien</last-name></author> <pubDate>(2014)</pubDate>. <article-title>Challenges in PCP Smart Wells Application in a Heavy Oil Field. Paper SPE 171125 presented at the SPE Heavy and Extra Heavy Oil Conference: Latin America. Medell$piamp$$#x00ED;n, Colombia </article-title>, 24-26 September.</bib>
</linkTarget>

<linkTarget id="link-26" type="bib">
  <bib id="BIB2">
    <author>
      <first-name>S.</first-name>
      <last-name>Toelsie</last-name>
    </author>, $piamp$$ <author><first-name>P.</first-name><last-name>Goerdajal</last-name></author> <pubDate>(2013)</pubDate>. Sand Control in Shallow Unconsolidated Sandstone Oil Reservoirs at Staatsolie N.V. Suriname. Paper SPE 165188 presented at the SPE European Formation Damage Conference $piamp$$ Exhibition. The Netherlands, <pages><first-page>5</first-page><last-page>7</last-page></pages> June, Noordwijk.</bib>
</linkTarget>



**************************************************
