
BPR DEVELOPMENT TEAM
Project : GeoFacets-Project A
Version : v1.0.7
**************************************************


File Name: E:\Bavi\XML Table\Batch_38\25-03-2021\102118183090MS\102118183090MS\Table\main_102118183090MS_tbl.xml


Uncited Reference

Table: 

<linkTarget id="link-26" type="bib">
  <bib id="BIB1">
    <author>
      <first-name>M.</first-name>
      <last-name>Ansarizadeh</last-name>
    </author>, <author><first-name>K.</first-name><last-name>Dodds</last-name></author>, <author><first-name>O.</first-name><last-name>Gurpinar</last-name></author> et al. <pubDate>2015</pubDate>. <article-title>Carbon Dioxide-Challenges and Opportunities </article-title>. <journal-title><i>Oilfield Review</i></journal-title> <volume>27</volume> <issue>(2)</issue>: <pages><first-page>36</first-page><last-page>50</last-page></pages>.</bib>
</linkTarget>

<linkTarget id="link-27" type="bib">
  <bib id="BIB2">
    <author>
      <first-name>F. M.</first-name>
      <last-name>Orr</last-name>
    </author>, <author><first-name>A. D.</first-name><last-name>Yu</last-name></author>, and <author><first-name>C. L.</first-name><last-name>Lien</last-name></author> <pubDate>1981</pubDate>. <article-title>Phase Behavior of CO<sub>2</sub> and Crude Oil in Low- Temperature Reservoirs</article-title>.  SPE J .  <volume>21</volume>  (<issue>4</issue>): <pages><first-page>480</first-page><last-page>492</last-page></pages>.  SPE-8813-PA. http://dx.doi.org/10.2118/8813-PA.</bib>
</linkTarget>

<linkTarget id="link-28" type="bib">
  <bib id="BIB3">
    <author>
      <first-name>N.</first-name>
      <last-name>Lindeloff</last-name>
    </author> and <author><first-name>M. L.</first-name><last-name>Michelsen</last-name></author> <pubDate>2003</pubDate>. <article-title>Phase Envelope Calculations for Hydrocarbon-Water Mixtures</article-title>.  SPE J .  <volume>8</volume>  (<issue>3</issue>): <pages><first-page>298</first-page><last-page>303</last-page></pages>.  SPE-85971-PA. http://dx.doi.org/10.2118/85971-PA.</bib>
</linkTarget>



**************************************************
