
BPR DEVELOPMENT TEAM
Project : GeoFacets-Project A
Version : v1.0.7
**************************************************


File Name: E:\Bavi\XML Table\Batch_38\22-03-2021\102118176950MS\102118176950MS\Table\main_102118176950MS_tbl.xml


Uncited Reference

Table: 

<linkTarget id="link-8" type="bib">
  <bib id="BIB1">
    <author>
      <first-name>R.</first-name>
      <last-name>Boswell</last-name>
    </author> <pubDate>2014</pubDate>. <article-title>Developments in Marine Gas Hydrate Exploration</article-title>. Offshore Technology Conference.  http://dx.doi.org/10.4043/25192-MS.</bib>
</linkTarget>

<linkTarget id="link-9" type="bib">
  <bib id="BIB2">
    <author>
      <first-name>A.</first-name>
      <last-name>Johnson</last-name>
    </author> <pubDate>2011</pubDate>. <article-title>Global Resource Potential of Gas Hydrate - A New Calculation </article-title>. <journal-title><i>Fire In The Ice</i></journal-title>, <volume>11</volume><issue>(2)</issue>, <pages><first-page>1</first-page><last-page>4</last-page></pages>.</bib>
</linkTarget>

<linkTarget id="link-10" type="bib">
  <bib id="BIB3">
    <author>
      <first-name></first-name>
      <last-name></last-name>
    </author>SBC Energy Institute. <pubDate>2015</pubDate>. <article-title>Gas Hydrate Survey Analysis</article-title>. <journal-title><i>Natural Gas Series. (forthcoming)</i></journal-title>.</bib>
</linkTarget>

<linkTarget id="link-11" type="bib">
  <bib id="BIB4">
    <author>
      <first-name></first-name>
      <last-name></last-name>
    </author>SBC Energy Institute. <pubDate>2015</pubDate>. <article-title>Gas Hydrate Survey Analysis</article-title>. <journal-title><i>Natural Gas Series. (forthcoming)</i></journal-title>.</bib>
</linkTarget>

<linkTarget id="link-12" type="bib">
  <bib id="BIB5">
    <author>
      <last-name>Maribus</last-name>
    </author>. <pubDate>2014</pubDate>. <article-title>Energy from burning ice</article-title>. <journal-title>In <i>World Ocean Review </i>3</journal-title>. Retrieved 12 February 2015, from http://worldoceanreview.com/en/wor-3-overview/methane-hydrate/.</bib>
</linkTarget>

<linkTarget id="link-13" type="bib">
  <bib id="BIB6">
    <author>
      <first-name></first-name>
      <last-name></last-name>
    </author>SBC Energy Institute. <pubDate>2015</pubDate>. <article-title>Gas Hydrate Patent Analysis</article-title>. <journal-title><i>Natural Gas Series. (forthcoming)</i></journal-title>.</bib>
</linkTarget>



**************************************************
