
BPR DEVELOPMENT TEAM
Project : GeoFacets-Project A
Version : v1.0.7
**************************************************


File Name: G:\SATHYA\xml-table\BATCH-38\23.3.2021\102118181544MS\102118181544MS\Table\main_102118181544MS_tbl.xml


Uncited Reference

Table: 

<linkTarget id="link-17" type="bib">
  <bib id="BIB1">
    <author>
      <first-name>E. B.</first-name>
      <last-name>Sirota</last-name>
    </author>, <author><first-name>M. Y</first-name><last-name>Lin</last-name></author>.; <article-title>The physical behavior of asphaltenes </article-title>. <i><journal-title>Energy Fuels </journal-title></i>, <volume>21</volume>, <pages><first-page>2809</first-page><last-page>2815</last-page></pages>, <pubDate>(2007)</pubDate></bib>
</linkTarget>

<linkTarget id="link-18" type="bib">
  <bib id="BIB2">
    <author>
      <first-name>M S</first-name>
      <last-name>Lin</last-name>
    </author>, <author><first-name>K M</first-name><last-name>Lumsford</last-name></author>, <author><first-name>C J</first-name><last-name>Glover</last-name></author>, <author><first-name>R R</first-name><last-name>Davison</last-name></author>, <author><first-name>J A</first-name><last-name>Bullin</last-name></author>; <article-title>The effects of asphaltenes on the chemical and physical characteristics of asphalt </article-title>. In <i>Asphaltenes: Fundamentals and Applications</i>, ed. EY Sheu, OC Mullins, pp. <pages><first-page>155</first-page><last-page>76</last-page></pages>. New York: Plenum, <pubDate>(1995)</pubDate></bib>
</linkTarget>

<linkTarget id="link-19" type="bib">
  <bib id="BIB3">
    <author>
      <first-name>D. E.</first-name>
      <last-name>Freed</last-name>
    </author>; <author><first-name>O. C.</first-name><last-name>Mullins</last-name></author>; <author><first-name>J. Y.</first-name><last-name>Zuo</last-name></author>; <article-title>Asphaltene gradients in the presence of GOR gradients </article-title>, <i><journal-title>Energy $piamp$$ Fuels </journal-title></i>, <volume>24</volume> <issue>(7)</issue>, <pages><first-page>3942</first-page><last-page>3949</last-page></pages>, <pubDate>(2010)</pubDate></bib>
</linkTarget>

<linkTarget id="link-20" type="bib">
  <bib id="BIB4">
    <author>
      <first-name>J. Y.</first-name>
      <last-name>Zuo</last-name>
    </author>; <author><first-name>O. C.</first-name><last-name>Mullins</last-name></author>; <author><first-name>D. E.</first-name><last-name>Freed</last-name></author>; <author><first-name>C.</first-name><last-name>Dong</last-name></author>; <author><first-name>H.</first-name><last-name>Elshahawi</last-name></author>; <author><first-name>D. J.</first-name><last-name>Seifert</last-name></author>; <article-title>Advances in the Flory-Huggins-Zuo Equation of State for Asphaltene Gradients and Formation Evaluation </article-title>, <i><journal-title>Energy $piamp$$ Fuels </journal-title></i>, <volume>27</volume>, <pages><first-page>1722</first-page><last-page>1735</last-page></pages>, <pubDate>(2013)</pubDate></bib>
</linkTarget>

<linkTarget id="link-21" type="bib">
  <bib id="BIB5">
    <author>
      <first-name>O. C.</first-name>
      <last-name>Mullins</last-name>
    </author>; <author><first-name>J. Y.</first-name><last-name>Zuo</last-name></author>; <author><first-name>D.</first-name><last-name>Seifert</last-name></author>; <author><first-name>M.</first-name><last-name>Zeybek</last-name></author>; <article-title>Clusters of Asphaltene Nanoaggregates Observed in Oilfield Reservoirs </article-title>, <i><journal-title>Energy $piamp$$ Fuels </journal-title></i>, <volume>27</volume>, <pages><first-page>1752</first-page><last-page>1761</last-page></pages>, <pubDate>(2013)</pubDate></bib>
</linkTarget>

<linkTarget id="link-22" type="bib">
  <bib id="BIB6">
    <author>
      <first-name>S.</first-name>
      <last-name>Uchytil</last-name>
    </author>; <author><first-name>V. K.</first-name><last-name>Mishra</last-name></author>; <author><first-name>S. S.</first-name><last-name>Betancourt</last-name></author>; <author><first-name>J.</first-name><last-name>Guthrie</last-name></author>; <author><first-name>J.</first-name><last-name>Huang</last-name></author>; <author><first-name>S.</first-name><last-name>Teerman</last-name></author>; <author><first-name>A.</first-name><last-name>Nguyen</last-name></author>; <author><first-name>S.</first-name><last-name>Stan Evans</last-name></author>; <author><first-name>N.</first-name><last-name>Nagarajan</last-name></author>; <author><first-name>O. C.</first-name><last-name>Mullins</last-name></author>; <article-title>Impact of a Secondary Condensate Charge into an Oil Reservoir Evaluated by Downhole Fluid Analysis, <i>Core Analysis, and Production</i>, OTC-27240, Houston </article-title>, TX, <pubDate>(2016)</pubDate></bib>
</linkTarget>

<linkTarget id="link-23" type="bib">
  <bib id="BIB7">
    <author>
      <first-name>S.</first-name>
      <last-name>Uchytil</last-name>
    </author>; <author><first-name>V. K.</first-name><last-name>Mishra</last-name></author>; <author><first-name>S. S.</first-name><last-name>Betancourt</last-name></author>; <author><first-name>J.</first-name><last-name>Guthrie</last-name></author>; <author><first-name>J.</first-name><last-name>Huang</last-name></author>; <author><first-name>S.</first-name><last-name>Teerman</last-name></author>; <author><first-name>A.</first-name><last-name>Nguyen</last-name></author>; <author><first-name>S.</first-name><last-name>Stan Evans</last-name></author>; <author><first-name>N.</first-name><last-name>Nagarajan</last-name></author>; <author><first-name>O. C.</first-name><last-name>Mullins</last-name></author>; <article-title>Impact of a Secondary Condensate Charge into an Oil Reservoir Evaluated by Downhole Fluid Analysis, <i>Core Analysis, and Production</i>, OTC-27240, Houston </article-title>, TX, <pubDate>(2016)</pubDate></bib>
</linkTarget>

<linkTarget id="link-24" type="bib">
  <bib id="BIB8">
    <author>
      <first-name>S.</first-name>
      <last-name>Uchytil</last-name>
    </author>; <author><first-name>V. K.</first-name><last-name>Mishra</last-name></author>; <author><first-name>S. S.</first-name><last-name>Betancourt</last-name></author>; <author><first-name>J.</first-name><last-name>Guthrie</last-name></author>; <author><first-name>J.</first-name><last-name>Huang</last-name></author>; <author><first-name>S.</first-name><last-name>Teerman</last-name></author>; <author><first-name>A.</first-name><last-name>Nguyen</last-name></author>; <author><first-name>S.</first-name><last-name>Stan Evans</last-name></author>; <author><first-name>N.</first-name><last-name>Nagarajan</last-name></author>; <author><first-name>O. C.</first-name><last-name>Mullins</last-name></author>; <article-title>Impact of a Secondary Condensate Charge into an Oil Reservoir Evaluated by Downhole Fluid Analysis, <i>Core Analysis, and Production</i>, OTC-27240, Houston </article-title>, TX, <pubDate>(2016)</pubDate></bib>
</linkTarget>

<linkTarget id="link-25" type="bib">
  <bib id="BIB9">
    <author>
      <first-name>H.</first-name>
      <last-name>Dumont</last-name>
    </author>, <author><first-name>V.</first-name><last-name>Mishra</last-name></author>, <author><first-name>J. Y.</first-name><last-name>Zuo</last-name></author>; <author><first-name>O. C.</first-name><last-name>Mullins</last-name></author>; <article-title>Permeable tar mat formation within thee context of novel asphaltene science </article-title>, <i>SPE</i><i> </i><i><volume>163292</volume></i>, KIPCE, Kuwait, <pubDate>(2012)</pubDate></bib>
</linkTarget>

<linkTarget id="link-26" type="bib">
  <bib id="BIB10">
    <author>
      <first-name>H.</first-name>
      <last-name>Dumont</last-name>
    </author>, <author><first-name>V.</first-name><last-name>Mishra</last-name></author>, <author><first-name>J. Y.</first-name><last-name>Zuo</last-name></author>; <author><first-name>O. C.</first-name><last-name>Mullins</last-name></author>; <article-title>Permeable tar mat formation within thee context of novel asphaltene science </article-title>, <i>SPE</i><i> </i><i><volume>163292</volume></i>, KIPCE, Kuwait, <pubDate>(2012)</pubDate></bib>
</linkTarget>

<linkTarget id="link-27" type="bib">
  <bib id="BIB11">
    <author>
      <first-name>D. J.</first-name>
      <last-name>Seifert</last-name>
    </author>; <author><first-name>M.</first-name><last-name>Zeybek</last-name></author>; <author><first-name>C.</first-name><last-name>Dong</last-name></author>; <author><first-name>J. Y.</first-name><last-name>Zuo</last-name></author>; <author><first-name>O. C.</first-name><last-name>Mullins</last-name></author>; <article-title>Black oil, heavy oil and tar mats </article-title>, <i>SPE</i><i> </i><i><volume>161144</volume></i><i> </i>ADIPEC Abu Dhabi, UAE, <pubDate>(2012)</pubDate></bib>
</linkTarget>

<linkTarget id="link-28" type="bib">
  <bib id="BIB12">
    <author>
      <first-name>O. C.</first-name>
      <last-name>Mullins</last-name>
    </author>; <author><first-name>J. Y.</first-name><last-name>Zuo</last-name></author>; <author><first-name>D.</first-name><last-name>Seifert</last-name></author>; <author><first-name>M.</first-name><last-name>Zeybek</last-name></author>; <article-title>Clusters of Asphaltene Nanoaggregates Observed in Oilfield Reservoirs </article-title>, <i><journal-title>Energy $piamp$$ Fuels </journal-title></i>, <b><volume>27</volume></b>, <pages><first-page>1752</first-page><last-page>1761</last-page></pages>, <pubDate>(2013)</pubDate></bib>
</linkTarget>

<linkTarget id="link-29" type="bib">
  <bib id="BIB13">
    <author>
      <first-name>D. J.</first-name>
      <last-name>Seifert</last-name>
    </author>; <author><first-name>M.</first-name><last-name>Zeybek</last-name></author>; <author><first-name>C.</first-name><last-name>Dong</last-name></author>; <author><first-name>J. Y.</first-name><last-name>Zuo</last-name></author>; <author><first-name>O. C.</first-name><last-name>Mullins</last-name></author>; <article-title>Black oil, heavy oil and tar mats </article-title>, <i>SPE</i><i> </i><i><volume>161144</volume></i><i> </i>ADIPEC Abu Dhabi, UAE, <pubDate>(2012)</pubDate></bib>
</linkTarget>



**************************************************
