
BPR DEVELOPMENT TEAM
Project : GeoFacets-Project A
Version : v1.0.7
**************************************************


File Name: E:\Dinesh08\XML_Table\Table\Batch-38\31-01-2021\102118185565MS\102118185565MS\Table\main_102118185565MS_tbl.xml


Uncited Reference

Table: 

<linkTarget id="link-8" type="bib">
  <bib id="BIB1">
    <author>
      <first-name>D.</first-name>
      <last-name>Barrero</last-name>, </author>, <author><first-name>A.</first-name><last-name>Pardo</last-name>, </author>, <author><first-name>C.</first-name><last-name>Vargas</last-name>, </author> $piamp$$ <author><first-name>J.</first-name><last-name>Mart$piamp$$#x00ED;nez</last-name>, </author>, <pubDate>2007</pubDate>. <article-title><i>Colombian Sedimentary Basins: Nomenclature, Boundaries and Petroleum Geology, a New Proposal. ANH, Agencia Nacional de Hidrocarburos ed</i></article-title>. s.l.:s.n.</bib>
</linkTarget>

<linkTarget id="link-13" type="bib">
  <bib id="BIB6">
    <last-name>Jim$piamp$$#x00E9;nez</last-name>, <author><first-name>M. A.</first-name><last-name>Jim$piamp$$#x00E9;nez</last-name>, </author>, <pubDate>2015</pubDate>. <i>Evaluaci$piamp$$#x00F3;n del Comportamiento de Sistemas de Levantamiento BES en Pozos con Alta Producci$piamp$$#x00F3;n de Arena en el Campo Ca$piamp$$#x00F1;o Lim$piamp$$#x00F3;n.</i>. Bucaramanga: Tesis de Grado-Especializaci$piamp$$#x00F3;n. Escuela de Ingenier$piamp$$#x00ED;a de Petr$piamp$$#x00F3;leos. Universidad Industrial de Santander..</bib>
</linkTarget>

<linkTarget id="link-16" type="bib">
  <bib id="BIB9">
    <last-name>Hern$piamp$$#x00E1;ndez</last-name>, <author><first-name>A.</first-name><last-name>Hern$piamp$$#x00E1;ndez</last-name>, </author> $piamp$$ <last-name>Herrera</last-name>, <author><first-name>J.</first-name><last-name>Herrera</last-name>, </author>, <pubDate>2013</pubDate>. <i>Determinaci$piamp$$#x00F3;n de la Distribuci$piamp$$#x00F3;n Vertical del Agua de Producci$piamp$$#x00F3;n para Definir la Perforaci$piamp$$#x00F3;n Infill en el $piamp$$#x00C1;rea Norte del Campo Castilla.</i>. Bucaramanga: Tesis de Grado. Escuela de Ingenier$piamp$$#x00ED;a de Petr$piamp$$#x00F3;leos. Universidad Industrial de Santander..</bib>
</linkTarget>

<linkTarget id="link-18" type="bib">
  <bib id="BIB11">
    <last-name>Orteg$piamp$$#x00F3;n</last-name>, <author><first-name>Y.</first-name><last-name>Orteg$piamp$$#x00F3;n</last-name>, </author>, <pubDate>2015</pubDate>. <i>Evaluaci$piamp$$#x00F3;n T$piamp$$#x00E9;cnico-Econ$piamp$$#x00F3;mica del Sitema de Levantamiento PCP y ESP para el Pozo Vertical Quifa 5 del Campo Quifa.</i>. Bucaramanga: Tesis de Grado- Especializaci$piamp$$#x00F3;n. Escuela de Ingenier$piamp$$#x00ED;a de Petr$piamp$$#x00F3;leos. Universidad Industrial de Santander..</bib>
</linkTarget>

<linkTarget id="link-19" type="bib">
  <bib id="BIB12">
    <last-name>Blanco</last-name>, <author><first-name>S.</first-name><last-name>Blanco</last-name>, </author>, <pubDate>2009</pubDate>. <i>Herramienta Informatica para el Seguimiento del Control de Producci$piamp$$#x00F3;n del Campo Castilla.</i>. Bucaramanga: Tesis de Grado. Escuela de Ingenier$piamp$$#x00ED;a de Petr$piamp$$#x00F3;leos. Universidad Industrial de Santander..</bib>
</linkTarget>

<linkTarget id="link-20" type="bib">
  <bib id="BIB13">
    <last-name>O$piamp$$#x00F1;ate</last-name>, <author><first-name>J.</first-name><last-name>O$piamp$$#x00F1;ate</last-name>, </author> $piamp$$ <last-name>Rodriguez</last-name>, <author><first-name>R.</first-name><last-name>Rodriguez</last-name>, </author>, <pubDate>2012</pubDate>. <i>Evaluaci$piamp$$#x00F3;n de las Alternativas de Transporte de Crudo Pesado por Tuber$piamp$$#x00ED;as: Caso Aplicado al Campo Rubiales.</i>. Bucaramanga: Tesis de Grado. Escuela de Ingenier$piamp$$#x00ED;a de Petr$piamp$$#x00F3;leos. Universidad Industrial de Santander..</bib>
</linkTarget>

<linkTarget id="link-34" type="bib">
  <bib id="BIB27">
    <author>
      <first-name> A.,. S. N.,. S.,. S. O. a. B. J.</first-name>
      <last-name>Ansari</last-name>,</author>, <pubDate>1994.</pubDate> <article-title><i>A Comprehensive Mechanistic Model for Upward Two-Phases Flow in Wellbores</i>. s.l.:s.n.</article-title></bib>
</linkTarget>



**************************************************
