
BPR DEVELOPMENT TEAM
Project : GeoFacets-Project A
Version : v1.0.7
**************************************************


File Name: E:\Bavi\XML Table\Batch_38\30-03-2021\102118189862MS\102118189862MS\Table\main_102118189862MS_tbl.xml


Uncited Reference

Table: 

<linkTarget id="link-11" type="bib">
  <bib id="BIB1">
    <author>
      <first-name>N.R.</first-name>
      <last-name>Warpinski</last-name>, </author>, <author><first-name>M.J.</first-name><last-name>Mayerhofer</last-name>, </author>, <author><first-name>M.C.</first-name><last-name>Vincent</last-name>, </author> et al <pubDate>2009</pubDate>. <journal-title><i>Stimulating Unconventional Reservoirs: Maximizing Network Growth While Optimizing Fracture Conductivity</i></journal-title>. DOI: 10.2118/114173-PA</bib>
</linkTarget>

<linkTarget id="link-13" type="bib">
  <bib id="BIB3">
    <author>
      <first-name>K.</first-name>
      <last-name>Pruess</last-name>, </author> and <author><first-name>T.N.</first-name><last-name>Narasimhan</last-name>, </author> <pubDate>1985</pubDate>. <journal-title><i>A Practical Method for Modeling Fluid and Heat Flow in Fractured Porous Media</i></journal-title>. DOI: 10.2118/10509-PA</bib>
</linkTarget>

<linkTarget id="link-14" type="bib">
  <bib id="BIB4">
    <author>
      <first-name>J.</first-name>
      <last-name>Mullen</last-name>, </author> <pubDate>2010</pubDate>. <journal-title><i>Petrophysical Characterization of the Eagle Ford Shale in South Texas</i></journal-title>. Society of Petroleum Engineers. DOI: 10.2118/138145-MS.</bib>
</linkTarget>

<linkTarget id="link-15" type="bib">
  <bib id="BIB5">
    <author>
      <first-name>S.A.</first-name>
      <last-name>Sonnenberg</last-name>, </author>, <author><first-name>J.A.</first-name><last-name>LeFever</last-name>, </author>, and <author><first-name>R.J.</first-name><last-name>Hill</last-name>, </author> <pubDate>2011</pubDate>. <journal-title><i>Fracturing in the Bakken Petroleum System</i></journal-title>, Williston Basin.</bib>
</linkTarget>

<linkTarget id="link-16" type="bib">
  <bib id="BIB6">
    <author>
      <first-name>A. K.</first-name>
      <last-name>Wickard</last-name>
    </author>, <author><first-name>R. D.</first-name><last-name>Elmore</last-name></author>, and <author><first-name>G.</first-name><last-name>Heij</last-name></author> <pubDate>2016</pubDate>. <article-title>A Diagenetic Study of the Wolfcamp Shale, Midland Basin, West Texas</article-title>. Unconventional Resources Technology Conference.</bib>
</linkTarget>



**************************************************
