
BPR DEVELOPMENT TEAM
Project : GeoFacets-Project A
Version : v1.0.7
**************************************************


File Name: G:\SATHYA\xml-table\BATCH-38\31.3.2021\102118191205MS\102118191205MS\Image\main_102118191205MS_img.xml


Uncited Reference

Image: 

<linkTarget id="link-19" type="bib">
<bib id="BIB3">
<author>
<first-name>R</first-name>
<last-name>Hosein</last-name>, ., <last-name>Bertrand</last-name>, <last-name>W</last-name>., &amp;#x0026; <first-name>Dawe</first-name>, <last-name>R</last-name>.</author> <pubDate>(2011, September)</pubDate>. TRINIDAD EOR-1: <article-title>More than 1 billion bbl of heavy oil remain onshore</article-title>. <journal-title><i>Retrieved from Oil &amp;#x0026; Gas Journal</i></journal-title>: http://www.ogj.com/articles/print/volume-109/issue-36/drillingproduction/ trinidad-eor-1-more-than-1-billion-bbl-of-heavy.html</bib>
</linkTarget>

<linkTarget id="link-24" type="bib">
<bib id="BIB8">
<author>
<first-name>Northern</first-name>
<last-name>Blizzard</last-name>
</author>. (<pubDate>2016</pubDate>, <article-title>April) </article-title>. <i>Retrieved from ScotiaBank Global Banking and Markets</i>: http:// www.gbm.scotiabank.com/ScotiaView/conference/2016_CAPP/pdf/2_920_Northern_Blizzard.pdf</bib>
</linkTarget>

<linkTarget id="link-25" type="bib">
<bib id="BIB9">
<author>
<first-name>E.</first-name>
<last-name>Delamaide</last-name>
</author>, <author><first-name>K.</first-name><last-name>Moe Soe Let</last-name></author>, <author><first-name>K.</first-name><last-name>Bhoendie</last-name></author>, <author><first-name>S.</first-name><last-name>Jong-A-Pin</last-name></author>, &amp;#x0026; <author><first-name>W.</first-name><last-name>Paidin</last-name></author> <pubDate>(2016)</pubDate>. <article-title>Results of a Polymer Flooding Pilot in the Tambaredjo Heavy Oil Field, Suriname. Paper SPE 180739 presented at the the SPE Canada Heavy Oil Technical Conference. Calgary, Alberta, Canada </article-title>, 7-9 June.</bib>
</linkTarget>

<linkTarget id="link-27" type="bib">
<bib id="BIB11">
<author>
<first-name>E.</first-name>
<last-name>Delamaide</last-name>
</author>, <author><first-name>B.</first-name><last-name>Bazin</last-name></author>, <author><first-name>D.</first-name><last-name>Rousseau</last-name></author>, &amp;#x0026; <author><first-name>G.</first-name><last-name>Degre</last-name></author> <pubDate>(2014)</pubDate>. <article-title>Chemical EOR for Heavy Oil: The Canadian Experience. Paper SPE 169715 presented at the SPE EOR Conference at Oil and Gas West Asia. Muscat, Oman </article-title>, 31 March-2 April.</bib>
</linkTarget>

<linkTarget id="link-28" type="bib">
<bib id="BIB12">
<author>
<first-name>E.</first-name>
<last-name>Delamaide</last-name>
</author> <pubDate>(2017)</pubDate>. <article-title>Comparison of Steam and Polymer Injection for the Recovery of Heavy Oil. Paper SPE 185728 presented at the SPE Western Regional Meeting. Bakersfield, California, USA </article-title>, 23-27 April.</bib>
</linkTarget>

<linkTarget id="link-29" type="bib">
<bib id="BIB13">
<author>
<first-name>E.</first-name>
<last-name>Delamaide</last-name>
</author>, <author><first-name>A.</first-name><last-name>Cuenca</last-name></author>, &amp;#x0026; <author><first-name>M.</first-name><last-name>Chabert</last-name></author> <pubDate>(2016)</pubDate>. <article-title>State of the Art Review of the Steam Foam Process. Paper SPE 181160 presented at the SPE Latin America and Caribbean Heavy and Extra Heavy Oil Conference. Lima, Peru </article-title>, 19-20 October.</bib>
</linkTarget>

<linkTarget id="link-34" type="bib">
<bib id="BIB18">
<author>
<first-name>M.</first-name>
<last-name>Chabert</last-name>
</author>, <author><first-name>D.</first-name><last-name>D'Souza</last-name></author>, <author><first-name>J.</first-name><last-name>Cochran</last-name></author>, <author><first-name>E.</first-name><last-name>Delamaide</last-name></author>, <author><first-name>P.</first-name><last-name>Dwyer</last-name></author>, <author><first-name>L.</first-name><last-name>Nabzar</last-name></author>, &amp;#x0026; <author><first-name>E.</first-name><last-name>Lacombe</last-name></author> <pubDate>(2016)</pubDate>. <article-title>A CO2 Foam Conformance Pilot in US Gulf Coast Region. Paper SPE-183352 presented at the Abu Dhabi International Petroleum Exhibition &amp;#x0026; Conference. Abu Dhabi, UAE </article-title>, 7-10 November.</bib>
</linkTarget>

<linkTarget id="link-35" type="bib">
<bib id="BIB19">
<author>
<first-name>M.</first-name>
<last-name>Chabert</last-name>
</author>, <author><first-name>D.</first-name><last-name>D'Souza</last-name></author>, <author><first-name>J.</first-name><last-name>Cochran</last-name></author>, <author><first-name>E.</first-name><last-name>Delamaide</last-name></author>, <author><first-name>P.</first-name><last-name>Dwyer</last-name></author>, <author><first-name>L.</first-name><last-name>Nabzar</last-name></author>, &amp;#x0026; <author><first-name>E.</first-name><last-name>Lacombe</last-name></author> <pubDate>(2016)</pubDate>. <article-title>A CO2 Foam Conformance Pilot in US Gulf Coast Region. Paper SPE-183352 presented at the Abu Dhabi International Petroleum Exhibition &amp;#x0026; Conference. Abu Dhabi, UAE </article-title>, 7-10 November.</bib>
</linkTarget>

<linkTarget id="link-36" type="bib">
<bib id="BIB20">
<author>
<first-name>E.</first-name>
<last-name>Delamaide</last-name>
</author>, <author><first-name>A.</first-name><last-name>Cuenca</last-name></author>, &amp;#x0026; <author><first-name>M.</first-name><last-name>Chabert</last-name></author> <pubDate>(2016)</pubDate>. <article-title>State of the Art Review of the Steam Foam Process. Paper SPE 181160 presented at the SPE Latin America and Caribbean Heavy and Extra Heavy Oil Conference. Lima, Peru </article-title>, 19-20 October.</bib>
</linkTarget>



**************************************************
