
BPR DEVELOPMENT TEAM
Project : GeoFacets-Project A
Version : v1.0.7
**************************************************


File Name: G:\SATHYA\xml-table\BATCH-38\24.3.2021\102118185861MS\102118185861MS\Table\main_102118185861MS_tbl.xml


Uncited Reference

Table: 

<linkTarget id="link-26" type="bib">
  <bib id="BIB1">
    <author>
      <first-name>M. F.</first-name>
      <last-name>Da Silva</last-name>, ,<first-name> K. M.</first-name> <last-name>Muradov</last-name> and <first-name>D. R.</first-name> <last-name>Davies</last-name></author>
    <pubDate>(2012)</pubDate>. <i>Review, <article-title>Analysis and Comparison of Intelligent Well Monitoring Systems</article-title></i>, Society of Petroleum Engineers, http://dx.doi.org/10.2118/150195-MS</bib>
</linkTarget>

<linkTarget id="link-27" type="bib">
  <bib id="BIB2">
    <author>
      <first-name>J. R.</first-name>
      <last-name>John Lee</last-name>
    </author>, <author><first-name>John</first-name><last-name>Spivey</last-name></author> <pubDate>(2003)</pubDate>. <article-title>$piamp$$#x201C;<i>Pressure Transeint Testing</i>.$piamp$$#x201D; </article-title> volume <b>9</b>.</bib>
</linkTarget>



**************************************************
