
BPR DEVELOPMENT TEAM
Project : GeoFacets-Project A
Version : v1.0.7
**************************************************


File Name: E:\Bavi\XML Table\Batch_38\22-03-2021\102118177099MS\102118177099MS\Table\main_102118177099MS_tbl.xml


Uncited Reference

Table: 

<linkTarget id="link-12" type="bib">
  <bib id="BIB2">
    <author>
      <first-name>Q. R.</first-name>
      <last-name>Passey</last-name>
    </author>, <author><first-name>S.</first-name><last-name>Creany</last-name></author>, <author><first-name>J. B.</first-name><last-name>Kulla</last-name></author>, <author><first-name>F. J.</first-name><last-name>Moretti</last-name></author> and <author><first-name>J. D.</first-name><last-name>Stroud</last-name></author> <pubDate>1990</pubDate>. <article-title>A Practical Model for Organich Richness from Porosity and Resistivity Logs</article-title>. <journal-title><i>American Association of Petroleum Geologists Bulletin</i></journal-title> <volume>74</volume>, no. <issue>12</issue>: <pages><first-page>1777</first-page><last-page>1794</last-page></pages>.</bib>
</linkTarget>

<linkTarget id="link-13" type="bib">
  <bib id="BIB3">
    <author>
      <first-name>W.</first-name>
      <last-name>Grieser</last-name>
    </author> and <author><first-name>J.</first-name><last-name>Bray</last-name></author> <pubDate>2007</pubDate>. <article-title>Identification of Production Potential in Unconventional Reservoirs. Society of Petroleum Engineers Conference</article-title>. SPE-106623-MS.</bib>
</linkTarget>



**************************************************
