
BPR DEVELOPMENT TEAM
Project : GeoFacets-Project A
Version : v1.0.7
**************************************************


File Name: E:\Bavi\XML Table\Batch_38\30-03-2021\102118189859MS\102118189859MS\Table\main_102118189859MS_tbl.xml


Uncited Reference

Table: 

<linkTarget id="link-14" type="bib">
  <bib id="BIB1">
    <author>
      <first-name>V.</first-name>
      <last-name>Grechka</last-name>
    </author>, <author><first-name>Z.</first-name><last-name>Li</last-name></author>, <author><first-name>B.</first-name><last-name>Howell</last-name></author>, <author><first-name>H.</first-name><last-name>Garcia</last-name></author>, $piamp$$ <author><first-name>T.</first-name><last-name>Wooltorton</last-name></author> <pubDate>(2017)</pubDate>. <article-title>High-resolution microseismic imaging</article-title>. <journal-title><i>The Leading Edge</i></journal-title>, <volume>36</volume><issue>(10)</issue>, <pages><first-page>822</first-page><last-page>828</last-page></pages>.</bib>
</linkTarget>

<linkTarget id="link-15" type="bib">
  <bib id="BIB2">
    <author>
      <first-name>L. L.</first-name>
      <last-name>Lacy</last-name>
    </author> <pubDate>(1997)</pubDate>. <article-title>Dynamic Rock Mechanics Testing for Optimized Fracture Designs</article-title>. Paper presented at the Annual Technical Conference and Exhibition, San Antonio, TX.</bib>
</linkTarget>

<linkTarget id="link-16" type="bib">
  <bib id="BIB3">
    <author>
      <first-name>O.</first-name>
      <last-name>Heidbach</last-name>, </author>, <author><first-name>M.</first-name><last-name>Rajabi</last-name>, </author>, <author><first-name>K.</first-name><last-name>Reiter</last-name>, </author>, $piamp$$ <author><first-name>M.</first-name><last-name>Ziegler</last-name>, </author> (<pubDate>2016</pubDate>). <article-title>World Stress Map Database Release 2016</article-title>. <journal-title><i>GFZ Data Services.In</i></journal-title>.</bib>
</linkTarget>



**************************************************
