
BPR DEVELOPMENT TEAM
Project : GeoFacets-Project A
Version : v1.0.7
**************************************************


File Name: G:\SATHYA\xml-table\BATCH-38\27.3.2021\102118190381MS\102118190381MS\Table\main_102118190381MS_tbl.xml


Uncited Reference

Table: 

<linkTarget id="link-6" type="bib">
  <bib id="BIB1">
    <author>
      <first-name>H</first-name>
      <last-name>Pu,</last-name> .; et al.:</author> <article-title>"An Update and Perspective on Field-Scale Chemical Floods in Daqing Oilfield, China," </article-title> paper SPE 118746 presented at <pubDate>2009</pubDate>. SPE Middle East Oil $piamp$$ Gas Show and Conference held in the Bahrain International Exhibition Center, Kingdom of Bahrain, Mar. 15-18</bib>
</linkTarget>

<linkTarget id="link-7" type="bib">
  <bib id="BIB2">
    <author>
      <first-name>H</first-name>
      <last-name>Pu,</last-name> .; et al.:</author> <article-title>"An Update and Perspective on Field-Scale Chemical Floods in Daqing Oilfield, China," </article-title> paper SPE 118746 presented at <pubDate>2009</pubDate>. SPE Middle East Oil $piamp$$ Gas Show and Conference held in the Bahrain International Exhibition Center, Kingdom of Bahrain, Mar. 15-18</bib>
</linkTarget>

<linkTarget id="link-10" type="bib">
  <bib id="BIB5">
    <author>
      <first-name>L.</first-name>
      <last-name>Liu</last-name>
    </author>: <article-title>"Technical Research on ASP Flood for Class II Reservoir in the Western Fault of B1 Reigon West Block," </article-title> <i><journal-title>Northeast Petroleum University </journal-title></i><i> </i><pubDate>(Apr. 2016)</pubDate>, <pages><first-page>3</first-page><last-page>8</last-page></pages>.</bib>
</linkTarget>

<linkTarget id="link-11" type="bib">
  <bib id="BIB6">
    <author>
      <first-name>Y. J.</first-name>
      <last-name>Zhao</last-name>
    </author>; <author><first-name>Q.</first-name><last-name>Zhao</last-name></author>; <author><first-name>S. C.</first-name><last-name>Me</last-name></author>: <article-title>"A Correlation of Weak and Strong Base ASP Flooding Process," </article-title> <i><journal-title>XinJiang Petroleum Geology </journal-title></i><i> </i><pubDate>(Dec. 2006)</pubDate>, <b><volume>27</volume></b><issue>(6)</issue>: <pages><first-page>728</first-page><last-page>730</last-page></pages>.</bib>
</linkTarget>

<linkTarget id="link-12" type="bib">
  <bib id="BIB7">
    <author>
      <first-name>C.L.</first-name>
      <last-name>Nie</last-name>, </author>: <article-title>"Pattern of Changes and Prediction of Injection Pressures in ASP flooding</article-title>, Daqing Oilfield," <i>Special Oil $piamp$$ Gas Reservoirs </i>(<pubDate>Feb. 2017</pubDate>), <volume>24</volume>(1).</bib>
</linkTarget>

<linkTarget id="link-13" type="bib">
  <bib id="BIB8">
    <author>
      <first-name>P.</first-name>
      <last-name>Ai</last-name>
    </author>; <author><first-name>C. G.</first-name><last-name>Wang</last-name></author>; <article-title>Yang, A.P.; et al.: "Study on the Dual-Compound Flooding System in Daqing Oilfield," </article-title> <i><journal-title>Oilfield Chemistry </journal-title></i><i> </i><pubDate>(Sep. 2010)</pubDate>, <b><volume>27</volume></b><issue>(3)</issue>: <pages><first-page>310</first-page><last-page>313</last-page></pages>.</bib>
</linkTarget>



**************************************************
