
BPR DEVELOPMENT TEAM
Project : GeoFacets-Project A
Version : v1.0.7
**************************************************


File Name: G:\Shaikha\TABLE\BATCH 38\PDF\19-3-2021\102118177261MS IC\102118177261MS\Table\main_102118177261MS_tbl.xml


Uncited Reference

Table: 

<linkTarget id="link-14" type="bib">
  <bib id="BIB2">
    <last-name>Picket</last-name>
    <author>
      <first-name>G. R.</first-name>
      <last-name>Picket</last-name>
    </author> <pubDate>1963</pubDate>. <article-title>Acoustic character logs and their applications in formation evaluation</article-title>:<journal-title> <i>Journal of Petroleum Technology</i></journal-title>,pp . <pages><first-page>659</first-page><last-page>667</last-page></pages>.</bib>
</linkTarget>

<linkTarget id="link-19" type="bib">
  <bib id="BIB7">
    <last-name>Fj$piamp$$#x00E6;r</last-name>
    <author>
      <first-name>E.</first-name>
      <last-name>Fj$piamp$$#x00E6;r</last-name>
    </author>, <last-name>Holt</last-name>, <author><first-name>R. M.</first-name><last-name>Holt</last-name>, </author>, <last-name>Horsrud</last-name>, <author><first-name>P.</first-name><last-name>Horsrud</last-name>, </author>, <last-name>Raaen</last-name>, <author><first-name>A. M.</first-name><last-name>Raaen</last-name>, </author>, <last-name>Risnes</last-name>, <author><first-name>R.</first-name><last-name>Risnes</last-name>, </author>, <pubDate>1992</pubDate>. <journal-title>Petroleum Related Rock Mechanics.  Elsevier, Amsterdam</journal-title>.</bib>
</linkTarget>

<linkTarget id="link-24" type="bib">
  <bib id="BIB12">
    <last-name>Borba</last-name>
    <author>
      <first-name>A. M.</first-name>
      <last-name>Borba</last-name>
    </author>, <last-name>Ferreira</last-name>, <author><first-name>F. H.</first-name><last-name>Ferreira</last-name>, </author>, <last-name>Santos</last-name>, <author><first-name>E. S. R.</first-name><last-name>Santos</last-name>, </author>, <last-name>Menezes</last-name>, <author><first-name>V. M. D.</first-name><last-name>Menezes</last-name>, </author>, and Strugale, M. <pubDate>2014</pubDate>. <article-title>UCS Estimation through Uniaxial Compressive Test, Scratch Test and Based Log Empirical Correlation</article-title>. <journal-title>International Society for Rock Mechanics</journal-title>.</bib>
</linkTarget>

<linkTarget id="link-25" type="bib">
  <bib id="BIB13">
    <last-name>Onyia</last-name>
    <author>
      <first-name>E. C.</first-name>
      <last-name>Onyia</last-name>
    </author> <pubDate>1988</pubDate>. <article-title>Relationship Between Formation Strength, Drilling Strength, and Electric Log Properties. SPE 63rd Annual Technical Conference and Exhibition </article-title>. <journal-title>Houston: SPE 18166-MS </journal-title>, pp. <pages><first-page>1</first-page><last-page>14</last-page></pages>.</bib>
</linkTarget>

<linkTarget id="link-26" type="bib">
  <bib id="BIB14">
    <last-name>Vernik</last-name>
    <author>
      <first-name>L. Bruno</first-name>
      <last-name>Vernik</last-name>
    </author>, <article-title>M. and Bovberg, C </article-title>. <pubDate>1993</pubDate>. <journal-title>Empirical relations between compressive strength and porosity of siliciclastic rocks. <i>Int. J. Rock Mech. Min. Sci. Geomech. Abstr.</i> </journal-title><i> </i><b><volume>30</volume></b><b>, </b>pp. <pages><first-page>677</first-page><last-page>680</last-page></pages>.</bib>
</linkTarget>

<linkTarget id="link-27" type="bib">
  <bib id="BIB15">
    <last-name>Chang</last-name>
    <author>
      <first-name>C.</first-name>
      <last-name>Chang</last-name>
    </author>, <last-name>Zoback</last-name>, <author><first-name>M. D.</first-name><last-name>Zoback</last-name>, </author>, and <last-name>Khaksar</last-name>, <author><first-name>A.</first-name><last-name>Khaksar</last-name>, </author> <pubDate>2006</pubDate>. <article-title>Empirical relations between rock strength and physical properties of sedimentary rocks </article-title>, <i><journal-title>Journal of Petroleum Science and Engineering </journal-title></i><i> </i><b><volume>51</volume></b><b>, </b>pp <pages><first-page>223</first-page><last-page>237</last-page></pages>.</bib>
</linkTarget>

<linkTarget id="link-28" type="bib">
  <bib id="BIB16">
    <last-name>Borba</last-name>
    <author>
      <first-name>A. M.</first-name>
      <last-name>Borba</last-name>
    </author>, <last-name>Ferreira</last-name>, <author><first-name>F. H.</first-name><last-name>Ferreira</last-name>, </author>, <last-name>Santos</last-name>, <author><first-name>E. S. R.</first-name><last-name>Santos</last-name>, </author>, <last-name>Menezes</last-name>, <author><first-name>V. M. D.</first-name><last-name>Menezes</last-name>, </author>, and Strugale, M. <pubDate>2014</pubDate>. <article-title>UCS Estimation through Uniaxial Compressive Test, Scratch Test and Based Log Empirical Correlation</article-title>.<journal-title> International Society for Rock Mechanics</journal-title>.</bib>
</linkTarget>



**************************************************
