
BPR DEVELOPMENT TEAM
Project : GeoFacets-Project A
Version : v1.0.7
**************************************************


File Name: E:\Bavi\XML Table\Batch_38\25-03-2021\102118187855MS\102118187855MS\Table\main_102118187855MS_tbl.xml


Uncited Reference

Table: 

<linkTarget id="link-13" type="bib">
  <bib id="BIB1">
    <author>
      <first-name>S.V.</first-name>
      <last-name>Kolbikov</last-name> </author> <article-title>Kondensatootdacha nizkopronitsaemyh kollektorov [Condensate recovery in low permeable reservoirs] // SPE-136380</article-title>. <pubDate>2010</pubDate> (in Russian).</bib>
</linkTarget>

<linkTarget id="link-14" type="bib">
  <bib id="BIB2">
    <author>
      <first-name>R.M.</first-name>
      <last-name>Ter-Sarkisov</last-name> </author> <article-title>Razrabotka mestorozhdeniy prirodnyh gazov [Development of the natural gas fields] // M.: Nedra</article-title>, <pubDate>1999</pubDate>, p. <pages><first-page>237</first-page></pages> (in Russian).</bib>
</linkTarget>



**************************************************
