
BPR DEVELOPMENT TEAM
Project : GeoFacets-Project A
Version : v1.0.7
**************************************************


File Name: G:\Shaikha\TABLE\BATCH 38\PDF\22-3-2021\102118179624MS\102118179624MS\Table\main_102118179624MS_tbl.xml


Uncited Reference

Table: 

<linkTarget id="link-23" type="bib">
  <bib id="BIB1">
    <author>
      <first-name>L.</first-name>
      <last-name>Henthorne</last-name>
    </author>; <author><first-name>M.</first-name><last-name>Hartman</last-name></author> and <author><first-name>A.</first-name><last-name>Hayden</last-name></author>; <pubDate>2011</pubDate>. <article-title>Improving Chemical EOR Economics by Optimizing Water Quality. SPE 144397 presented at the SPE Enhanced Oil Recovery Conference held in Kuala Lumpur, Malaysia </article-title>, 19$piamp$$#x2013;21 July.</bib>
</linkTarget>

<linkTarget id="link-24" type="bib">
  <bib id="BIB2">
    <author>
      <first-name>G.</first-name>
      <last-name>Cuadros</last-name>
    </author>; <author><first-name>E. H.</first-name><last-name>Chamat</last-name></author>; <author><first-name>N.</first-name><last-name>Villarroel</last-name></author>; <author><first-name>J.</first-name><last-name>Scrofina</last-name></author>; <author><first-name>E.</first-name><last-name>Cermeno</last-name></author> and <author><first-name>O.</first-name><last-name>Rodriguez</last-name></author>; <pubDate>2015</pubDate>. <article-title>Improving Horizontal Well Placement in the Orinoco Oil Belt with the Use of Bed Boundary Mapping Technologies. Paper SPE-174476-MS presented at the SPE Canada Heavy Oil Technical Conference held in Calgary, Alberta, Canada </article-title>, 9$piamp$$#x2013;11 June.</bib>
</linkTarget>

<linkTarget id="link-25" type="bib">
  <bib id="BIB3">
    <author>
      <first-name>R.</first-name>
      <last-name>Kooper</last-name>
    </author>; <author><first-name>J.</first-name><last-name>Kupecz</last-name></author>; <author><first-name>C.</first-name><last-name>Curtis</last-name></author>; <author><first-name>T.</first-name><last-name>Cole</last-name></author>; <author><first-name>D.</first-name><last-name>Dorn-Lopez</last-name></author>; <author><first-name>J.</first-name><last-name>Copley</last-name></author>; <author><first-name>A.</first-name><last-name>Munoz</last-name></author>; <author><first-name>V.</first-name><last-name>Caicedo</last-name></author>; <pubDate>2001</pubDate>. <article-title>Reservoir Characterization of the Orinoco Oil Belt: Miocene Oficina Formation, Zuata Field, Eastern Venezuelan Basin. Paper SPE 69697 presented at the 2001 SPE International Operations and Heavy Oil Symposium held in Porlamar, Margarita Island, Venezuela </article-title>, 12$piamp$$#x2013;14 March.</bib>
</linkTarget>



**************************************************
