
BPR DEVELOPMENT TEAM
Project : GeoFacets-Project A
Version : v1.0.7
**************************************************


File Name: E:\Dinesh08\XML_Table\Table\Batch-38\30-3-2021\Process\102118191651MS\102118191651MS\Table\main_102118191651MS_tbl.xml


Uncited Reference

Table: 

<linkTarget id="link-12" type="bib">
  <bib id="BIB1">
    <author>
      <first-name>A.</first-name>
      <last-name>Ben</last-name>
    </author>, <author><first-name>M.</first-name><last-name>Omar</last-name></author>, <author><first-name>M. S.</first-name><last-name>Bruno</last-name></author>, and <author><first-name>J.</first-name><last-name>Young</last-name></author> <pubDate>(2008)</pubDate> <article-title>Los Angeles breaks new ground with deep-well bio-solids injection project </article-title>. <i><journal-title>Water Environment and Technology </journal-title></i><i> </i>v.  <b><volume>20</volume></b>, No. <issue>3</issue>, pp <pages><first-page>44</first-page><last-page>49</last-page></pages>.</bib>
</linkTarget>

<linkTarget id="link-13" type="bib">
  <bib id="BIB2">
    <author>
      <first-name>S. M.</first-name>
      <last-name>Sharon</last-name>
    </author>, <author><first-name>K. W.</first-name><last-name>Alexander</last-name></author>, <author><first-name>V. J.</first-name><last-name>Brett</last-name></author> <pubDate>(2013)</pubDate> <article-title>Geologic assessment of undiscovered oil and gas resources: Oligocene Frio and Anahuac Formations, United States Gulf of Mexico coastal plain and State waters </article-title>. <i>U.S. Geological Survey</i></bib>
</linkTarget>



**************************************************
