
BPR DEVELOPMENT TEAM
Project : GeoFacets-Project A
Version : v1.0.7
**************************************************


File Name: G:\Shaikha\TABLE\BATCH 38\PDF\22-3-2021\102118182326MS\102118182326MS\Table\main_102118182326MS_tbl.xml


Uncited Reference

Table: 

<linkTarget id="link-23" type="bib">
  <bib id="BIB1">
    <author>
      <first-name>S.</first-name>
      <last-name>Arirachakaran</last-name>
    </author>, <author><first-name>K.</first-name><last-name>Oglesby</last-name></author>, <author><first-name>M.</first-name><last-name>Malinowsky</last-name></author>, <author><first-name>O.</first-name><last-name>Shoham</last-name></author> and <author><first-name>J.</first-name><last-name>Brill</last-name></author> <pubDate>1989</pubDate>. <article-title>An Analysis of Oil/Water Flow Phenomena in Horizontal Pipes. Presented at the SPE Production Operations Symposium, Oklahoma City, Oklahoma, 13-14 March </article-title>. SPE-18836-MS. http://dx.doi.org/10.2118/18836-ms.</bib>
</linkTarget>

<linkTarget id="link-24" type="bib">
  <bib id="BIB2">
    <author>
      <first-name>A. Y.</first-name>
      <last-name>Tjoeng</last-name>
    </author>, <author><first-name>R.</first-name><last-name>Loro</last-name></author> and <author><first-name>S.</first-name><last-name>Iglauer</last-name></author> <pubDate>2015</pubDate>. <article-title>Emulsion Viscosity Modelling of Pyrenees Crude Oil. BEng (Hons) Thesis, Curtin University, Perth </article-title>, <journal-title>Australia (November </journal-title> <volume>2015</volume>) <issue>(Unpublished)</issue>.</bib>
</linkTarget>



**************************************************
