
BPR DEVELOPMENT TEAM
Project : GeoFacets-Project A
Version : v1.0.7
**************************************************


File Name: G:\SATHYA\xml-table\BATCH-38\20.3.2021\102118181678MS\102118181678MS\Image\main_102118181678MS_img.xml


Uncited Reference

Image: 

<linkTarget id="link-17" type="bib">
<bib id="BIB1">
<author>
<first-name>B. A.</first-name>
<last-name>Eaton</last-name>
</author> <pubDate>1975</pubDate>. <article-title>Equation for Geopressure Prediction from Well Logs </article-title>. Paper SPE 5544 presented at the Annual Fall Meeting of the Society of Petroleum Engineers, Dallas, Texas.</bib>
</linkTarget>

<linkTarget id="link-18" type="bib">
<bib id="BIB2">
<author>
<first-name>C. D.</first-name>
<last-name>Ward</last-name>
</author>, <author><first-name>K.</first-name><last-name>Coghill</last-name></author>, and <author><first-name>M. D.</first-name><last-name>Broussard</last-name></author> <pubDate>1995</pubDate>. <article-title>Brief: Pore and Fracture-pressure determinations: Effective-stress approach </article-title>. <i><journal-title>Journal of Petroleum Technology </journal-title></i><i> </i><b><volume>47</volume></b><issue>(2)</issue>:<pages><first-page>123</first-page><last-page>124</last-page></pages>.</bib>
</linkTarget>

<linkTarget id="link-19" type="bib">
<bib id="BIB3">
<author>
<first-name>B. A.</first-name>
<last-name>Eaton</last-name>
</author>, <pubDate>1969</pubDate>, <article-title>Fracture gradient prediction and its applications in oilfield operations: <i>Journal of Petroleum Technology</i>, p </article-title>. 1353&amp;#x2013;1360.</bib>
</linkTarget>

<linkTarget id="link-20" type="bib">
<bib id="BIB4">
<author>
<first-name>J. C.</first-name>
<last-name>Rogiers</last-name>
</author>, <author><first-name>C.</first-name><last-name>Fairhurst</last-name></author>, and <author><first-name>E.</first-name><last-name>Detournay</last-name></author> <pubDate>1987</pubDate>. <article-title>A comparative energetic analysis of modes of failure around underground excavation in overturned rock. Proc. </article-title>, 6th ISRM Congress, Montreal, Canada.</bib>
</linkTarget>

<linkTarget id="link-21" type="bib">
<bib id="BIB5">
<author>
<first-name>R. D.</first-name>
<last-name>Butler</last-name>
</author>, <pubDate>1984</pubDate>, <article-title>Hydrogeology of Dakota Aquifer system, Williston Basin, North Dakota </article-title>, in Jorgensen, D.G., and Signor, D.C., eds., <i>Geohydrology of the Dakota Aquifier</i>, National Water Well Association, C.V. Thesis Conference <volume>o</volume>n Geohydrology, 1st, Lincoln, Nebraska, Proceedings: p. 14&amp;#x2013;23.</bib>
</linkTarget>

<linkTarget id="link-22" type="bib">
<bib id="BIB6">
<author>
<first-name>H.L</first-name>
<last-name>Case</last-name>, .</author> III, <pubDate>1984</pubDate>, <article-title>Hydrology of Inyan Kara and Dakota-Newcastle aquifer system</article-title>, South Dakota, in Jorgensen, D.G., and Signor, D.C., eds., <i>Geohydrology of the Dakota Aquifier</i>, National Water Well Association, C.V. Thesis Conference on Geohydrology, 1st, Lincoln, Nebraska, Proceedings: p. 147&amp;#x2013;165.</bib>
</linkTarget>

<linkTarget id="link-24" type="bib">
<bib id="BIB8">
<author>
<first-name>C. E.</first-name>
<last-name>Neuzil</last-name>
</author> <pubDate>1980</pubDate>. <i>Fracture leakage in the Cretaceous Pierre shale and its significance for underground waste disposal</i>. John Hopkins University, Unpublished Ph.D. dissertation, <pages><first-page>139</first-page></pages> pp.</bib>
</linkTarget>

<linkTarget id="link-25" type="bib">
<bib id="BIB9">
<author>
<first-name>L. F.</first-name>
<last-name>Konikow</last-name>
</author>, <pubDate>1976</pubDate>, <article-title>Preliminary digital model of ground-water flow in the Madison Group, Powder River Basin and adjacent areas, Wyoming, South Dakota </article-title>, <i><journal-title>North Dakota, and Nebraska: U.S. Geological Survey Water-Resources Investigations </journal-title></i><i> </i><pages><first-page>63</first-page><last-page>75</last-page></pages>.</bib>
</linkTarget>

<linkTarget id="link-26" type="bib">
<bib id="BIB10">
<author>
<first-name>M. S.</first-name>
<last-name>Hantush</last-name>
</author> and <author><first-name>C. E.</first-name><last-name>Jacob</last-name></author>, <pubDate>1955</pubDate>. <article-title>Non-steady radial flow in an infinite leaky aquifer </article-title>, <i><journal-title>Am. Geophys. Union Trans. </journal-title></i><i> </i><b><volume>36</volume></b><issue>(1)</issue>: <pages><first-page>95</first-page><last-page>100</last-page></pages>.</bib>
</linkTarget>



**************************************************
