
BPR DEVELOPMENT TEAM
Project : GeoFacets-Project A
Version : v1.0.7
**************************************************


File Name: G:\Shaikha\TABLE\BATCH 38\PDF\29-3-2021\102118189070MS\102118189070MS\Table\main_102118189070MS_tbl.xml


Uncited Reference

Table: 

<linkTarget id="link-7" type="bib">
  <bib id="BIB1">
    <author>
      <first-name>J</first-name>
      <last-name>Robertson</last-name>, </author>. <author><first-name>N.R</first-name><last-name>Goulty</last-name>, </author>. $piamp$$#x0026; <author><first-name>R.E</first-name><last-name>Swarbrick</last-name>, </author>.<pubDate>2013</pubDate>. <article-title>Overpressure distributions in Palaeogene reservoirs of the UK Central North Sea and implications for lateral and vertical fluid flow</article-title>. <journal-title>Petroleum Geoscience, Online First</journal-title>, <pages><first-page>15</first-page></pages>p..</bib>
</linkTarget>

<linkTarget id="link-8" type="bib">
  <bib id="BIB2">
    <author>
      <first-name>P</first-name>
      <last-name>Winefield</last-name>, </author>. <author><first-name>R</first-name><last-name>Gilham</last-name>, </author>. and <author><first-name>R</first-name><last-name>Elsinger</last-name>, </author>., <pubDate>2005</pubDate>. <article-title>Plumbing the depths of Central Graben: towards an integrated pressure,fluid and charge model for the Central North Sea HPHT play</article-title>. <journal-title>In: Dore, A.G. And Vining, B.A. (eds) Petroleum Geology: North-West Europe and Global Perspectives $piamp$$#xFFFD; Proceedings of the 6th Petroleum Geology Conference</journal-title>,<pages><first-page>1301</first-page><last-page>1315</last-page></pages>.</bib>
</linkTarget>



**************************************************
