
BPR DEVELOPMENT TEAM
Project : GeoFacets-Project A
Version : v1.0.7
**************************************************


File Name: E:\Bavi\XML Table\Batch_38\23-03-2021\102118180880MS\102118180880MS\Table\main_102118180880MS_tbl.xml


Uncited Reference

Table: 

<linkTarget id="link-11" type="bib">
  <bib id="BIB1">
    <author>
      <first-name>Larry Grant</first-name>
      <last-name>Robinson</last-name>
    </author>, <author><first-name>David</first-name><last-name>Gray</last-name></author>, and <author><first-name>Bjorn</first-name><last-name>Bill</last-name></author>. <pubDate>2015</pubDate>. <article-title>$piamp$$#x201C;<i>High Expansion Technology Opens the Way for Enhanced Recovery</i>.$piamp$$#x201D;</article-title> 2015/10/20/.</bib>
</linkTarget>

<linkTarget id="link-12" type="bib">
  <bib id="BIB2">
    <author>
      <first-name>Robert Thomas</first-name>
      <last-name>Brooks</last-name>
    </author>. <pubDate>2011</pubDate>. <article-title>$piamp$$#x201C;<i>Merging Coiled Tubing and Swellable Packer Technologies</i>.$piamp$$#x201D;</article-title> 2011/1/1/.</bib>
</linkTarget>



**************************************************
