
BPR DEVELOPMENT TEAM
Project : GeoFacets-Project A
Version : v1.0.7
**************************************************


File Name: G:\Shaikha\TABLE\BATCH 38\PDF\30-3-2021\102118192052MS\102118192052MS\Image\main_102118192052MS_img.xml


Uncited Reference

Image: 

<linkTarget id="link-13" type="bib">
<bib id="BIB4">
<author>
<first-name>J.D</first-name>
<last-name>Weaver</last-name></author>, <author><first-name>P.D</first-name><last-name>Nguyen</last-name></author>, and <author><first-name>R</first-name><last-name>Loghry</last-name></author>. <pubDate>2011</pubDate>. <article-title>Stabilizing Fracture Faces in Water-Sensitive shale Formations</article-title>. <journal-title>Presented at the SPE Eastern Regional Meeting, Columbus, Ohio, USA, 17-19 August</journal-title>. SPE-149218-MS. https:// doi.org/10.2118/149218-MS</bib>
</linkTarget>

<linkTarget id="link-14" type="bib">
<bib id="BIB5">
<author>
<first-name>J.D</first-name>
<last-name>Weaver</last-name></author>, <author><first-name>P.D</first-name><last-name>Nguyen</last-name></author>, and <author><first-name>R</first-name><last-name>Loghry</last-name></author>. <pubDate>2011</pubDate>. <article-title>Stabilizing Fracture Faces in Water-Sensitive shale Formations</article-title>. <journal-title>Presented at the SPE Eastern Regional Meeting, Columbus, Ohio, USA, 17-19 August</journal-title>. SPE-149218-MS. https:// doi.org/10.2118/149218-MS.</bib>
</linkTarget>



**************************************************
