
BPR DEVELOPMENT TEAM
Project : GeoFacets-Project A
Version : v1.0.7
**************************************************


File Name: G:\Shaikha\TABLE\BATCH 38\PDF\27-3-2021\102118189758MS\102118189758MS\Table\main_102118189758MS_tbl.xml


Uncited Reference

Table: 

<linkTarget id="link-21" type="bib">
  <bib id="BIB1">
    <author>
      <first-name>A</first-name>
      <last-name>Mendez</last-name>, </author>., <author><first-name>B</first-name><last-name>Chacin</last-name>, </author>., <author><first-name>S</first-name><last-name>Balram</last-name>, </author>., and <author><first-name>B</first-name><last-name>Smith</last-name>, </author>., <pubDate>2014</pubDate>.<article-title>Successful Application of Water Injection to Increase Oil Recovery in Boscan Field</article-title>. SPE-169412-MS. https://doi.org/10.2118/169412-MS.</bib>
</linkTarget>

<linkTarget id="link-22" type="bib">
  <bib id="BIB2">
    <author>
      <first-name>R</first-name>
      <last-name>Plaza</last-name>, </author>., <author><first-name>M</first-name><last-name>Pernalete</last-name>, </author>., <author><first-name>B</first-name><last-name>Smith</last-name>, </author>. et al. <pubDate>2014</pubDate>. <article-title>A Novel Approach to Analyzing and Managing Well Spacing and Density in Boscan Field, Western Venezuela</article-title>. SPE-169466-MS.  https://doi.org/10.2118/169466-MS</bib>
</linkTarget>

<linkTarget id="link-23" type="bib">
  <bib id="BIB3">
    <author>
      <first-name>R.</first-name>
      <last-name>Kumar</last-name>
    </author>, <author><first-name>C.</first-name><last-name>Lolley</last-name></author>, and <author><first-name>K.</first-name><last-name>Radecker</last-name></author> <pubDate>2015</pubDate>. <article-title>Dynamic Model Calibration of North Boscan Leads to Improved Understanding of a Heavy-oil Reservoir Behavior. Presented at World Heavy Oil Congress at Edmonton, Alberta, Canada, 25-26 March </article-title>. WHOC15-179.</bib>
</linkTarget>



**************************************************
