
BPR DEVELOPMENT TEAM
Project : GeoFacets-Project A
Version : v1.0.7
**************************************************


File Name: E:\Dinesh08\XML_Table\Table\Batch-38\26-3-2021\102118185710MS\102118185710MS\Table\main_102118185710MS_tbl.xml


Uncited Reference

Table: 

<linkTarget id="link-7" type="bib">
  <bib id="BIB1">
    <author>
      <first-name>C. I.</first-name>
      <last-name>Beattle</last-name>
    </author>, <author><first-name>T. C.</first-name><last-name>Boberg</last-name></author>, and <author><first-name>G. S.</first-name><last-name>McNab</last-name></author>, <article-title>"Reservoir Simulation of Cyclic Steam in the Cold Lake Oil Sands," </article-title> <i><journal-title>SPE Reservoir Engineering Journal </journal-title></i>, <pubDate>May 1991</pubDate>, pp. <pages><first-page>200</first-page><last-page>206</last-page></pages>.</bib>
</linkTarget>

<linkTarget id="link-8" type="bib">
  <bib id="BIB2">
    <author>
      <first-name>M.</first-name>
      <last-name>Kumar</last-name>, </author> and <author><first-name>F.D.</first-name><last-name>Beatty</last-name>, </author>, <article-title>"Cyclic Steaming in Heavy Oil Diatomite", paper presented at the Western Regional Meeting, Bakersfield, CA, U.S.A</article-title>., 8$piamp$$#x2013;10 March <pubDate>1995</pubDate>, SPE 29623-MS.</bib>
</linkTarget>

<linkTarget id="link-9" type="bib">
  <bib id="BIB3">
    <author>
      <first-name>J. K.</first-name>
      <last-name>Dietrich</last-name>
    </author> and <author><first-name>J. D.</first-name><last-name>Scott</last-name></author>, <article-title>"Modeling Thermally Induced Compaction in Diatomite," </article-title> <i><journal-title>SPE Journal </journal-title></i>,  <pubDate>March 2007</pubDate>, pp <pages><first-page>130</first-page><last-page>144</last-page></pages>.</bib>
</linkTarget>

<linkTarget id="link-10" type="bib">
  <bib id="BIB4">
    <author>
      <first-name>B. R.</first-name>
      <last-name>Crawford</last-name>
    </author>, <author><first-name>K. H.</first-name><last-name>Rearles</last-name></author>, <author><first-name>S-Y.</first-name><last-name>Hsu</last-name></author>, <author><first-name>W. L.</first-name><last-name>Reese</last-name></author>, <author><first-name>A. H.</first-name><last-name>Urdaneta</last-name></author>, <author><first-name>B. D.</first-name><last-name>Carnahan</last-name></author>, <article-title>Martin </article-title>, <journal-title>J.W., "Plastic Compaction in Diatomite: In Situ Stress versus Temperature Effects," presented at Golden Rocks 2006, The 41st U.S. Symposium on Rock Mechanics (USRMS), Golden, Colorado, June </journal-title> <pages><first-page>17</first-page><last-page>21</last-page></pages>, <pubDate>2006</pubDate>.</bib>
</linkTarget>

<linkTarget id="link-11" type="bib">
  <bib id="BIB5">
    <author>
      <first-name>Colin F.</first-name>
      <last-name>Williams</last-name>
    </author>, <author><first-name>S. Peter Jr.</first-name><last-name>Galanis</last-name></author>, <author><first-name>Frederick V.</first-name><last-name>Grubb</last-name></author>, and <author><first-name>Thomas H. Jr</first-name><last-name>Moses</last-name></author>., "Thermal Regime of Santa Maria Province, California," <i>U.S.Geological Bulletin 1995, Chapter F, Evolution of Sedimentary Basins/Onshore Oil and Gas Investigations - Santa Maria Province</i>, United States Government Printing Office, Washington: <pubDate>1994</pubDate>, pp <pages><first-page>F9</first-page><last-page>F11</last-page></pages>.</bib>
</linkTarget>

<linkTarget id="link-12" type="bib">
  <bib id="BIB6">
    <author>
      <first-name>M.</first-name>
      <last-name>Kumar</last-name>, </author> and <author><first-name>F.D.</first-name><last-name>Beatty</last-name>, </author>, <article-title>"Cyclic Steaming in Heavy Oil Diatomite", paper presented at the Western Regional Meeting, Bakersfield, CA, U.S.A.</article-title>, 8$piamp$$#x2013;10 March <pubDate>1995</pubDate>, SPE 29623-MS.</bib>
</linkTarget>

<linkTarget id="link-13" type="bib">
  <bib id="BIB7">
    <author>
      <first-name>J. K.</first-name>
      <last-name>Dietrich</last-name>
    </author> and <author><first-name>J. D.</first-name><last-name>Scott</last-name></author>, <article-title>"Modeling Thermally Induced Compaction in Diatomite," </article-title> <i><journal-title>SPE Journal </journal-title></i>,  <pubDate>March 2007</pubDate>, pp <pages><first-page>130</first-page><last-page>144</last-page></pages>.</bib>
</linkTarget>

<linkTarget id="link-14" type="bib">
  <bib id="BIB8">
    <author>
      <first-name>B. R.</first-name>
      <last-name>Crawford</last-name>
    </author>, <author><first-name>K. H.</first-name><last-name>Rearles</last-name></author>, <author><first-name>S-Y.</first-name><last-name>Hsu</last-name></author>, <author><first-name>W. L.</first-name><last-name>Reese</last-name></author>, <author><first-name>A. H.</first-name><last-name>Urdaneta</last-name></author>, <author><first-name>B. D.</first-name><last-name>Carnahan</last-name></author>, <article-title>Martin </article-title>, <journal-title>J.W., "Plastic Compaction in Diatomite: In Situ Stress versus Temperature Effects," presented at Golden Rocks 2006, The 41st U.S. Symposium on Rock Mechanics (USRMS), Golden, Colorado, June </journal-title> <pages><first-page>17</first-page><last-page>21</last-page></pages>, <pubDate>2006</pubDate>.</bib>
</linkTarget>

<linkTarget id="link-15" type="bib">
  <bib id="BIB9">
    <author>
      <first-name>Colin F.</first-name>
      <last-name>Williams</last-name>
    </author>, <author><first-name>S. Peter Jr.</first-name><last-name>Galanis</last-name></author>, <author><first-name>Frederick V.</first-name><last-name>Grubb</last-name></author>, and <author><first-name>Thomas H. Jr</first-name><last-name>Moses</last-name></author>., "Thermal Regime of Santa Maria Province, California," <i>U.S.Geological Bulletin 1995, Chapter F, Evolution of Sedimentary Basins/Onshore Oil and Gas Investigations - Santa Maria Province</i>, United States Government Printing Office, Washington: <pubDate>1994</pubDate>, pp <pages><first-page>F9</first-page><last-page>F11</last-page></pages>.</bib>
</linkTarget>

<linkTarget id="link-16" type="bib">
  <bib id="BIB10">
    <author>
      <first-name>C.</first-name>
      <last-name>Beal</last-name>
    </author>, <article-title>" The Viscosity of Air, Water, Natural Gas, Crude Oil and Its Associated Gases at Oil Field Temperatures and Pressures ," </article-title><i /> SPE Reprint Series No. <volume>3</volume>, Richardson, Texas, <pubDate>1970</pubDate>.</bib>
</linkTarget>



**************************************************
