
BPR DEVELOPMENT TEAM
Project : GeoFacets-Project A
Version : v1.0.7
**************************************************


File Name: E:\Bavi\XML Table\Batch_38\22-03-2021\102118177099MS\102118177099MS\Image\main_102118177099MS_img.xml


Uncited Reference

Image: 

<linkTarget id="link-11" type="bib">
<bib id="BIB1">
<author>
<first-name>P.</first-name>
<last-name>Horsrud</last-name>
</author> <pubDate>2001</pubDate>. <article-title>Estimating mechanical properties of shale from empirical correlations</article-title>. <journal-title><i>Society of Petroleum Engineers. SPE &amp;#x2013; 56017</i></journal-title>.</bib>
</linkTarget>

<linkTarget id="link-14" type="bib">
<bib id="BIB4">
<author>
<first-name>J.</first-name>
<last-name>Hayden</last-name>
</author>, and <author><first-name>D.</first-name><last-name>Pussel</last-name></author>, <pubDate>2005</pubDate>. <article-title>The Barnett shale</article-title>, visitors guide to the hottest gas play in the USA: Pickering Energy Partners Inc.</bib>
</linkTarget>

<linkTarget id="link-15" type="bib">
<bib id="BIB5">
<author>
<first-name>H</first-name>
<last-name>Sone</last-name>
</author> and <author><first-name>M. D.</first-name><last-name>Zoback</last-name></author>. <pubDate>2013</pubDate>. <article-title>Mechanical properties of shale-gas reservoir rocks - Part 2: Ductile creep, brittle strength, and their relation to the elastic modulus</article-title>, <journal-title><i>Geophysics</i></journal-title>, v. <volume>78</volume>, no. <issue>5</issue>, <pages><first-page>D393</first-page><last-page>D402</last-page></pages>.</bib>
</linkTarget>



**************************************************
