
BPR DEVELOPMENT TEAM
Project : GeoFacets-Project A
Version : v1.0.7
**************************************************


File Name: E:\Bavi\XML Table\Batch_38\29-03-2021\102118189779MS\102118189779MS\Image\main_102118189779MS_img.xml


Uncited Reference

Image: 

<linkTarget id="link-16" type="bib">
<bib id="BIB2">
<author>
<first-name>M.</first-name>
<last-name>Mitariten</last-name>
</author> <pubDate>2009</pubDate> (updated). <article-title>Economic N2 Removal</article-title>. <journal-title><i>Hydrocarbon Engineering Magazine</i></journal-title>. July 2004.</bib>
</linkTarget>

<linkTarget id="link-17" type="bib">
<bib id="BIB3">
<author>
<first-name>M.</first-name>
<last-name>Godec</last-name>
</author> <pubDate>2014</pubDate>. <article-title>Carbon Dioxide Enhanced Oil Recovery</article-title>. <journal-title><i>American Oil &amp;#x0026; Gas Reporter</i></journal-title>. February 2014.</bib>
</linkTarget>

<linkTarget id="link-18" type="bib">
<bib id="BIB4">
<author>
<first-name></first-name>
<last-name></last-name>
</author>EPAC. <pubDate>2015</pubDate>. <journal-title><i>2015 Alberta Royalty Review Enhanced Oil Recovery Discussion Paper</i></journal-title>, Explorers and Producers Association of Canada, Alberta (November 16, 2015).</bib>
</linkTarget>

<linkTarget id="link-19" type="bib">
<bib id="BIB5">
<author>
<first-name>K.</first-name>
<last-name>Joslin</last-name>
</author>, <author><first-name>S. G.</first-name><last-name>Ghedan</last-name></author>, <author><first-name>A. M.</first-name><last-name>Abraham</last-name></author>, <author><first-name>V.</first-name><last-name>Pathak</last-name></author> <pubDate>2017</pubDate>. <article-title>EOR in Tight Reservoirs, Technical and Economical Feasibility. Presented at SPE Unconventional Resources Conference in Calgary, Alberta, Canada, 15-16 February</article-title>. SPE-185037-MS. https://doi.org/10.2118/185037-MS</bib>
</linkTarget>



**************************************************
