
BPR DEVELOPMENT TEAM
Project : GeoFacets-Project A
Version : v1.0.7
**************************************************


File Name: E:\maha\table\23-3-21\26-3-21\102118187296MS\102118187296MS\Image\main_102118187296MS_img.xml


Uncited Reference

Image: 

<linkTarget id="link-8" type="bib">
<bib id="BIB1">
<last-name>Reesman</last-name>
<author>
<first-name>A. L.</first-name>
<last-name>Reesman</last-name>
</author>, <last-name>Keller</last-name>, <author><first-name>W. D.</first-name><last-name>Keller</last-name></author> <pubDate>1968</pubDate>. <article-title>Aqueous solubility studies of high-alumina and clay mineral </article-title> <journal-title>Am. <i>Mineral</i> </journal-title>. <volume>35</volume>, <pages><first-page>929</first-page><last-page>941</last-page></pages>.</bib>
</linkTarget>

<linkTarget id="link-9" type="bib">
<bib id="BIB2">
<last-name>Reesman</last-name>
<author>
<first-name>A. L.</first-name>
<last-name>Reesman</last-name>
</author> <pubDate>1973</pubDate>. <article-title>Icicles: a guide to the quality and movement of groundwater. <i>Amercian Geological Society</i> </article-title>. <journal-title>Abstracts </journal-title>, <volume>5</volume> <issue>(7)</issue>, <pages><first-page>777</first-page></pages>.</bib>
</linkTarget>

<linkTarget id="link-10" type="bib">
<bib id="BIB3">
<last-name>Casey</last-name>
<author>
<first-name>W.</first-name>
<last-name>Casey</last-name>
</author>, <last-name>Westrich</last-name>, <author><first-name>H.</first-name><last-name>Westrich</last-name></author>, and <last-name>Holdren</last-name>, <author><first-name>G.</first-name><last-name>Holdren</last-name></author> <pubDate>1991</pubDate>. <article-title>Dissolution rates of plagioclase at pH=2 and 3 </article-title>. <i><journal-title>American Mineralogist </journal-title></i><i> </i><volume>76</volume>: <pages><first-page>211</first-page><last-page>217</last-page></pages></bib>
</linkTarget>

<linkTarget id="link-11" type="bib">
<bib id="BIB4">
<last-name>Wilkin</last-name>
<author>
<first-name>R.</first-name>
<last-name>Wilkin</last-name>
</author>, and <last-name>Barnes</last-name>, <author><first-name>H.</first-name><last-name>Barnes</last-name></author> <pubDate>1998</pubDate>. <article-title>Solubility and stability of zeolites in aqueous solution: I. Analcime, Na-, and Kclinoptiloite </article-title>. <i><journal-title>American Mineralogist </journal-title></i><i> </i><volume>83</volume> <issue>(1)</issue>: <pages><first-page>746</first-page><last-page>761</last-page></pages>.</bib>
</linkTarget>

<linkTarget id="link-12" type="bib">
<bib id="BIB5">
<last-name>Ali</last-name>
<author>
<first-name>M.</first-name>
<last-name>Ali</last-name>
</author>, <last-name>Hascakir</last-name>, <author><first-name>B.</first-name><last-name>Hascakir</last-name></author>, <pubDate>2017</pubDate>. <article-title>Water-Rock Interaction for Eagle Ford, Marcellus, Green River, and Barnett Shale Samples and Implications for Hydraulic Fracturing Fluid Engineering, <i>SPE Journal</i>, 22, 01, 162-171 </article-title>, SPE-177304-PA. https:// doi.org/10.2118/177304-PA</bib>
</linkTarget>



**************************************************
