
BPR DEVELOPMENT TEAM
Project : GeoFacets-Project A
Version : v1.0.7
**************************************************


File Name: E:\Dinesh08\XML_Table\Table\Batch-38\22-3-2021\102118185557MS\102118185557MS\Image\main_102118185557MS_img.xml


Uncited Reference

Image: 

<linkTarget id="link-25" type="bib">
<bib id="BIB4">
<author>
<first-name>B. A.</first-name>
<last-name>Eaton</last-name></author> <pubDate>(1975)</pubDate>. <article-title><i>The Equation for Geopressure Prediction from Well Logs</i>. Society of Petroleum Engineers.</article-title> http://doi:10.2118/5544-MS.</bib>
</linkTarget>

<linkTarget id="link-26" type="bib">
<bib id="BIB5">
<author>
<first-name>B. A.</first-name>
<last-name>Eaton</last-name></author> <pubDate>(1975)</pubDate>. <article-title><i>The Equation for Geopressure Prediction from Well Logs</i>. Society of Petroleum Engineers.</article-title> http://doi:10.2118/5544-MS.</bib>
</linkTarget>



**************************************************
