
BPR DEVELOPMENT TEAM
Project : GeoFacets-Project A
Version : v1.0.7
**************************************************


File Name: G:\Shaikha\TABLE\BATCH 38\PDF\18-3-2021\102118179150MS\102118179150MS\Image\main_102118179150MS_img.xml


Uncited Reference

Image: 

<linkTarget id="link-24" type="bib">
<bib id="BIB2">
<last-name>Warpinski</last-name>
<author>
<first-name>N. R.</first-name>
<last-name>Warpinski</last-name>
</author>, <last-name>Lorenz</last-name>, <author><first-name>J. C.</first-name><last-name>Lorenz</last-name></author>, <last-name>Branagan</last-name>, <author><first-name>P. T.</first-name><last-name>Branagan</last-name></author> et al. <pubDate>1993</pubDate>. <article-title>Examination of a Cored Hydraulic Fracture in a Deep Gas Well </article-title>. <journal-title>SPE Prod &amp;#x0026; Fac </journal-title> <volume>8</volume> <issue>(3)</issue>: <pages><first-page>150</first-page><last-page>164</last-page></pages>. http://dx.doi.org/10.2118/22876-PA.</bib>
</linkTarget>

<linkTarget id="link-27" type="bib">
<bib id="BIB5">
<author>
<first-name> P. T</first-name>
<last-name>Branagan</last-name></author>.,<author><first-name> R. E.</first-name><last-name> Peterson</last-name></author>,<author><first-name> N. R</first-name><last-name> Warpinski</last-name></author>. et al. <pubDate>1996b.</pubDate> <article-title>Characterization of a Remotely Intersected Set of Hydraulic Fractures: Results of Intersection Well No. 1-B, GRI/DOE Multi-Site Project</article-title>. <journal-title>Presented at the SPE Annual Technical Conference and Exhibition, Denver, Colorado, USA</journal-title>, 6&amp;#x2013;9 October. SPE-36452-MS. http://dx.doi.org/10.2118/36452- MS.</bib>
</linkTarget>

<linkTarget id="link-31" type="bib">
<bib id="BIB9">
<last-name>Wolhart</last-name>
<author>
<first-name>S. L.</first-name>
<last-name>Wolhart</last-name>
</author>, <last-name>Harting</last-name>, <author><first-name>T. A.</first-name><last-name>Harting</last-name></author>, <last-name>Dahlem</last-name>, <author><first-name>J. E.</first-name><last-name>Dahlem</last-name></author> et al. <pubDate>2006</pubDate>. <article-title>Hydraulic Fracture Diagnostics Used To Optimize Development in the Jonah Field. Presented at the SPE Annual Technical Conference and Exhibition, San Antonio, Texas, USA, 24&amp;#x2013;27 September </article-title>. SPE-102528-MS. http://dx.doi.org/10.2118/102528-MS</bib>
</linkTarget>

<linkTarget id="link-33" type="bib">
<bib id="BIB11">
<last-name>Malone</last-name>
<author>
<first-name>S.</first-name>
<last-name>Malone</last-name>
</author>, <last-name>Turner</last-name>, <author><first-name>M</first-name><last-name>Turner</last-name></author>, <last-name>Mayerhofer</last-name>, <author><first-name>M.</first-name><last-name>Mayerhofer</last-name></author> et al. <pubDate>2009</pubDate>. <article-title>Development of a Calibrated Fracture-Growth Model and Automated Staging Routine for the Jonah Field. Presented at the SPE Rocky Mountain Petroleum Technology Conference, Denver, Colorado, USA, 14&amp;#x2013;16 April </article-title>. SPE 116304-MS. http://dx.doi.org/10.2118/116304-MS.</bib>
</linkTarget>



**************************************************
