
BPR DEVELOPMENT TEAM
Project : GeoFacets-Project A
Version : v1.0.7
**************************************************


File Name: E:\Dinesh08\XML_Table\Table\Batch-38\27-3-2021\Process\102118191248MS\102118191248MS\Table\main_102118191248MS_tbl.xml


Uncited Reference

Table: 

<linkTarget id="link-26" type="bib">
  <bib id="BIB1">
    <author>
      <first-name>L.</first-name>
      <last-name>Consentino</last-name>
    </author> <pubDate>2001</pubDate>, <i>The Integrated Database, In Integrated Reservoir Studies</i>, First edition, Chap. 2, <pages><first-page>20</first-page></pages>, Paris France: Editions TECHNIP.</bib>
</linkTarget>

<linkTarget id="link-27" type="bib">
  <bib id="BIB2">
    <author>
      <first-name>M.</first-name>
      <last-name>Economides</last-name>
    </author>, <author><first-name>K.</first-name><last-name>Nolte</last-name></author>, <pubDate>2000</pubDate>, <i>Reservoir Stimulation in Petroleum Production, In Reservoir Stimulation</i>, Third edition, Chap. 1, <pages><first-page>25</first-page></pages>, West Sussex, England: John Wiley $piamp$$ Sons.</bib>
</linkTarget>

<linkTarget id="link-28" type="bib">
  <bib id="BIB3">
    <author>
      <first-name>M.</first-name>
      <last-name>Kamal</last-name>
    </author>, <pubDate>2009</pubDate>, <i>Transient Well Testing</i>, First edition, <pages><first-page>53</first-page><last-page>67</last-page></pages>, Richardson, Texas: Monograph Series, SPE.</bib>
</linkTarget>



**************************************************
