
BPR DEVELOPMENT TEAM
Project : GeoFacets-Project A
Version : v1.0.7
**************************************************


File Name: G:\Shaikha\TABLE\BATCH 38\PDF\20-3-2021\102118177380MS\102118177380MS\Table\main_102118177380MS_tbl.xml


Uncited Reference

Table: 

<linkTarget id="link-17" type="bib">
  <bib id="BIB1">
    <author>
      <first-name>T. K.</first-name>
      <last-name>Al-Ameri</last-name>
    </author>, <author><first-name>A. J.</first-name><last-name>Al-Khafaji</last-name></author>, and <author><first-name>J.</first-name><last-name>Zumberge</last-name></author> <pubDate>(2009)</pubDate>. <article-title>Petroleum system analysis of the Mishrif reservoir in the Ratawi, Zubair, North and South Rumaila oil fields, southern Iraq. GeoArabia</article-title> <pages><first-page>91</first-page><last-page>108</last-page></pages>.</bib>
</linkTarget>

<linkTarget id="link-18" type="bib">
  <bib id="BIB2">
    <author>
      <first-name>J. A.</first-name>
      <last-name>Hoeting</last-name>
    </author>, <author><first-name>D.</first-name><last-name>Madigan</last-name></author>, <author><first-name>A. E.</first-name><last-name>Raftery</last-name></author>, $piamp$$ <author><first-name>C. T.</first-name><last-name>Volinsky</last-name></author> <pubDate>(1999)</pubDate>. <article-title>Bayesian model averaging: A tutorial </article-title>. <journal-title>Statistical Science </journal-title> <volume>14</volume><issue>(4)</issue>, <pages><first-page>382</first-page><last-page>401</last-page></pages>.</bib>
</linkTarget>



**************************************************
