
BPR DEVELOPMENT TEAM
Project : GeoFacets-Project A
Version : v1.0.7
**************************************************


File Name: E:\maha\table\23-3-21\27-3-21\102118190860MS\102118190860MS\Table\main_102118190860MS_tbl.xml


Uncited Reference

Table: 

<linkTarget id="link-39" type="bib">
  <bib id="BIB1">
    <last-name>Engle</last-name>
    <author>
      <first-name>M.</first-name>
      <last-name>Engle</last-name>
    </author>, <last-name>Reyes</last-name>, <author><first-name>F.</first-name><last-name>Reyes</last-name>, </author>, <last-name>Varonka</last-name>, <author><first-name>M.</first-name><last-name>Varonka</last-name>, </author> et al. <pubDate>2016</pubDate>. <article-title>Geochemistry of Formation Waters from the Wolfcamp and "Cline" Shales: Insights into Brine Origin, Reservoir Connectivity, and Fluid Flow in the Permian Basin, USA </article-title>. <journal-title>Chemical Geology </journal-title> <volume>425</volume>: <pages><first-page>76</first-page><last-page>92</last-page></pages>. https://doi.org/10.1016Zj.chemgeo.2016.01.025.</bib>
</linkTarget>

<linkTarget id="link-40" type="bib">
  <bib id="BIB2">
    <last-name>Matchus</last-name>
    <author>
      <first-name>E. J.</first-name>
      <last-name>Matchus</last-name>
    </author> and <last-name>Jones</last-name>, <author><first-name>T. S.</first-name><last-name>Jones</last-name>, </author> <pubDate>1984</pubDate>. <article-title>East - West Cross Section Through Permian Basin of West Texas </article-title>. West Texas Geological Society.</bib>
</linkTarget>

<linkTarget id="link-41" type="bib">
  <bib id="BIB3">
    <last-name>Lane</last-name>, <author><first-name>W.</first-name><last-name>Lane</last-name>, </author> and <last-name>Chokshi</last-name>, <author><first-name>R.</first-name><last-name>Chokshi</last-name>, </author> <pubDate>2014</pubDate>. <article-title>Considerations for Optimizing Artificial Lift in Unconventionals. Presented at the Unconventional Resources Technology Conference, Denver, Colorado, 25-27 August </article-title>. URTEC- 1921823-MS. https://doi.org/10.15530/URTEC-2014-1921823.</bib>
</linkTarget>

<linkTarget id="link-42" type="bib">
  <bib id="BIB4">
    <last-name>Sutton</last-name>, <author><first-name>R.</first-name><last-name>Sutton</last-name>, </author> <pubDate>2013</pubDate>. <article-title>Wellbore Geometry Effects on Well Production Performance. Presented at the SPE Liquids Rich Shale Conference, Rancho Palos Verdes, California, USA </article-title>, May.</bib>
</linkTarget>



**************************************************
