
BPR DEVELOPMENT TEAM
Project : GeoFacets-Project A
Version : v1.0.7
**************************************************


File Name: G:\SATHYA\xml-table\BATCH-38\29.3.2021\102118191838MS\102118191838MS\Image\main_102118191838MS_img.xml


Uncited Reference

Image: 

<linkTarget id="link-33" type="bib">
<bib id="BIB3">
<author>
<first-name>R. F.</first-name>
<last-name>Dom&amp;#x00ED;nguez</last-name>
</author>, <author><first-name>I.</first-name><last-name>Lanusse Noguera</last-name></author>, <author><first-name>J.</first-name><last-name>Continanzia</last-name></author>, et al. <pubDate>2016</pubDate>. <article-title>Organic-rich Stratigraphic Units in the Vaca Muerta Formation, and Their Distribution and Characterization in the Neuqu&amp;#x00E9;n Basin (Argentina). Unconventional Resources Technology Conference. Paper URTeC 2456851 presented at the SPE/AAPG/SEG Unconventional Resources Technology Conference, San Antonio, Texas, USA </article-title>, 1&amp;#x2013;3 August.</bib>
</linkTarget>

<linkTarget id="link-36" type="bib">
<bib id="BIB6">
<author>
<first-name>G.</first-name>
<last-name>Gonz&amp;#x00E1;lez</last-name>
</author>, <author><first-name>D.</first-name><last-name>Vallejo</last-name></author>, <author><first-name>P.</first-name><last-name>Desjardins</last-name></author>, et al. <pubDate>2016</pubDate>. <article-title>Transecta Regional de la Formaci&amp;#x00F3;n Vaca Muerta&amp;#x2013;Integraci&amp;#x00F3;n de s&amp;#x00ED;smica, registros de pozos, coronas y afloramientos. <i>Special Publication from Instituto Argentino de Petr&amp;#x00F3;leo y el Gas (IAPG)</i>: 252 p </article-title>. Buenos Aires.</bib>
</linkTarget>



**************************************************
